INFO - 2025-07-16 20:11:09 --> Session: Class initialized using 'CodeIgniter\Session\Handlers\FileHandler' driver.
INFO - 2025-07-16 20:11:09 --> Historial de transacciones: [
    {
        "name": "ANA",
        "last_name": "L\u00d3PEZ",
        "email": "marvin.santos@soy.sena.edu.co",
        "phone": "3132311084",
        "amount": "99999999.99",
        "transaction_type": "loan",
        "transaction_date": "2025-07-14 03:05:00"
    }
]
INFO - 2025-07-16 21:24:14 --> Session: Class initialized using 'CodeIgniter\Session\Handlers\FileHandler' driver.
INFO - 2025-07-16 21:24:14 --> Session: Class initialized using 'CodeIgniter\Session\Handlers\FileHandler' driver.
INFO - 2025-07-16 21:24:23 --> Session: Class initialized using 'CodeIgniter\Session\Handlers\FileHandler' driver.
INFO - 2025-07-16 21:24:23 --> Datos recogidos de LA BASE DE DATOS: {"users":[{"agreement":"","number":"0","letter":"","date_from":"0000-00-00","date_to":"0000-00-00","policy":"","approved_by":"","approved_date":"0000-00-00","id_user":"2","name":"ANA","last_name":"L\u00d3PEZ","identification":"987654321","email":"marvin.santos@soy.sena.edu.co","phone":"3132311084","address":"KDX 286-300 AV CIRCUNVALAR\r\nBARRIO FUNDADORES","trust":"ADF","email_del_trust":"marvin.santos@soy.sena.edu.co","telephone_del_trust":"3132311084","profile_image":null,"bank":"","swift":"","aba":"","iban":"","account":"","password_hash":"$2y$10$xdHFXhYoOaUbqjip72qvj.3489G7unuXyD7gHL\/XTwcUsDTFyMj6G","date_registration":"2025-07-10 23:24:08","login_attempts":"0","last_login_attempt":null,"status":"active","role_id":"2","balance":"99999999.99","principal":"5000.00","rate":"3.50","compoundingPeriods":"2","time":"6","role_name":"CLIENT"}],"roles":[{"role_name":"ADMIN","role_description":"ADMINISTRADOR CON ACCESO COMPLETO","created_at":"2025-07-10 23:24:08","id_role":"1"},{"role_name":"CLIENT","role_description":"USUARIO CON PERMISOS DE EDICI\u00d3N","created_at":"2025-07-10 23:24:08","id_role":"2"}]}
INFO - 2025-07-16 21:24:35 --> Session: Class initialized using 'CodeIgniter\Session\Handlers\FileHandler' driver.
INFO - 2025-07-16 21:24:35 --> Iniciando el método getUserById() con ID: 2
INFO - 2025-07-16 21:24:35 --> Usuario encontrado: {"agreement":"","number":"0","letter":"","date_from":"0000-00-00","date_to":"0000-00-00","policy":"","approved_by":"","approved_date":"0000-00-00","name":"ANA","last_name":"L\u00d3PEZ","identification":"987654321","email":"marvin.santos@soy.sena.edu.co","phone":"3132311084","address":"KDX 286-300 AV CIRCUNVALAR\r\nBARRIO FUNDADORES","trust":"ADF","email_del_trust":"marvin.santos@soy.sena.edu.co","telephone_del_trust":"3132311084","profile_image":null,"bank":"","swift":"","aba":"","iban":"","account":"","password_hash":"$2y$10$xdHFXhYoOaUbqjip72qvj.3489G7unuXyD7gHL\/XTwcUsDTFyMj6G","date_registration":"2025-07-10 23:24:08","login_attempts":"0","last_login_attempt":null,"status":"active","role_id":"2","reset_token":null,"reset_token_expiration":null,"balance":"99999999.99","principal":"5000.00","rate":"3.50","compoundingPeriods":"2","time":"6","id_user":"2"}
INFO - 2025-07-16 21:24:45 --> Session: Class initialized using 'CodeIgniter\Session\Handlers\FileHandler' driver.
INFO - 2025-07-16 21:24:46 --> Datos recogidos de LA BASE DE DATOS: {"users":[{"agreement":"","number":"0","letter":"","date_from":"0000-00-00","date_to":"0000-00-00","policy":"","approved_by":"","approved_date":"0000-00-00","id_user":"2","name":"ANA","last_name":"L\u00d3PEZ","identification":"987654321","email":"marvin.santos@soy.sena.edu.co","phone":"3132311084","address":"KDX 286-300 AV CIRCUNVALAR\r\nBARRIO FUNDADORES","trust":"ADF","email_del_trust":"marvin.santos@soy.sena.edu.co","telephone_del_trust":"3132311084","profile_image":null,"bank":"","swift":"","aba":"","iban":"","account":"","password_hash":"$2y$10$xdHFXhYoOaUbqjip72qvj.3489G7unuXyD7gHL\/XTwcUsDTFyMj6G","date_registration":"2025-07-10 23:24:08","login_attempts":"0","last_login_attempt":null,"status":"active","role_id":"2","balance":"99999999.99","principal":"5000.00","rate":"3.50","compoundingPeriods":"2","time":"6","role_name":"CLIENT"}],"roles":[{"role_name":"ADMIN","role_description":"ADMINISTRADOR CON ACCESO COMPLETO","created_at":"2025-07-10 23:24:08","id_role":"1"},{"role_name":"CLIENT","role_description":"USUARIO CON PERMISOS DE EDICI\u00d3N","created_at":"2025-07-10 23:24:08","id_role":"2"}]}
INFO - 2025-07-16 21:24:50 --> Session: Class initialized using 'CodeIgniter\Session\Handlers\FileHandler' driver.
INFO - 2025-07-16 21:24:54 --> Session: Class initialized using 'CodeIgniter\Session\Handlers\FileHandler' driver.
INFO - 2025-07-16 21:24:54 --> Iniciando búsqueda de usuario...
INFO - 2025-07-16 21:24:54 --> Identificación recibida: 987654321
INFO - 2025-07-16 21:24:54 --> Usuario encontrado: {"agreement":"","number":"0","letter":"","date_from":"0000-00-00","date_to":"0000-00-00","policy":"","approved_by":"","approved_date":"0000-00-00","name":"ANA","last_name":"L\u00d3PEZ","identification":"987654321","email":"marvin.santos@soy.sena.edu.co","phone":"3132311084","address":"KDX 286-300 AV CIRCUNVALAR\r\nBARRIO FUNDADORES","trust":"ADF","email_del_trust":"marvin.santos@soy.sena.edu.co","telephone_del_trust":"3132311084","profile_image":null,"bank":"","swift":"","aba":"","iban":"","account":"","password_hash":"$2y$10$xdHFXhYoOaUbqjip72qvj.3489G7unuXyD7gHL\/XTwcUsDTFyMj6G","date_registration":"2025-07-10 23:24:08","login_attempts":"0","last_login_attempt":null,"status":"active","role_id":"2","reset_token":null,"reset_token_expiration":null,"balance":"99999999.99","principal":"5000.00","rate":"3.50","compoundingPeriods":"2","time":"6","id_user":"2"}
INFO - 2025-07-16 21:38:06 --> Session: Class initialized using 'CodeIgniter\Session\Handlers\FileHandler' driver.
INFO - 2025-07-16 22:59:36 --> Session: Class initialized using 'CodeIgniter\Session\Handlers\FileHandler' driver.
INFO - 2025-07-16 22:59:40 --> Session: Class initialized using 'CodeIgniter\Session\Handlers\FileHandler' driver.
