INFO - 2025-08-11 02:59:05 --> Session: Class initialized using 'CodeIgniter\Session\Handlers\FileHandler' driver.
INFO - 2025-08-11 02:59:05 --> Usuario autenticado con role_id: 
INFO - 2025-08-11 02:59:15 --> Session: Class initialized using 'CodeIgniter\Session\Handlers\FileHandler' driver.
INFO - 2025-08-11 02:59:18 --> Session: Class initialized using 'CodeIgniter\Session\Handlers\FileHandler' driver.
INFO - 2025-08-11 02:59:18 --> Usuario autenticado con role_id: 
INFO - 2025-08-11 02:59:20 --> El método authenticate fue llamado
INFO - 2025-08-11 02:59:20 --> Session: Class initialized using 'CodeIgniter\Session\Handlers\FileHandler' driver.
INFO - 2025-08-11 02:59:20 --> Usuario autenticado: Admin Principal
INFO - 2025-08-11 02:59:20 --> Session: Class initialized using 'CodeIgniter\Session\Handlers\FileHandler' driver.
INFO - 2025-08-11 02:59:47 --> Session: Class initialized using 'CodeIgniter\Session\Handlers\FileHandler' driver.
INFO - 2025-08-11 02:59:47 --> UserManagementModel: getUsers called with id: 
INFO - 2025-08-11 03:00:41 --> Session: Class initialized using 'CodeIgniter\Session\Handlers\FileHandler' driver.
INFO - 2025-08-11 03:00:41 --> UserManagementModel: getUsers called with id: 
INFO - 2025-08-11 03:01:57 --> Session: Class initialized using 'CodeIgniter\Session\Handlers\FileHandler' driver.
INFO - 2025-08-11 03:01:57 --> UserManagementModel: getUsers called with id: 
INFO - 2025-08-11 03:02:04 --> Session: Class initialized using 'CodeIgniter\Session\Handlers\FileHandler' driver.
INFO - 2025-08-11 03:04:08 --> Session: Class initialized using 'CodeIgniter\Session\Handlers\FileHandler' driver.
INFO - 2025-08-11 03:04:08 --> UserManagementModel: getUsers called with id: 
INFO - 2025-08-11 03:04:31 --> Session: Class initialized using 'CodeIgniter\Session\Handlers\FileHandler' driver.
INFO - 2025-08-11 03:04:39 --> Session: Class initialized using 'CodeIgniter\Session\Handlers\FileHandler' driver.
DEBUG - 2025-08-11 03:04:39 --> Entrando a addUser()
DEBUG - 2025-08-11 03:04:39 --> POST recibido: {"csrf_test_name":"8df2731c1df779b927ae8449ff3d4d5b","name":"MARVIN PEREZ","documento":"37317283","email":"marvin.santos@soy.sena.edu.co","telefono":"3132311084","direccion":"KDX 286-300 AV CIRCUNVALAR","genero":"MASCULINO","fecha_nacimiento":"2025-08-11","role_id":"2","jornada":"5","grado":"1","grupo":"1","fecha_matricula":"2025-08-11","status":"active"}
DEBUG - 2025-08-11 03:04:39 --> Datos para insertar usuario: {"name":"MARVIN PEREZ","documento":"37317283","email":"marvin.santos@soy.sena.edu.co","telefono":"3132311084","direccion":"KDX 286-300 AV CIRCUNVALAR","genero":"MASCULINO","fecha_nacimiento":"2025-08-11","role_id":"2","status":"active"}
DEBUG - 2025-08-11 03:04:39 --> Usuario insertado correctamente con ID: 3
DEBUG - 2025-08-11 03:04:39 --> Matrícula insertada correctamente para el usuario ID: 3
INFO - 2025-08-11 03:04:40 --> Session: Class initialized using 'CodeIgniter\Session\Handlers\FileHandler' driver.
INFO - 2025-08-11 03:04:40 --> UserManagementModel: getUsers called with id: 
INFO - 2025-08-11 03:05:00 --> Session: Class initialized using 'CodeIgniter\Session\Handlers\FileHandler' driver.
INFO - 2025-08-11 03:05:00 --> Iniciando el método getUserById() con ID: 3
INFO - 2025-08-11 03:05:00 --> Usuario encontrado: {"id":"3","name":"MARVIN PEREZ","documento":"37317283","email":"marvin.santos@soy.sena.edu.co","telefono":"3132311084","direccion":"KDX 286-300 AV CIRCUNVALAR","genero":"MASCULINO","fecha_nacimiento":"2025-08-11","estado":"activo","password":null,"role_id":"2","created_at":null,"updated_at":null}
INFO - 2025-08-11 03:27:52 --> Session: Class initialized using 'CodeIgniter\Session\Handlers\FileHandler' driver.
INFO - 2025-08-11 03:27:52 --> UserManagementModel: getUsers called with id: 
INFO - 2025-08-11 03:27:53 --> Session: Class initialized using 'CodeIgniter\Session\Handlers\FileHandler' driver.
INFO - 2025-08-11 03:29:13 --> Session: Class initialized using 'CodeIgniter\Session\Handlers\FileHandler' driver.
INFO - 2025-08-11 03:29:14 --> Session: Class initialized using 'CodeIgniter\Session\Handlers\FileHandler' driver.
INFO - 2025-08-11 03:29:14 --> Usuario autenticado con role_id: 
INFO - 2025-08-11 03:29:52 --> El método authenticate fue llamado
INFO - 2025-08-11 03:29:53 --> Session: Class initialized using 'CodeIgniter\Session\Handlers\FileHandler' driver.
INFO - 2025-08-11 03:29:53 --> Usuario autenticado: Laura Martínez
INFO - 2025-08-11 03:29:53 --> Session: Class initialized using 'CodeIgniter\Session\Handlers\FileHandler' driver.
INFO - 2025-08-11 03:29:53 --> Session: Class initialized using 'CodeIgniter\Session\Handlers\FileHandler' driver.
CRITICAL - 2025-08-11 03:29:53 --> ErrorException: foreach() argument must be of type array|object, false given
[Method: GET, Route: client/pqrs-sent]
in APPPATH\Views\system\pqrsclient\pqrsclient.php on line 21.
 1 APPPATH\Views\system\pqrsclient\pqrsclient.php(21): CodeIgniter\Debug\Exceptions->errorHandler(2, 'foreach() argument must be of type array|object, false given', 'C:\\laragon\\www\\SIARES\\app\\Views\\system\\pqrsclient\\pqrsclient.php', 21)
 2 SYSTEMPATH\View\View.php(234): include('C:\\laragon\\www\\SIARES\\app\\Views\\system\\pqrsclient\\pqrsclient.php')
 3 SYSTEMPATH\View\View.php(237): CodeIgniter\View\View->CodeIgniter\View\{closure}()
 4 SYSTEMPATH\Common.php(1171): CodeIgniter\View\View->render('system/pqrsclient/pqrsclient', [], true)
 5 APPPATH\Controllers\PqrsSentController.php(19): view('system/pqrsclient/pqrsclient', [...])
 6 SYSTEMPATH\CodeIgniter.php(933): App\Controllers\PqrsSentController->index()
 7 SYSTEMPATH\CodeIgniter.php(509): CodeIgniter\CodeIgniter->runController(Object(App\Controllers\PqrsSentController))
 8 SYSTEMPATH\CodeIgniter.php(355): CodeIgniter\CodeIgniter->handleRequest(null, Object(Config\Cache), false)
 9 SYSTEMPATH\Boot.php(325): CodeIgniter\CodeIgniter->run()
10 SYSTEMPATH\Boot.php(67): CodeIgniter\Boot::runCodeIgniter(Object(CodeIgniter\CodeIgniter))
11 FCPATH\index.php(56): CodeIgniter\Boot::bootWeb(Object(Config\Paths))
INFO - 2025-08-11 03:31:41 --> El método authenticate fue llamado
INFO - 2025-08-11 03:31:42 --> Session: Class initialized using 'CodeIgniter\Session\Handlers\FileHandler' driver.
INFO - 2025-08-11 03:31:42 --> Usuario autenticado: Laura Martínez
INFO - 2025-08-11 03:31:48 --> Session: Class initialized using 'CodeIgniter\Session\Handlers\FileHandler' driver.
INFO - 2025-08-11 03:31:48 --> Usuario autenticado con role_id: 2
INFO - 2025-08-11 03:31:51 --> Session: Class initialized using 'CodeIgniter\Session\Handlers\FileHandler' driver.
INFO - 2025-08-11 03:31:52 --> Session: Class initialized using 'CodeIgniter\Session\Handlers\FileHandler' driver.
INFO - 2025-08-11 03:31:52 --> Usuario autenticado con role_id: 2
INFO - 2025-08-11 03:31:53 --> Session: Class initialized using 'CodeIgniter\Session\Handlers\FileHandler' driver.
INFO - 2025-08-11 03:31:53 --> Session: Class initialized using 'CodeIgniter\Session\Handlers\FileHandler' driver.
INFO - 2025-08-11 03:32:18 --> Session: Class initialized using 'CodeIgniter\Session\Handlers\FileHandler' driver.
INFO - 2025-08-11 03:32:56 --> Session: Class initialized using 'CodeIgniter\Session\Handlers\FileHandler' driver.
INFO - 2025-08-11 03:32:56 --> Session: Class initialized using 'CodeIgniter\Session\Handlers\FileHandler' driver.
INFO - 2025-08-11 03:32:57 --> Session: Class initialized using 'CodeIgniter\Session\Handlers\FileHandler' driver.
CRITICAL - 2025-08-11 03:32:57 --> CodeIgniter\View\Exceptions\ViewException: Invalid file: "extras_management/extras_management.php"
[Method: GET, Route: estudiante/reporte-reciclaje]
in SYSTEMPATH\Exceptions\FrameworkException.php on line 41.
 1 SYSTEMPATH\View\View.php(222): CodeIgniter\Exceptions\FrameworkException::forInvalidFile('extras_management/extras_management.php')
 2 SYSTEMPATH\Common.php(1171): CodeIgniter\View\View->render('extras_management/extras_management', [], true)
 3 APPPATH\Controllers\HomeController.php(12): view('extras_management/extras_management')
 4 SYSTEMPATH\CodeIgniter.php(933): App\Controllers\HomeController->index()
 5 SYSTEMPATH\CodeIgniter.php(509): CodeIgniter\CodeIgniter->runController(Object(App\Controllers\HomeController))
 6 SYSTEMPATH\CodeIgniter.php(355): CodeIgniter\CodeIgniter->handleRequest(null, Object(Config\Cache), false)
 7 SYSTEMPATH\Boot.php(325): CodeIgniter\CodeIgniter->run()
 8 SYSTEMPATH\Boot.php(67): CodeIgniter\Boot::runCodeIgniter(Object(CodeIgniter\CodeIgniter))
 9 FCPATH\index.php(56): CodeIgniter\Boot::bootWeb(Object(Config\Paths))
INFO - 2025-08-11 03:33:04 --> Session: Class initialized using 'CodeIgniter\Session\Handlers\FileHandler' driver.
INFO - 2025-08-11 03:33:04 --> Session: Class initialized using 'CodeIgniter\Session\Handlers\FileHandler' driver.
INFO - 2025-08-11 03:33:04 --> Usuario autenticado con role_id: 
INFO - 2025-08-11 03:33:25 --> El método authenticate fue llamado
INFO - 2025-08-11 03:33:25 --> Session: Class initialized using 'CodeIgniter\Session\Handlers\FileHandler' driver.
INFO - 2025-08-11 03:33:25 --> Usuario autenticado: Laura Martínez
INFO - 2025-08-11 03:33:25 --> Session: Class initialized using 'CodeIgniter\Session\Handlers\FileHandler' driver.
CRITICAL - 2025-08-11 03:33:25 --> CodeIgniter\View\Exceptions\ViewException: Invalid file: "extras_management/extras_management.php"
[Method: GET, Route: estudiante/reporte-reciclaje]
in SYSTEMPATH\Exceptions\FrameworkException.php on line 41.
 1 SYSTEMPATH\View\View.php(222): CodeIgniter\Exceptions\FrameworkException::forInvalidFile('extras_management/extras_management.php')
 2 SYSTEMPATH\Common.php(1171): CodeIgniter\View\View->render('extras_management/extras_management', [], true)
 3 APPPATH\Controllers\HomeController.php(12): view('extras_management/extras_management')
 4 SYSTEMPATH\CodeIgniter.php(933): App\Controllers\HomeController->index()
 5 SYSTEMPATH\CodeIgniter.php(509): CodeIgniter\CodeIgniter->runController(Object(App\Controllers\HomeController))
 6 SYSTEMPATH\CodeIgniter.php(355): CodeIgniter\CodeIgniter->handleRequest(null, Object(Config\Cache), false)
 7 SYSTEMPATH\Boot.php(325): CodeIgniter\CodeIgniter->run()
 8 SYSTEMPATH\Boot.php(67): CodeIgniter\Boot::runCodeIgniter(Object(CodeIgniter\CodeIgniter))
 9 FCPATH\index.php(56): CodeIgniter\Boot::bootWeb(Object(Config\Paths))
INFO - 2025-08-11 03:37:30 --> Session: Class initialized using 'CodeIgniter\Session\Handlers\FileHandler' driver.
CRITICAL - 2025-08-11 03:37:30 --> CodeIgniter\View\Exceptions\ViewException: Invalid file: "extras_management/extras_management.php"
[Method: GET, Route: estudiante/reporte-reciclaje]
in SYSTEMPATH\Exceptions\FrameworkException.php on line 41.
 1 SYSTEMPATH\View\View.php(222): CodeIgniter\Exceptions\FrameworkException::forInvalidFile('extras_management/extras_management.php')
 2 SYSTEMPATH\Common.php(1171): CodeIgniter\View\View->render('extras_management/extras_management', [], true)
 3 APPPATH\Controllers\HomeController.php(12): view('extras_management/extras_management')
 4 SYSTEMPATH\CodeIgniter.php(933): App\Controllers\HomeController->index()
 5 SYSTEMPATH\CodeIgniter.php(509): CodeIgniter\CodeIgniter->runController(Object(App\Controllers\HomeController))
 6 SYSTEMPATH\CodeIgniter.php(355): CodeIgniter\CodeIgniter->handleRequest(null, Object(Config\Cache), false)
 7 SYSTEMPATH\Boot.php(325): CodeIgniter\CodeIgniter->run()
 8 SYSTEMPATH\Boot.php(67): CodeIgniter\Boot::runCodeIgniter(Object(CodeIgniter\CodeIgniter))
 9 FCPATH\index.php(56): CodeIgniter\Boot::bootWeb(Object(Config\Paths))
INFO - 2025-08-11 07:05:07 --> Session: Class initialized using 'CodeIgniter\Session\Handlers\FileHandler' driver.
INFO - 2025-08-11 07:05:07 --> Usuario autenticado con role_id: 
INFO - 2025-08-11 07:05:09 --> El método authenticate fue llamado
INFO - 2025-08-11 07:05:09 --> Session: Class initialized using 'CodeIgniter\Session\Handlers\FileHandler' driver.
INFO - 2025-08-11 07:05:09 --> Usuario autenticado: Admin Principal
INFO - 2025-08-11 07:05:10 --> Session: Class initialized using 'CodeIgniter\Session\Handlers\FileHandler' driver.
INFO - 2025-08-11 07:05:17 --> Session: Class initialized using 'CodeIgniter\Session\Handlers\FileHandler' driver.
INFO - 2025-08-11 07:05:17 --> Session: Class initialized using 'CodeIgniter\Session\Handlers\FileHandler' driver.
INFO - 2025-08-11 07:05:17 --> Usuario autenticado con role_id: 
INFO - 2025-08-11 07:05:31 --> El método authenticate fue llamado
INFO - 2025-08-11 07:05:31 --> Session: Class initialized using 'CodeIgniter\Session\Handlers\FileHandler' driver.
INFO - 2025-08-11 07:05:31 --> Usuario autenticado: Laura Martínez
INFO - 2025-08-11 07:05:31 --> Session: Class initialized using 'CodeIgniter\Session\Handlers\FileHandler' driver.
CRITICAL - 2025-08-11 07:05:31 --> CodeIgniter\View\Exceptions\ViewException: Invalid file: "extras_management/extras_management.php"
[Method: GET, Route: estudiante/reporte-reciclaje]
in SYSTEMPATH\Exceptions\FrameworkException.php on line 41.
 1 SYSTEMPATH\View\View.php(222): CodeIgniter\Exceptions\FrameworkException::forInvalidFile('extras_management/extras_management.php')
 2 SYSTEMPATH\Common.php(1171): CodeIgniter\View\View->render('extras_management/extras_management', [], true)
 3 APPPATH\Controllers\HomeController.php(12): view('extras_management/extras_management')
 4 SYSTEMPATH\CodeIgniter.php(933): App\Controllers\HomeController->index()
 5 SYSTEMPATH\CodeIgniter.php(509): CodeIgniter\CodeIgniter->runController(Object(App\Controllers\HomeController))
 6 SYSTEMPATH\CodeIgniter.php(355): CodeIgniter\CodeIgniter->handleRequest(null, Object(Config\Cache), false)
 7 SYSTEMPATH\Boot.php(325): CodeIgniter\CodeIgniter->run()
 8 SYSTEMPATH\Boot.php(67): CodeIgniter\Boot::runCodeIgniter(Object(CodeIgniter\CodeIgniter))
 9 FCPATH\index.php(56): CodeIgniter\Boot::bootWeb(Object(Config\Paths))
INFO - 2025-08-11 07:06:22 --> Session: Class initialized using 'CodeIgniter\Session\Handlers\FileHandler' driver.
INFO - 2025-08-11 07:07:18 --> Session: Class initialized using 'CodeIgniter\Session\Handlers\FileHandler' driver.
INFO - 2025-08-11 07:07:49 --> Session: Class initialized using 'CodeIgniter\Session\Handlers\FileHandler' driver.
INFO - 2025-08-11 07:09:06 --> Session: Class initialized using 'CodeIgniter\Session\Handlers\FileHandler' driver.
INFO - 2025-08-11 07:10:06 --> Session: Class initialized using 'CodeIgniter\Session\Handlers\FileHandler' driver.
INFO - 2025-08-11 07:11:04 --> Session: Class initialized using 'CodeIgniter\Session\Handlers\FileHandler' driver.
INFO - 2025-08-11 07:11:19 --> Session: Class initialized using 'CodeIgniter\Session\Handlers\FileHandler' driver.
INFO - 2025-08-11 07:11:52 --> Session: Class initialized using 'CodeIgniter\Session\Handlers\FileHandler' driver.
INFO - 2025-08-11 07:12:08 --> Session: Class initialized using 'CodeIgniter\Session\Handlers\FileHandler' driver.
INFO - 2025-08-11 07:12:10 --> Session: Class initialized using 'CodeIgniter\Session\Handlers\FileHandler' driver.
INFO - 2025-08-11 07:12:13 --> Session: Class initialized using 'CodeIgniter\Session\Handlers\FileHandler' driver.
INFO - 2025-08-11 07:12:21 --> Session: Class initialized using 'CodeIgniter\Session\Handlers\FileHandler' driver.
INFO - 2025-08-11 07:12:21 --> Session: Class initialized using 'CodeIgniter\Session\Handlers\FileHandler' driver.
INFO - 2025-08-11 07:12:21 --> Usuario autenticado con role_id: 
INFO - 2025-08-11 07:12:37 --> El método authenticate fue llamado
INFO - 2025-08-11 07:12:37 --> Session: Class initialized using 'CodeIgniter\Session\Handlers\FileHandler' driver.
INFO - 2025-08-11 07:12:37 --> Usuario autenticado: Laura Martínez
INFO - 2025-08-11 07:12:37 --> Session: Class initialized using 'CodeIgniter\Session\Handlers\FileHandler' driver.
INFO - 2025-08-11 07:12:44 --> Session: Class initialized using 'CodeIgniter\Session\Handlers\FileHandler' driver.
INFO - 2025-08-11 07:12:51 --> Session: Class initialized using 'CodeIgniter\Session\Handlers\FileHandler' driver.
INFO - 2025-08-11 07:13:12 --> Session: Class initialized using 'CodeIgniter\Session\Handlers\FileHandler' driver.
INFO - 2025-08-11 07:13:20 --> Session: Class initialized using 'CodeIgniter\Session\Handlers\FileHandler' driver.
INFO - 2025-08-11 07:13:20 --> Session: Class initialized using 'CodeIgniter\Session\Handlers\FileHandler' driver.
INFO - 2025-08-11 07:13:20 --> Usuario autenticado con role_id: 
INFO - 2025-08-11 07:13:23 --> El método authenticate fue llamado
INFO - 2025-08-11 07:13:23 --> Session: Class initialized using 'CodeIgniter\Session\Handlers\FileHandler' driver.
INFO - 2025-08-11 07:13:23 --> Usuario autenticado: Admin Principal
INFO - 2025-08-11 07:13:23 --> Session: Class initialized using 'CodeIgniter\Session\Handlers\FileHandler' driver.
INFO - 2025-08-11 07:13:30 --> Session: Class initialized using 'CodeIgniter\Session\Handlers\FileHandler' driver.
INFO - 2025-08-11 07:13:30 --> Session: Class initialized using 'CodeIgniter\Session\Handlers\FileHandler' driver.
INFO - 2025-08-11 07:13:30 --> Usuario autenticado con role_id: 
INFO - 2025-08-11 07:13:33 --> El método authenticate fue llamado
INFO - 2025-08-11 07:13:33 --> Session: Class initialized using 'CodeIgniter\Session\Handlers\FileHandler' driver.
INFO - 2025-08-11 07:13:33 --> Usuario autenticado: Admin Principal
INFO - 2025-08-11 07:13:33 --> Session: Class initialized using 'CodeIgniter\Session\Handlers\FileHandler' driver.
INFO - 2025-08-11 07:13:40 --> Session: Class initialized using 'CodeIgniter\Session\Handlers\FileHandler' driver.
INFO - 2025-08-11 07:13:40 --> Session: Class initialized using 'CodeIgniter\Session\Handlers\FileHandler' driver.
INFO - 2025-08-11 07:13:40 --> Usuario autenticado con role_id: 
INFO - 2025-08-11 07:13:55 --> El método authenticate fue llamado
INFO - 2025-08-11 07:13:55 --> Session: Class initialized using 'CodeIgniter\Session\Handlers\FileHandler' driver.
INFO - 2025-08-11 07:13:55 --> Usuario autenticado: Laura Martínez
INFO - 2025-08-11 07:13:56 --> Session: Class initialized using 'CodeIgniter\Session\Handlers\FileHandler' driver.
INFO - 2025-08-11 07:14:17 --> Session: Class initialized using 'CodeIgniter\Session\Handlers\FileHandler' driver.
INFO - 2025-08-11 07:15:49 --> Session: Class initialized using 'CodeIgniter\Session\Handlers\FileHandler' driver.
INFO - 2025-08-11 07:16:28 --> Session: Class initialized using 'CodeIgniter\Session\Handlers\FileHandler' driver.
INFO - 2025-08-11 07:16:32 --> Session: Class initialized using 'CodeIgniter\Session\Handlers\FileHandler' driver.
INFO - 2025-08-11 07:16:32 --> Session: Class initialized using 'CodeIgniter\Session\Handlers\FileHandler' driver.
INFO - 2025-08-11 07:16:32 --> Usuario autenticado con role_id: 
INFO - 2025-08-11 07:16:37 --> El método authenticate fue llamado
INFO - 2025-08-11 07:16:37 --> Session: Class initialized using 'CodeIgniter\Session\Handlers\FileHandler' driver.
INFO - 2025-08-11 07:16:37 --> Usuario autenticado: Admin Principal
INFO - 2025-08-11 07:16:37 --> Session: Class initialized using 'CodeIgniter\Session\Handlers\FileHandler' driver.
INFO - 2025-08-11 07:16:42 --> Session: Class initialized using 'CodeIgniter\Session\Handlers\FileHandler' driver.
INFO - 2025-08-11 07:16:42 --> UserManagementModel: getUsers called with id: 
INFO - 2025-08-11 07:17:28 --> Session: Class initialized using 'CodeIgniter\Session\Handlers\FileHandler' driver.
INFO - 2025-08-11 07:17:28 --> UserManagementModel: getUsers called with id: 
INFO - 2025-08-11 07:17:40 --> Session: Class initialized using 'CodeIgniter\Session\Handlers\FileHandler' driver.
INFO - 2025-08-11 07:17:40 --> UserManagementModel: getUsers called with id: 
INFO - 2025-08-11 07:18:24 --> Session: Class initialized using 'CodeIgniter\Session\Handlers\FileHandler' driver.
INFO - 2025-08-11 07:18:24 --> UserManagementModel: getUsers called with id: 
INFO - 2025-08-11 07:19:32 --> Session: Class initialized using 'CodeIgniter\Session\Handlers\FileHandler' driver.
INFO - 2025-08-11 07:19:32 --> UserManagementModel: getUsers called with id: 
INFO - 2025-08-11 07:19:40 --> Session: Class initialized using 'CodeIgniter\Session\Handlers\FileHandler' driver.
DEBUG - 2025-08-11 07:19:40 --> Entrando a addUser()
DEBUG - 2025-08-11 07:19:40 --> POST recibido: {"csrf_test_name":"51e9f8acdc631ae5b91887329afae95a","name":"","documento":"","email":"","telefono":"","direccion":"","genero":"","fecha_nacimiento":"","role_id":"","jornada":"","grado":"","grupo":"","fecha_matricula":"","status":"active"}
ERROR - 2025-08-11 07:19:41 --> Errores de validación: {"name":"El campo name es obligatorio.","documento":"El campo documento es obligatorio.","email":"El campo email es obligatorio.","genero":"El campo genero es obligatorio.","fecha_nacimiento":"El campo fecha_nacimiento es obligatorio.","role_id":"El campo role_id es obligatorio.","jornada":"El campo jornada es obligatorio.","grado":"El campo grado es obligatorio.","grupo":"El campo grupo es obligatorio.","fecha_matricula":"El campo fecha_matricula es obligatorio."}
INFO - 2025-08-11 07:19:41 --> Session: Class initialized using 'CodeIgniter\Session\Handlers\FileHandler' driver.
INFO - 2025-08-11 07:19:41 --> UserManagementModel: getUsers called with id: 
INFO - 2025-08-11 07:20:48 --> Session: Class initialized using 'CodeIgniter\Session\Handlers\FileHandler' driver.
INFO - 2025-08-11 07:20:48 --> UserManagementModel: getUsers called with id: 
INFO - 2025-08-11 07:20:52 --> Session: Class initialized using 'CodeIgniter\Session\Handlers\FileHandler' driver.
DEBUG - 2025-08-11 07:20:52 --> Entrando a addUser()
DEBUG - 2025-08-11 07:20:52 --> POST recibido: {"csrf_test_name":"51e9f8acdc631ae5b91887329afae95a","name":"","documento":"","email":"","telefono":"","direccion":"","genero":"","fecha_nacimiento":"","role_id":"","jornada":"","grado":"","grupo":"","fecha_matricula":"","status":"active"}
ERROR - 2025-08-11 07:20:52 --> Errores de validación: {"name":"El campo name es obligatorio.","documento":"El campo documento es obligatorio.","email":"El campo email es obligatorio.","genero":"El campo genero es obligatorio.","fecha_nacimiento":"El campo fecha_nacimiento es obligatorio.","role_id":"El campo role_id es obligatorio.","jornada":"El campo jornada es obligatorio.","grado":"El campo grado es obligatorio.","grupo":"El campo grupo es obligatorio.","fecha_matricula":"El campo fecha_matricula es obligatorio."}
INFO - 2025-08-11 07:20:53 --> Session: Class initialized using 'CodeIgniter\Session\Handlers\FileHandler' driver.
INFO - 2025-08-11 07:20:53 --> UserManagementModel: getUsers called with id: 
INFO - 2025-08-11 07:20:55 --> Session: Class initialized using 'CodeIgniter\Session\Handlers\FileHandler' driver.
INFO - 2025-08-11 07:20:55 --> UserManagementModel: getUsers called with id: 
INFO - 2025-08-11 07:21:01 --> Session: Class initialized using 'CodeIgniter\Session\Handlers\FileHandler' driver.
INFO - 2025-08-11 07:21:01 --> UserManagementModel: getUsers called with id: 
INFO - 2025-08-11 07:21:10 --> Session: Class initialized using 'CodeIgniter\Session\Handlers\FileHandler' driver.
INFO - 2025-08-11 07:21:10 --> UserManagementModel: getUsers called with id: 
INFO - 2025-08-11 07:21:18 --> Session: Class initialized using 'CodeIgniter\Session\Handlers\FileHandler' driver.
DEBUG - 2025-08-11 07:21:18 --> Entrando a addUser()
DEBUG - 2025-08-11 07:21:18 --> POST recibido: {"csrf_test_name":"51e9f8acdc631ae5b91887329afae95a","name":"","documento":"","email":"","telefono":"","direccion":"","genero":"","fecha_nacimiento":"","role_id":"","jornada":"","grado":"","grupo":"","fecha_matricula":"","status":"active"}
ERROR - 2025-08-11 07:21:18 --> Errores de validación: {"name":"El campo name es obligatorio.","documento":"El campo documento es obligatorio.","email":"El campo email es obligatorio.","genero":"El campo genero es obligatorio.","fecha_nacimiento":"El campo fecha_nacimiento es obligatorio.","role_id":"El campo role_id es obligatorio.","jornada":"El campo jornada es obligatorio.","grado":"El campo grado es obligatorio.","grupo":"El campo grupo es obligatorio.","fecha_matricula":"El campo fecha_matricula es obligatorio."}
INFO - 2025-08-11 07:21:19 --> Session: Class initialized using 'CodeIgniter\Session\Handlers\FileHandler' driver.
INFO - 2025-08-11 07:21:19 --> UserManagementModel: getUsers called with id: 
INFO - 2025-08-11 07:21:45 --> Session: Class initialized using 'CodeIgniter\Session\Handlers\FileHandler' driver.
INFO - 2025-08-11 07:21:45 --> UserManagementModel: getUsers called with id: 
INFO - 2025-08-11 07:21:48 --> Session: Class initialized using 'CodeIgniter\Session\Handlers\FileHandler' driver.
DEBUG - 2025-08-11 07:21:48 --> Entrando a addUser()
DEBUG - 2025-08-11 07:21:48 --> POST recibido: {"csrf_test_name":"51e9f8acdc631ae5b91887329afae95a","name":"","documento":"","email":"","telefono":"","direccion":"","genero":"","fecha_nacimiento":"","role_id":"","jornada":"","grado":"","grupo":"","fecha_matricula":"","status":"active"}
ERROR - 2025-08-11 07:21:48 --> Errores de validación: {"name":"El campo name es obligatorio.","documento":"El campo documento es obligatorio.","email":"El campo email es obligatorio.","genero":"El campo genero es obligatorio.","fecha_nacimiento":"El campo fecha_nacimiento es obligatorio.","role_id":"El campo role_id es obligatorio.","jornada":"El campo jornada es obligatorio.","grado":"El campo grado es obligatorio.","grupo":"El campo grupo es obligatorio.","fecha_matricula":"El campo fecha_matricula es obligatorio."}
INFO - 2025-08-11 07:21:48 --> Session: Class initialized using 'CodeIgniter\Session\Handlers\FileHandler' driver.
INFO - 2025-08-11 07:21:48 --> UserManagementModel: getUsers called with id: 
INFO - 2025-08-11 07:22:06 --> Session: Class initialized using 'CodeIgniter\Session\Handlers\FileHandler' driver.
INFO - 2025-08-11 07:22:06 --> UserManagementModel: getUsers called with id: 
INFO - 2025-08-11 07:22:09 --> Session: Class initialized using 'CodeIgniter\Session\Handlers\FileHandler' driver.
DEBUG - 2025-08-11 07:22:09 --> Entrando a addUser()
DEBUG - 2025-08-11 07:22:09 --> POST recibido: {"csrf_test_name":"51e9f8acdc631ae5b91887329afae95a","name":"","documento":"","email":"","telefono":"","direccion":"","genero":"","fecha_nacimiento":"","role_id":"","jornada":"","grado":"","grupo":"","fecha_matricula":"","status":"active"}
ERROR - 2025-08-11 07:22:09 --> Errores de validación: {"name":"El campo name es obligatorio.","documento":"El campo documento es obligatorio.","email":"El campo email es obligatorio.","genero":"El campo genero es obligatorio.","fecha_nacimiento":"El campo fecha_nacimiento es obligatorio.","role_id":"El campo role_id es obligatorio.","jornada":"El campo jornada es obligatorio.","grado":"El campo grado es obligatorio.","grupo":"El campo grupo es obligatorio.","fecha_matricula":"El campo fecha_matricula es obligatorio."}
INFO - 2025-08-11 07:22:09 --> Session: Class initialized using 'CodeIgniter\Session\Handlers\FileHandler' driver.
INFO - 2025-08-11 07:22:09 --> UserManagementModel: getUsers called with id: 
INFO - 2025-08-11 07:23:17 --> Session: Class initialized using 'CodeIgniter\Session\Handlers\FileHandler' driver.
INFO - 2025-08-11 07:23:17 --> UserManagementModel: getUsers called with id: 
INFO - 2025-08-11 07:23:20 --> Session: Class initialized using 'CodeIgniter\Session\Handlers\FileHandler' driver.
DEBUG - 2025-08-11 07:23:20 --> Entrando a addUser()
DEBUG - 2025-08-11 07:23:20 --> POST recibido: {"csrf_test_name":"51e9f8acdc631ae5b91887329afae95a","name":"","documento":"","email":"","telefono":"","direccion":"","genero":"","fecha_nacimiento":"","role_id":"","jornada":"","grado":"","grupo":"","fecha_matricula":"","status":"active"}
ERROR - 2025-08-11 07:23:20 --> Errores de validación: {"name":"El campo name es obligatorio.","documento":"El campo documento es obligatorio.","email":"El campo email es obligatorio.","genero":"El campo genero es obligatorio.","fecha_nacimiento":"El campo fecha_nacimiento es obligatorio.","role_id":"El campo role_id es obligatorio.","jornada":"El campo jornada es obligatorio.","grado":"El campo grado es obligatorio.","grupo":"El campo grupo es obligatorio.","fecha_matricula":"El campo fecha_matricula es obligatorio."}
INFO - 2025-08-11 07:23:20 --> Session: Class initialized using 'CodeIgniter\Session\Handlers\FileHandler' driver.
INFO - 2025-08-11 07:23:20 --> UserManagementModel: getUsers called with id: 
