INFO - 2025-08-10 23:05:14 --> Session: Class initialized using 'CodeIgniter\Session\Handlers\FileHandler' driver.
INFO - 2025-08-10 23:05:22 --> Session: Class initialized using 'CodeIgniter\Session\Handlers\FileHandler' driver.
DEBUG - 2025-08-10 23:05:22 --> Entrando a addUser()
DEBUG - 2025-08-10 23:05:22 --> POST recibido: {"csrf_test_name":"67002d1a441713144b8c644f87d8ce6b","name":"MARVIN PEREZ","documento":"373172832222","email":"marvin.santos@soy.sena.edu.co","telefono":"3132311084","direccion":"KDX 286-300 AV CIRCUNVALAR","genero":"MASCULINO","fecha_nacimiento":"2025-08-06","role_id":"2","jornada":"1","grado":"2","grupo":"12","fecha_matricula":"2025-08-29","status":"active"}
ERROR - 2025-08-10 23:05:23 --> Errores de validación: {"documento":"The documento field must contain a unique value.","email":"The email field must contain a unique value."}
INFO - 2025-08-10 23:05:23 --> Session: Class initialized using 'CodeIgniter\Session\Handlers\FileHandler' driver.
INFO - 2025-08-10 23:05:23 --> UserManagementModel: getUsers called with id: 
INFO - 2025-08-10 23:06:28 --> Session: Class initialized using 'CodeIgniter\Session\Handlers\FileHandler' driver.
DEBUG - 2025-08-10 23:06:28 --> Entrando a addUser()
DEBUG - 2025-08-10 23:06:28 --> POST recibido: {"csrf_test_name":"67002d1a441713144b8c644f87d8ce6b","name":"MARVIN PEREZ","documento":"3731728322222222","email":"marvin.sant2222os@soy.sena.edu.co","telefono":"3132311084","direccion":"KDX 286-300 AV CIRCUNVALAR","genero":"MASCULINO","fecha_nacimiento":"2025-08-06","role_id":"2","jornada":"1","grado":"2","grupo":"","fecha_matricula":"2025-08-29","status":"active"}
ERROR - 2025-08-10 23:06:28 --> Errores de validación: {"grupo":"El campo grupo es obligatorio."}
INFO - 2025-08-10 23:06:28 --> Session: Class initialized using 'CodeIgniter\Session\Handlers\FileHandler' driver.
INFO - 2025-08-10 23:06:28 --> UserManagementModel: getUsers called with id: 
INFO - 2025-08-10 23:06:41 --> Session: Class initialized using 'CodeIgniter\Session\Handlers\FileHandler' driver.
INFO - 2025-08-10 23:06:44 --> Session: Class initialized using 'CodeIgniter\Session\Handlers\FileHandler' driver.
DEBUG - 2025-08-10 23:06:44 --> Entrando a addUser()
DEBUG - 2025-08-10 23:06:44 --> POST recibido: {"csrf_test_name":"67002d1a441713144b8c644f87d8ce6b","name":"MARVIN PEREZ","documento":"3731728322222222","email":"marvin.sant2222os@soy.sena.edu.co","telefono":"3132311084","direccion":"KDX 286-300 AV CIRCUNVALAR","genero":"MASCULINO","fecha_nacimiento":"2025-08-06","role_id":"2","jornada":"1","grado":"1","grupo":"1","fecha_matricula":"2025-08-29","status":"active"}
DEBUG - 2025-08-10 23:06:44 --> Datos para insertar usuario: {"name":"MARVIN PEREZ","documento":"3731728322222222","email":"marvin.sant2222os@soy.sena.edu.co","telefono":"3132311084","direccion":"KDX 286-300 AV CIRCUNVALAR","genero":"MASCULINO","fecha_nacimiento":"2025-08-06","role_id":"2","status":"active"}
DEBUG - 2025-08-10 23:06:44 --> Usuario insertado correctamente con ID: 8
ERROR - 2025-08-10 23:06:44 --> mysqli_sql_exception: Cannot add or update a child row: a foreign key constraint fails (`siares`.`matriculas`, CONSTRAINT `matriculas_grupo_id_foreign` FOREIGN KEY (`grupo_id`) REFERENCES `grupos` (`id`) ON DELETE CASCADE ON UPDATE CASCADE) in C:\laragon\www\SIARES\system\Database\MySQLi\Connection.php:312
Stack trace:
#0 C:\laragon\www\SIARES\system\Database\MySQLi\Connection.php(312): mysqli->query('INSERT INTO `ma...', 0)
#1 C:\laragon\www\SIARES\system\Database\BaseConnection.php(734): CodeIgniter\Database\MySQLi\Connection->execute('INSERT INTO `ma...')
#2 C:\laragon\www\SIARES\system\Database\BaseConnection.php(648): CodeIgniter\Database\BaseConnection->simpleQuery('INSERT INTO `ma...')
#3 C:\laragon\www\SIARES\system\Database\BaseBuilder.php(2332): CodeIgniter\Database\BaseConnection->query('INSERT INTO `ma...', Array, false)
#4 C:\laragon\www\SIARES\system\Model.php(394): CodeIgniter\Database\BaseBuilder->insert()
#5 C:\laragon\www\SIARES\system\BaseModel.php(840): CodeIgniter\Model->doInsert(Array)
#6 C:\laragon\www\SIARES\system\Model.php(802): CodeIgniter\BaseModel->insert(Array, true)
#7 C:\laragon\www\SIARES\app\Controllers\UserManagementController.php(118): CodeIgniter\Model->insert(Array)
#8 C:\laragon\www\SIARES\system\CodeIgniter.php(933): App\Controllers\UserManagementController->addUser()
#9 C:\laragon\www\SIARES\system\CodeIgniter.php(509): CodeIgniter\CodeIgniter->runController(Object(App\Controllers\UserManagementController))
#10 C:\laragon\www\SIARES\system\CodeIgniter.php(355): CodeIgniter\CodeIgniter->handleRequest(NULL, Object(Config\Cache), false)
#11 C:\laragon\www\SIARES\system\Boot.php(325): CodeIgniter\CodeIgniter->run()
#12 C:\laragon\www\SIARES\system\Boot.php(67): CodeIgniter\Boot::runCodeIgniter(Object(CodeIgniter\CodeIgniter))
#13 C:\laragon\www\SIARES\index.php(56): CodeIgniter\Boot::bootWeb(Object(Config\Paths))
#14 {main}
CRITICAL - 2025-08-10 23:06:44 --> CodeIgniter\Database\Exceptions\DatabaseException: Cannot add or update a child row: a foreign key constraint fails (`siares`.`matriculas`, CONSTRAINT `matriculas_grupo_id_foreign` FOREIGN KEY (`grupo_id`) REFERENCES `grupos` (`id`) ON DELETE CASCADE ON UPDATE CASCADE)
[Method: POST, Route: admin/usermanagement/add]
in SYSTEMPATH\Database\BaseConnection.php on line 688.
 1 SYSTEMPATH\Database\BaseBuilder.php(2332): CodeIgniter\Database\BaseConnection->query('INSERT INTO `matriculas` (`fecha_matricula`) VALUES (:fecha_matricula:)', [...], false)
 2 SYSTEMPATH\Model.php(394): CodeIgniter\Database\BaseBuilder->insert()
 3 SYSTEMPATH\BaseModel.php(840): CodeIgniter\Model->doInsert([...])
 4 SYSTEMPATH\Model.php(802): CodeIgniter\BaseModel->insert([...], true)
 5 APPPATH\Controllers\UserManagementController.php(118): CodeIgniter\Model->insert([...])
 6 SYSTEMPATH\CodeIgniter.php(933): App\Controllers\UserManagementController->addUser()
 7 SYSTEMPATH\CodeIgniter.php(509): CodeIgniter\CodeIgniter->runController(Object(App\Controllers\UserManagementController))
 8 SYSTEMPATH\CodeIgniter.php(355): CodeIgniter\CodeIgniter->handleRequest(null, Object(Config\Cache), false)
 9 SYSTEMPATH\Boot.php(325): CodeIgniter\CodeIgniter->run()
10 SYSTEMPATH\Boot.php(67): CodeIgniter\Boot::runCodeIgniter(Object(CodeIgniter\CodeIgniter))
11 FCPATH\index.php(56): CodeIgniter\Boot::bootWeb(Object(Config\Paths))
CRITICAL - 2025-08-10 23:06:44 --> [Caused by] CodeIgniter\Database\Exceptions\DatabaseException: Cannot add or update a child row: a foreign key constraint fails (`siares`.`matriculas`, CONSTRAINT `matriculas_grupo_id_foreign` FOREIGN KEY (`grupo_id`) REFERENCES `grupos` (`id`) ON DELETE CASCADE ON UPDATE CASCADE)
in SYSTEMPATH\Database\MySQLi\Connection.php on line 317.
 1 SYSTEMPATH\Database\BaseConnection.php(734): CodeIgniter\Database\MySQLi\Connection->execute('INSERT INTO `matriculas` (`fecha_matricula`) VALUES (\'2025-08-29\')')
 2 SYSTEMPATH\Database\BaseConnection.php(648): CodeIgniter\Database\BaseConnection->simpleQuery('INSERT INTO `matriculas` (`fecha_matricula`) VALUES (\'2025-08-29\')')
 3 SYSTEMPATH\Database\BaseBuilder.php(2332): CodeIgniter\Database\BaseConnection->query('INSERT INTO `matriculas` (`fecha_matricula`) VALUES (:fecha_matricula:)', [...], false)
 4 SYSTEMPATH\Model.php(394): CodeIgniter\Database\BaseBuilder->insert()
 5 SYSTEMPATH\BaseModel.php(840): CodeIgniter\Model->doInsert([...])
 6 SYSTEMPATH\Model.php(802): CodeIgniter\BaseModel->insert([...], true)
 7 APPPATH\Controllers\UserManagementController.php(118): CodeIgniter\Model->insert([...])
 8 SYSTEMPATH\CodeIgniter.php(933): App\Controllers\UserManagementController->addUser()
 9 SYSTEMPATH\CodeIgniter.php(509): CodeIgniter\CodeIgniter->runController(Object(App\Controllers\UserManagementController))
10 SYSTEMPATH\CodeIgniter.php(355): CodeIgniter\CodeIgniter->handleRequest(null, Object(Config\Cache), false)
11 SYSTEMPATH\Boot.php(325): CodeIgniter\CodeIgniter->run()
12 SYSTEMPATH\Boot.php(67): CodeIgniter\Boot::runCodeIgniter(Object(CodeIgniter\CodeIgniter))
13 FCPATH\index.php(56): CodeIgniter\Boot::bootWeb(Object(Config\Paths))
CRITICAL - 2025-08-10 23:06:44 --> [Caused by] mysqli_sql_exception: Cannot add or update a child row: a foreign key constraint fails (`siares`.`matriculas`, CONSTRAINT `matriculas_grupo_id_foreign` FOREIGN KEY (`grupo_id`) REFERENCES `grupos` (`id`) ON DELETE CASCADE ON UPDATE CASCADE)
in SYSTEMPATH\Database\MySQLi\Connection.php on line 312.
 1 SYSTEMPATH\Database\MySQLi\Connection.php(312): mysqli->query('INSERT INTO `matriculas` (`fecha_matricula`) VALUES (\'2025-08-29\')', 0)
 2 SYSTEMPATH\Database\BaseConnection.php(734): CodeIgniter\Database\MySQLi\Connection->execute('INSERT INTO `matriculas` (`fecha_matricula`) VALUES (\'2025-08-29\')')
 3 SYSTEMPATH\Database\BaseConnection.php(648): CodeIgniter\Database\BaseConnection->simpleQuery('INSERT INTO `matriculas` (`fecha_matricula`) VALUES (\'2025-08-29\')')
 4 SYSTEMPATH\Database\BaseBuilder.php(2332): CodeIgniter\Database\BaseConnection->query('INSERT INTO `matriculas` (`fecha_matricula`) VALUES (:fecha_matricula:)', [...], false)
 5 SYSTEMPATH\Model.php(394): CodeIgniter\Database\BaseBuilder->insert()
 6 SYSTEMPATH\BaseModel.php(840): CodeIgniter\Model->doInsert([...])
 7 SYSTEMPATH\Model.php(802): CodeIgniter\BaseModel->insert([...], true)
 8 APPPATH\Controllers\UserManagementController.php(118): CodeIgniter\Model->insert([...])
 9 SYSTEMPATH\CodeIgniter.php(933): App\Controllers\UserManagementController->addUser()
10 SYSTEMPATH\CodeIgniter.php(509): CodeIgniter\CodeIgniter->runController(Object(App\Controllers\UserManagementController))
11 SYSTEMPATH\CodeIgniter.php(355): CodeIgniter\CodeIgniter->handleRequest(null, Object(Config\Cache), false)
12 SYSTEMPATH\Boot.php(325): CodeIgniter\CodeIgniter->run()
13 SYSTEMPATH\Boot.php(67): CodeIgniter\Boot::runCodeIgniter(Object(CodeIgniter\CodeIgniter))
14 FCPATH\index.php(56): CodeIgniter\Boot::bootWeb(Object(Config\Paths))
INFO - 2025-08-10 23:08:26 --> Session: Class initialized using 'CodeIgniter\Session\Handlers\FileHandler' driver.
INFO - 2025-08-10 23:08:26 --> UserManagementModel: getUsers called with id: 
INFO - 2025-08-10 23:08:33 --> Session: Class initialized using 'CodeIgniter\Session\Handlers\FileHandler' driver.
INFO - 2025-08-10 23:08:44 --> Session: Class initialized using 'CodeIgniter\Session\Handlers\FileHandler' driver.
DEBUG - 2025-08-10 23:08:44 --> Entrando a addUser()
DEBUG - 2025-08-10 23:08:44 --> POST recibido: {"csrf_test_name":"67002d1a441713144b8c644f87d8ce6b","name":"MARVIN PEREZ","documento":"37317283","email":"marvin.santos@soy.sena.edu.co","telefono":"3132311084","direccion":"KDX 286-300 AV CIRCUNVALAR","genero":"MASCULINO","fecha_nacimiento":"2025-08-06","role_id":"2","jornada":"1","grado":"2","grupo":"11","fecha_matricula":"2025-08-29","status":"active"}
ERROR - 2025-08-10 23:08:44 --> Errores de validación: {"documento":"The documento field must contain a unique value.","email":"The email field must contain a unique value."}
INFO - 2025-08-10 23:08:44 --> Session: Class initialized using 'CodeIgniter\Session\Handlers\FileHandler' driver.
INFO - 2025-08-10 23:08:44 --> UserManagementModel: getUsers called with id: 
INFO - 2025-08-10 23:08:56 --> Session: Class initialized using 'CodeIgniter\Session\Handlers\FileHandler' driver.
INFO - 2025-08-10 23:09:00 --> Session: Class initialized using 'CodeIgniter\Session\Handlers\FileHandler' driver.
DEBUG - 2025-08-10 23:09:00 --> Entrando a addUser()
DEBUG - 2025-08-10 23:09:00 --> POST recibido: {"csrf_test_name":"67002d1a441713144b8c644f87d8ce6b","name":"MARVIN PEREZ","documento":"3731728322222","email":"marvin.sant222222os@soy.sena.edu.co","telefono":"3132311084","direccion":"KDX 286-300 AV CIRCUNVALAR","genero":"MASCULINO","fecha_nacimiento":"2025-08-06","role_id":"2","jornada":"1","grado":"3","grupo":"23","fecha_matricula":"2025-08-29","status":"active"}
DEBUG - 2025-08-10 23:09:00 --> Datos para insertar usuario: {"name":"MARVIN PEREZ","documento":"3731728322222","email":"marvin.sant222222os@soy.sena.edu.co","telefono":"3132311084","direccion":"KDX 286-300 AV CIRCUNVALAR","genero":"MASCULINO","fecha_nacimiento":"2025-08-06","role_id":"2","status":"active"}
DEBUG - 2025-08-10 23:09:00 --> Usuario insertado correctamente con ID: 9
ERROR - 2025-08-10 23:09:00 --> mysqli_sql_exception: Cannot add or update a child row: a foreign key constraint fails (`siares`.`matriculas`, CONSTRAINT `matriculas_grupo_id_foreign` FOREIGN KEY (`grupo_id`) REFERENCES `grupos` (`id`) ON DELETE CASCADE ON UPDATE CASCADE) in C:\laragon\www\SIARES\system\Database\MySQLi\Connection.php:312
Stack trace:
#0 C:\laragon\www\SIARES\system\Database\MySQLi\Connection.php(312): mysqli->query('INSERT INTO `ma...', 0)
#1 C:\laragon\www\SIARES\system\Database\BaseConnection.php(734): CodeIgniter\Database\MySQLi\Connection->execute('INSERT INTO `ma...')
#2 C:\laragon\www\SIARES\system\Database\BaseConnection.php(648): CodeIgniter\Database\BaseConnection->simpleQuery('INSERT INTO `ma...')
#3 C:\laragon\www\SIARES\system\Database\BaseBuilder.php(2332): CodeIgniter\Database\BaseConnection->query('INSERT INTO `ma...', Array, false)
#4 C:\laragon\www\SIARES\system\Model.php(394): CodeIgniter\Database\BaseBuilder->insert()
#5 C:\laragon\www\SIARES\system\BaseModel.php(840): CodeIgniter\Model->doInsert(Array)
#6 C:\laragon\www\SIARES\system\Model.php(802): CodeIgniter\BaseModel->insert(Array, true)
#7 C:\laragon\www\SIARES\app\Controllers\UserManagementController.php(118): CodeIgniter\Model->insert(Array)
#8 C:\laragon\www\SIARES\system\CodeIgniter.php(933): App\Controllers\UserManagementController->addUser()
#9 C:\laragon\www\SIARES\system\CodeIgniter.php(509): CodeIgniter\CodeIgniter->runController(Object(App\Controllers\UserManagementController))
#10 C:\laragon\www\SIARES\system\CodeIgniter.php(355): CodeIgniter\CodeIgniter->handleRequest(NULL, Object(Config\Cache), false)
#11 C:\laragon\www\SIARES\system\Boot.php(325): CodeIgniter\CodeIgniter->run()
#12 C:\laragon\www\SIARES\system\Boot.php(67): CodeIgniter\Boot::runCodeIgniter(Object(CodeIgniter\CodeIgniter))
#13 C:\laragon\www\SIARES\index.php(56): CodeIgniter\Boot::bootWeb(Object(Config\Paths))
#14 {main}
CRITICAL - 2025-08-10 23:09:00 --> CodeIgniter\Database\Exceptions\DatabaseException: Cannot add or update a child row: a foreign key constraint fails (`siares`.`matriculas`, CONSTRAINT `matriculas_grupo_id_foreign` FOREIGN KEY (`grupo_id`) REFERENCES `grupos` (`id`) ON DELETE CASCADE ON UPDATE CASCADE)
[Method: POST, Route: admin/usermanagement/add]
in SYSTEMPATH\Database\BaseConnection.php on line 688.
 1 SYSTEMPATH\Database\BaseBuilder.php(2332): CodeIgniter\Database\BaseConnection->query('INSERT INTO `matriculas` (`fecha_matricula`) VALUES (:fecha_matricula:)', [...], false)
 2 SYSTEMPATH\Model.php(394): CodeIgniter\Database\BaseBuilder->insert()
 3 SYSTEMPATH\BaseModel.php(840): CodeIgniter\Model->doInsert([...])
 4 SYSTEMPATH\Model.php(802): CodeIgniter\BaseModel->insert([...], true)
 5 APPPATH\Controllers\UserManagementController.php(118): CodeIgniter\Model->insert([...])
 6 SYSTEMPATH\CodeIgniter.php(933): App\Controllers\UserManagementController->addUser()
 7 SYSTEMPATH\CodeIgniter.php(509): CodeIgniter\CodeIgniter->runController(Object(App\Controllers\UserManagementController))
 8 SYSTEMPATH\CodeIgniter.php(355): CodeIgniter\CodeIgniter->handleRequest(null, Object(Config\Cache), false)
 9 SYSTEMPATH\Boot.php(325): CodeIgniter\CodeIgniter->run()
10 SYSTEMPATH\Boot.php(67): CodeIgniter\Boot::runCodeIgniter(Object(CodeIgniter\CodeIgniter))
11 FCPATH\index.php(56): CodeIgniter\Boot::bootWeb(Object(Config\Paths))
CRITICAL - 2025-08-10 23:09:00 --> [Caused by] CodeIgniter\Database\Exceptions\DatabaseException: Cannot add or update a child row: a foreign key constraint fails (`siares`.`matriculas`, CONSTRAINT `matriculas_grupo_id_foreign` FOREIGN KEY (`grupo_id`) REFERENCES `grupos` (`id`) ON DELETE CASCADE ON UPDATE CASCADE)
in SYSTEMPATH\Database\MySQLi\Connection.php on line 317.
 1 SYSTEMPATH\Database\BaseConnection.php(734): CodeIgniter\Database\MySQLi\Connection->execute('INSERT INTO `matriculas` (`fecha_matricula`) VALUES (\'2025-08-29\')')
 2 SYSTEMPATH\Database\BaseConnection.php(648): CodeIgniter\Database\BaseConnection->simpleQuery('INSERT INTO `matriculas` (`fecha_matricula`) VALUES (\'2025-08-29\')')
 3 SYSTEMPATH\Database\BaseBuilder.php(2332): CodeIgniter\Database\BaseConnection->query('INSERT INTO `matriculas` (`fecha_matricula`) VALUES (:fecha_matricula:)', [...], false)
 4 SYSTEMPATH\Model.php(394): CodeIgniter\Database\BaseBuilder->insert()
 5 SYSTEMPATH\BaseModel.php(840): CodeIgniter\Model->doInsert([...])
 6 SYSTEMPATH\Model.php(802): CodeIgniter\BaseModel->insert([...], true)
 7 APPPATH\Controllers\UserManagementController.php(118): CodeIgniter\Model->insert([...])
 8 SYSTEMPATH\CodeIgniter.php(933): App\Controllers\UserManagementController->addUser()
 9 SYSTEMPATH\CodeIgniter.php(509): CodeIgniter\CodeIgniter->runController(Object(App\Controllers\UserManagementController))
10 SYSTEMPATH\CodeIgniter.php(355): CodeIgniter\CodeIgniter->handleRequest(null, Object(Config\Cache), false)
11 SYSTEMPATH\Boot.php(325): CodeIgniter\CodeIgniter->run()
12 SYSTEMPATH\Boot.php(67): CodeIgniter\Boot::runCodeIgniter(Object(CodeIgniter\CodeIgniter))
13 FCPATH\index.php(56): CodeIgniter\Boot::bootWeb(Object(Config\Paths))
CRITICAL - 2025-08-10 23:09:00 --> [Caused by] mysqli_sql_exception: Cannot add or update a child row: a foreign key constraint fails (`siares`.`matriculas`, CONSTRAINT `matriculas_grupo_id_foreign` FOREIGN KEY (`grupo_id`) REFERENCES `grupos` (`id`) ON DELETE CASCADE ON UPDATE CASCADE)
in SYSTEMPATH\Database\MySQLi\Connection.php on line 312.
 1 SYSTEMPATH\Database\MySQLi\Connection.php(312): mysqli->query('INSERT INTO `matriculas` (`fecha_matricula`) VALUES (\'2025-08-29\')', 0)
 2 SYSTEMPATH\Database\BaseConnection.php(734): CodeIgniter\Database\MySQLi\Connection->execute('INSERT INTO `matriculas` (`fecha_matricula`) VALUES (\'2025-08-29\')')
 3 SYSTEMPATH\Database\BaseConnection.php(648): CodeIgniter\Database\BaseConnection->simpleQuery('INSERT INTO `matriculas` (`fecha_matricula`) VALUES (\'2025-08-29\')')
 4 SYSTEMPATH\Database\BaseBuilder.php(2332): CodeIgniter\Database\BaseConnection->query('INSERT INTO `matriculas` (`fecha_matricula`) VALUES (:fecha_matricula:)', [...], false)
 5 SYSTEMPATH\Model.php(394): CodeIgniter\Database\BaseBuilder->insert()
 6 SYSTEMPATH\BaseModel.php(840): CodeIgniter\Model->doInsert([...])
 7 SYSTEMPATH\Model.php(802): CodeIgniter\BaseModel->insert([...], true)
 8 APPPATH\Controllers\UserManagementController.php(118): CodeIgniter\Model->insert([...])
 9 SYSTEMPATH\CodeIgniter.php(933): App\Controllers\UserManagementController->addUser()
10 SYSTEMPATH\CodeIgniter.php(509): CodeIgniter\CodeIgniter->runController(Object(App\Controllers\UserManagementController))
11 SYSTEMPATH\CodeIgniter.php(355): CodeIgniter\CodeIgniter->handleRequest(null, Object(Config\Cache), false)
12 SYSTEMPATH\Boot.php(325): CodeIgniter\CodeIgniter->run()
13 SYSTEMPATH\Boot.php(67): CodeIgniter\Boot::runCodeIgniter(Object(CodeIgniter\CodeIgniter))
14 FCPATH\index.php(56): CodeIgniter\Boot::bootWeb(Object(Config\Paths))
INFO - 2025-08-10 23:14:26 --> Session: Class initialized using 'CodeIgniter\Session\Handlers\FileHandler' driver.
INFO - 2025-08-10 23:14:26 --> UserManagementModel: getUsers called with id: 
INFO - 2025-08-10 23:14:39 --> Session: Class initialized using 'CodeIgniter\Session\Handlers\FileHandler' driver.
INFO - 2025-08-10 23:14:44 --> Session: Class initialized using 'CodeIgniter\Session\Handlers\FileHandler' driver.
DEBUG - 2025-08-10 23:14:44 --> Entrando a addUser()
DEBUG - 2025-08-10 23:14:44 --> POST recibido: {"csrf_test_name":"67002d1a441713144b8c644f87d8ce6b","name":"MARVIN PEREZ","documento":"3731728322222","email":"marvin.santos@soy.sena.edu.co","telefono":"3132311084","direccion":"KDX 286-300 AV CIRCUNVALAR","genero":"MASCULINO","fecha_nacimiento":"2025-08-06","role_id":"2","jornada":"1","grado":"2","grupo":"12","fecha_matricula":"2025-08-29","status":"active"}
ERROR - 2025-08-10 23:14:44 --> Errores de validación: {"documento":"The documento field must contain a unique value.","email":"The email field must contain a unique value."}
INFO - 2025-08-10 23:14:44 --> Session: Class initialized using 'CodeIgniter\Session\Handlers\FileHandler' driver.
INFO - 2025-08-10 23:14:44 --> UserManagementModel: getUsers called with id: 
INFO - 2025-08-10 23:14:51 --> Session: Class initialized using 'CodeIgniter\Session\Handlers\FileHandler' driver.
DEBUG - 2025-08-10 23:14:51 --> Entrando a addUser()
DEBUG - 2025-08-10 23:14:51 --> POST recibido: {"csrf_test_name":"67002d1a441713144b8c644f87d8ce6b","name":"MARVIN PEREZ","documento":"3731728322222222","email":"marvin.s2222antos@soy.sena.edu.co","telefono":"3132311084","direccion":"KDX 286-300 AV CIRCUNVALAR","genero":"MASCULINO","fecha_nacimiento":"2025-08-06","role_id":"2","jornada":"1","grado":"2","grupo":"","fecha_matricula":"2025-08-29","status":"active"}
ERROR - 2025-08-10 23:14:51 --> Errores de validación: {"documento":"The documento field must contain a unique value.","grupo":"El campo grupo es obligatorio."}
INFO - 2025-08-10 23:14:51 --> Session: Class initialized using 'CodeIgniter\Session\Handlers\FileHandler' driver.
INFO - 2025-08-10 23:14:51 --> UserManagementModel: getUsers called with id: 
INFO - 2025-08-10 23:14:55 --> Session: Class initialized using 'CodeIgniter\Session\Handlers\FileHandler' driver.
DEBUG - 2025-08-10 23:14:55 --> Entrando a addUser()
DEBUG - 2025-08-10 23:14:55 --> POST recibido: {"csrf_test_name":"67002d1a441713144b8c644f87d8ce6b","name":"MARVIN PEREZ","documento":"3731732322228322222222","email":"marvin.s2222antos@soy.sena.edu.co","telefono":"3132311084","direccion":"KDX 286-300 AV CIRCUNVALAR","genero":"MASCULINO","fecha_nacimiento":"2025-08-06","role_id":"2","jornada":"1","grado":"2","grupo":"","fecha_matricula":"2025-08-29","status":"active"}
ERROR - 2025-08-10 23:14:55 --> Errores de validación: {"documento":"El campo documento no puede tener m\u00e1s de 20 caracteres.","grupo":"El campo grupo es obligatorio."}
INFO - 2025-08-10 23:14:56 --> Session: Class initialized using 'CodeIgniter\Session\Handlers\FileHandler' driver.
INFO - 2025-08-10 23:14:56 --> UserManagementModel: getUsers called with id: 
INFO - 2025-08-10 23:15:02 --> Session: Class initialized using 'CodeIgniter\Session\Handlers\FileHandler' driver.
DEBUG - 2025-08-10 23:15:02 --> Entrando a addUser()
DEBUG - 2025-08-10 23:15:02 --> POST recibido: {"csrf_test_name":"67002d1a441713144b8c644f87d8ce6b","name":"MARVIN PEREZ","documento":"102654695496","email":"marvin.s2222antos@soy.sena.edu.co","telefono":"3132311084","direccion":"KDX 286-300 AV CIRCUNVALAR","genero":"MASCULINO","fecha_nacimiento":"2025-08-06","role_id":"2","jornada":"1","grado":"2","grupo":"","fecha_matricula":"2025-08-29","status":"active"}
ERROR - 2025-08-10 23:15:02 --> Errores de validación: {"grupo":"El campo grupo es obligatorio."}
INFO - 2025-08-10 23:15:02 --> Session: Class initialized using 'CodeIgniter\Session\Handlers\FileHandler' driver.
INFO - 2025-08-10 23:15:02 --> UserManagementModel: getUsers called with id: 
INFO - 2025-08-10 23:15:19 --> Session: Class initialized using 'CodeIgniter\Session\Handlers\FileHandler' driver.
INFO - 2025-08-10 23:15:22 --> Session: Class initialized using 'CodeIgniter\Session\Handlers\FileHandler' driver.
DEBUG - 2025-08-10 23:15:22 --> Entrando a addUser()
DEBUG - 2025-08-10 23:15:22 --> POST recibido: {"csrf_test_name":"67002d1a441713144b8c644f87d8ce6b","name":"MARVIN PEREZ","documento":"102654695496","email":"marvin.s2222antos@soy.sena.edu.co","telefono":"3132311084","direccion":"KDX 286-300 AV CIRCUNVALAR","genero":"MASCULINO","fecha_nacimiento":"2025-08-06","role_id":"2","jornada":"1","grado":"1","grupo":"2","fecha_matricula":"2025-08-29","status":"active"}
DEBUG - 2025-08-10 23:15:23 --> Datos para insertar usuario: {"name":"MARVIN PEREZ","documento":"102654695496","email":"marvin.s2222antos@soy.sena.edu.co","telefono":"3132311084","direccion":"KDX 286-300 AV CIRCUNVALAR","genero":"MASCULINO","fecha_nacimiento":"2025-08-06","role_id":"2","status":"active"}
DEBUG - 2025-08-10 23:15:23 --> Usuario insertado correctamente con ID: 10
ERROR - 2025-08-10 23:15:23 --> mysqli_sql_exception: Cannot add or update a child row: a foreign key constraint fails (`siares`.`matriculas`, CONSTRAINT `matriculas_grupo_id_foreign` FOREIGN KEY (`grupo_id`) REFERENCES `grupos` (`id`) ON DELETE CASCADE ON UPDATE CASCADE) in C:\laragon\www\SIARES\system\Database\MySQLi\Connection.php:312
Stack trace:
#0 C:\laragon\www\SIARES\system\Database\MySQLi\Connection.php(312): mysqli->query('INSERT INTO `ma...', 0)
#1 C:\laragon\www\SIARES\system\Database\BaseConnection.php(734): CodeIgniter\Database\MySQLi\Connection->execute('INSERT INTO `ma...')
#2 C:\laragon\www\SIARES\system\Database\BaseConnection.php(648): CodeIgniter\Database\BaseConnection->simpleQuery('INSERT INTO `ma...')
#3 C:\laragon\www\SIARES\system\Database\BaseBuilder.php(2332): CodeIgniter\Database\BaseConnection->query('INSERT INTO `ma...', Array, false)
#4 C:\laragon\www\SIARES\system\Model.php(394): CodeIgniter\Database\BaseBuilder->insert()
#5 C:\laragon\www\SIARES\system\BaseModel.php(840): CodeIgniter\Model->doInsert(Array)
#6 C:\laragon\www\SIARES\system\Model.php(802): CodeIgniter\BaseModel->insert(Array, true)
#7 C:\laragon\www\SIARES\app\Controllers\UserManagementController.php(118): CodeIgniter\Model->insert(Array)
#8 C:\laragon\www\SIARES\system\CodeIgniter.php(933): App\Controllers\UserManagementController->addUser()
#9 C:\laragon\www\SIARES\system\CodeIgniter.php(509): CodeIgniter\CodeIgniter->runController(Object(App\Controllers\UserManagementController))
#10 C:\laragon\www\SIARES\system\CodeIgniter.php(355): CodeIgniter\CodeIgniter->handleRequest(NULL, Object(Config\Cache), false)
#11 C:\laragon\www\SIARES\system\Boot.php(325): CodeIgniter\CodeIgniter->run()
#12 C:\laragon\www\SIARES\system\Boot.php(67): CodeIgniter\Boot::runCodeIgniter(Object(CodeIgniter\CodeIgniter))
#13 C:\laragon\www\SIARES\index.php(56): CodeIgniter\Boot::bootWeb(Object(Config\Paths))
#14 {main}
CRITICAL - 2025-08-10 23:15:23 --> CodeIgniter\Database\Exceptions\DatabaseException: Cannot add or update a child row: a foreign key constraint fails (`siares`.`matriculas`, CONSTRAINT `matriculas_grupo_id_foreign` FOREIGN KEY (`grupo_id`) REFERENCES `grupos` (`id`) ON DELETE CASCADE ON UPDATE CASCADE)
[Method: POST, Route: admin/usermanagement/add]
in SYSTEMPATH\Database\BaseConnection.php on line 688.
 1 SYSTEMPATH\Database\BaseBuilder.php(2332): CodeIgniter\Database\BaseConnection->query('INSERT INTO `matriculas` (`fecha_matricula`) VALUES (:fecha_matricula:)', [...], false)
 2 SYSTEMPATH\Model.php(394): CodeIgniter\Database\BaseBuilder->insert()
 3 SYSTEMPATH\BaseModel.php(840): CodeIgniter\Model->doInsert([...])
 4 SYSTEMPATH\Model.php(802): CodeIgniter\BaseModel->insert([...], true)
 5 APPPATH\Controllers\UserManagementController.php(118): CodeIgniter\Model->insert([...])
 6 SYSTEMPATH\CodeIgniter.php(933): App\Controllers\UserManagementController->addUser()
 7 SYSTEMPATH\CodeIgniter.php(509): CodeIgniter\CodeIgniter->runController(Object(App\Controllers\UserManagementController))
 8 SYSTEMPATH\CodeIgniter.php(355): CodeIgniter\CodeIgniter->handleRequest(null, Object(Config\Cache), false)
 9 SYSTEMPATH\Boot.php(325): CodeIgniter\CodeIgniter->run()
10 SYSTEMPATH\Boot.php(67): CodeIgniter\Boot::runCodeIgniter(Object(CodeIgniter\CodeIgniter))
11 FCPATH\index.php(56): CodeIgniter\Boot::bootWeb(Object(Config\Paths))
CRITICAL - 2025-08-10 23:15:23 --> [Caused by] CodeIgniter\Database\Exceptions\DatabaseException: Cannot add or update a child row: a foreign key constraint fails (`siares`.`matriculas`, CONSTRAINT `matriculas_grupo_id_foreign` FOREIGN KEY (`grupo_id`) REFERENCES `grupos` (`id`) ON DELETE CASCADE ON UPDATE CASCADE)
in SYSTEMPATH\Database\MySQLi\Connection.php on line 317.
 1 SYSTEMPATH\Database\BaseConnection.php(734): CodeIgniter\Database\MySQLi\Connection->execute('INSERT INTO `matriculas` (`fecha_matricula`) VALUES (\'2025-08-29\')')
 2 SYSTEMPATH\Database\BaseConnection.php(648): CodeIgniter\Database\BaseConnection->simpleQuery('INSERT INTO `matriculas` (`fecha_matricula`) VALUES (\'2025-08-29\')')
 3 SYSTEMPATH\Database\BaseBuilder.php(2332): CodeIgniter\Database\BaseConnection->query('INSERT INTO `matriculas` (`fecha_matricula`) VALUES (:fecha_matricula:)', [...], false)
 4 SYSTEMPATH\Model.php(394): CodeIgniter\Database\BaseBuilder->insert()
 5 SYSTEMPATH\BaseModel.php(840): CodeIgniter\Model->doInsert([...])
 6 SYSTEMPATH\Model.php(802): CodeIgniter\BaseModel->insert([...], true)
 7 APPPATH\Controllers\UserManagementController.php(118): CodeIgniter\Model->insert([...])
 8 SYSTEMPATH\CodeIgniter.php(933): App\Controllers\UserManagementController->addUser()
 9 SYSTEMPATH\CodeIgniter.php(509): CodeIgniter\CodeIgniter->runController(Object(App\Controllers\UserManagementController))
10 SYSTEMPATH\CodeIgniter.php(355): CodeIgniter\CodeIgniter->handleRequest(null, Object(Config\Cache), false)
11 SYSTEMPATH\Boot.php(325): CodeIgniter\CodeIgniter->run()
12 SYSTEMPATH\Boot.php(67): CodeIgniter\Boot::runCodeIgniter(Object(CodeIgniter\CodeIgniter))
13 FCPATH\index.php(56): CodeIgniter\Boot::bootWeb(Object(Config\Paths))
CRITICAL - 2025-08-10 23:15:23 --> [Caused by] mysqli_sql_exception: Cannot add or update a child row: a foreign key constraint fails (`siares`.`matriculas`, CONSTRAINT `matriculas_grupo_id_foreign` FOREIGN KEY (`grupo_id`) REFERENCES `grupos` (`id`) ON DELETE CASCADE ON UPDATE CASCADE)
in SYSTEMPATH\Database\MySQLi\Connection.php on line 312.
 1 SYSTEMPATH\Database\MySQLi\Connection.php(312): mysqli->query('INSERT INTO `matriculas` (`fecha_matricula`) VALUES (\'2025-08-29\')', 0)
 2 SYSTEMPATH\Database\BaseConnection.php(734): CodeIgniter\Database\MySQLi\Connection->execute('INSERT INTO `matriculas` (`fecha_matricula`) VALUES (\'2025-08-29\')')
 3 SYSTEMPATH\Database\BaseConnection.php(648): CodeIgniter\Database\BaseConnection->simpleQuery('INSERT INTO `matriculas` (`fecha_matricula`) VALUES (\'2025-08-29\')')
 4 SYSTEMPATH\Database\BaseBuilder.php(2332): CodeIgniter\Database\BaseConnection->query('INSERT INTO `matriculas` (`fecha_matricula`) VALUES (:fecha_matricula:)', [...], false)
 5 SYSTEMPATH\Model.php(394): CodeIgniter\Database\BaseBuilder->insert()
 6 SYSTEMPATH\BaseModel.php(840): CodeIgniter\Model->doInsert([...])
 7 SYSTEMPATH\Model.php(802): CodeIgniter\BaseModel->insert([...], true)
 8 APPPATH\Controllers\UserManagementController.php(118): CodeIgniter\Model->insert([...])
 9 SYSTEMPATH\CodeIgniter.php(933): App\Controllers\UserManagementController->addUser()
10 SYSTEMPATH\CodeIgniter.php(509): CodeIgniter\CodeIgniter->runController(Object(App\Controllers\UserManagementController))
11 SYSTEMPATH\CodeIgniter.php(355): CodeIgniter\CodeIgniter->handleRequest(null, Object(Config\Cache), false)
12 SYSTEMPATH\Boot.php(325): CodeIgniter\CodeIgniter->run()
13 SYSTEMPATH\Boot.php(67): CodeIgniter\Boot::runCodeIgniter(Object(CodeIgniter\CodeIgniter))
14 FCPATH\index.php(56): CodeIgniter\Boot::bootWeb(Object(Config\Paths))
INFO - 2025-08-10 23:17:06 --> Session: Class initialized using 'CodeIgniter\Session\Handlers\FileHandler' driver.
INFO - 2025-08-10 23:17:06 --> UserManagementModel: getUsers called with id: 
INFO - 2025-08-10 23:17:11 --> Session: Class initialized using 'CodeIgniter\Session\Handlers\FileHandler' driver.
INFO - 2025-08-10 23:17:11 --> UserManagementModel: getUsers called with id: 
INFO - 2025-08-10 23:17:25 --> Session: Class initialized using 'CodeIgniter\Session\Handlers\FileHandler' driver.
INFO - 2025-08-10 23:17:30 --> Session: Class initialized using 'CodeIgniter\Session\Handlers\FileHandler' driver.
DEBUG - 2025-08-10 23:17:30 --> Entrando a addUser()
DEBUG - 2025-08-10 23:17:30 --> POST recibido: {"csrf_test_name":"67002d1a441713144b8c644f87d8ce6b","name":"MARVIN PEREZ","documento":"37317283","email":"marvin.santos@soy.sena.edu.co","telefono":"3132311084","direccion":"KDX 286-300 AV CIRCUNVALAR","genero":"MASCULINO","fecha_nacimiento":"2025-07-31","role_id":"2","jornada":"1","grado":"2","grupo":"13","fecha_matricula":"2025-08-13","status":"active"}
ERROR - 2025-08-10 23:17:30 --> Errores de validación: {"documento":"The documento field must contain a unique value.","email":"The email field must contain a unique value."}
INFO - 2025-08-10 23:17:31 --> Session: Class initialized using 'CodeIgniter\Session\Handlers\FileHandler' driver.
INFO - 2025-08-10 23:17:31 --> UserManagementModel: getUsers called with id: 
INFO - 2025-08-10 23:17:37 --> Session: Class initialized using 'CodeIgniter\Session\Handlers\FileHandler' driver.
DEBUG - 2025-08-10 23:17:37 --> Entrando a addUser()
DEBUG - 2025-08-10 23:17:37 --> POST recibido: {"csrf_test_name":"67002d1a441713144b8c644f87d8ce6b","name":"MARVIN PEREZ","documento":"3731117283","email":"m111arvin.santos@soy.sena.edu.co","telefono":"3132311084","direccion":"KDX 286-300 AV CIRCUNVALAR","genero":"MASCULINO","fecha_nacimiento":"2025-07-31","role_id":"2","jornada":"1","grado":"2","grupo":"","fecha_matricula":"2025-08-13","status":"active"}
ERROR - 2025-08-10 23:17:37 --> Errores de validación: {"grupo":"El campo grupo es obligatorio."}
INFO - 2025-08-10 23:17:37 --> Session: Class initialized using 'CodeIgniter\Session\Handlers\FileHandler' driver.
INFO - 2025-08-10 23:17:37 --> UserManagementModel: getUsers called with id: 
INFO - 2025-08-10 23:17:48 --> Session: Class initialized using 'CodeIgniter\Session\Handlers\FileHandler' driver.
INFO - 2025-08-10 23:17:51 --> Session: Class initialized using 'CodeIgniter\Session\Handlers\FileHandler' driver.
DEBUG - 2025-08-10 23:17:51 --> Entrando a addUser()
DEBUG - 2025-08-10 23:17:51 --> POST recibido: {"csrf_test_name":"67002d1a441713144b8c644f87d8ce6b","name":"MARVIN PEREZ","documento":"3731117283","email":"m111arvin.santos@soy.sena.edu.co","telefono":"3132311084","direccion":"KDX 286-300 AV CIRCUNVALAR","genero":"MASCULINO","fecha_nacimiento":"2025-07-31","role_id":"2","jornada":"1","grado":"3","grupo":"23","fecha_matricula":"2025-08-13","status":"active"}
DEBUG - 2025-08-10 23:17:51 --> Datos para insertar usuario: {"name":"MARVIN PEREZ","documento":"3731117283","email":"m111arvin.santos@soy.sena.edu.co","telefono":"3132311084","direccion":"KDX 286-300 AV CIRCUNVALAR","genero":"MASCULINO","fecha_nacimiento":"2025-07-31","role_id":"2","status":"active"}
DEBUG - 2025-08-10 23:17:51 --> Usuario insertado correctamente con ID: 11
DEBUG - 2025-08-10 23:17:51 --> Matrícula insertada correctamente para el usuario ID: 11
INFO - 2025-08-10 23:17:52 --> Session: Class initialized using 'CodeIgniter\Session\Handlers\FileHandler' driver.
INFO - 2025-08-10 23:17:52 --> UserManagementModel: getUsers called with id: 
INFO - 2025-08-10 23:50:08 --> Session: Class initialized using 'CodeIgniter\Session\Handlers\FileHandler' driver.
INFO - 2025-08-10 23:50:08 --> Usuario autenticado con role_id: 1
INFO - 2025-08-10 23:50:08 --> Session: Class initialized using 'CodeIgniter\Session\Handlers\FileHandler' driver.
ERROR - 2025-08-10 23:50:09 --> mysqli_sql_exception: Table 'siares.requests' doesn't exist in C:\laragon\www\SIARES\system\Database\MySQLi\Connection.php:312
Stack trace:
#0 C:\laragon\www\SIARES\system\Database\MySQLi\Connection.php(312): mysqli->query('SELECT `r`.`id_...', 0)
#1 C:\laragon\www\SIARES\system\Database\BaseConnection.php(734): CodeIgniter\Database\MySQLi\Connection->execute('SELECT `r`.`id_...')
#2 C:\laragon\www\SIARES\system\Database\BaseConnection.php(648): CodeIgniter\Database\BaseConnection->simpleQuery('SELECT `r`.`id_...')
#3 C:\laragon\www\SIARES\system\Database\BaseBuilder.php(1636): CodeIgniter\Database\BaseConnection->query('SELECT `r`.`id_...', Array, false)
#4 C:\laragon\www\SIARES\app\Models\PqrsManagementModel.php(48): CodeIgniter\Database\BaseBuilder->get()
#5 C:\laragon\www\SIARES\app\Controllers\PqrsManagementController.php(21): App\Models\PqrsManagementModel->getDetailedRequests()
#6 C:\laragon\www\SIARES\system\CodeIgniter.php(933): App\Controllers\PqrsManagementController->index()
#7 C:\laragon\www\SIARES\system\CodeIgniter.php(509): CodeIgniter\CodeIgniter->runController(Object(App\Controllers\PqrsManagementController))
#8 C:\laragon\www\SIARES\system\CodeIgniter.php(355): CodeIgniter\CodeIgniter->handleRequest(NULL, Object(Config\Cache), false)
#9 C:\laragon\www\SIARES\system\Boot.php(325): CodeIgniter\CodeIgniter->run()
#10 C:\laragon\www\SIARES\system\Boot.php(67): CodeIgniter\Boot::runCodeIgniter(Object(CodeIgniter\CodeIgniter))
#11 C:\laragon\www\SIARES\index.php(56): CodeIgniter\Boot::bootWeb(Object(Config\Paths))
#12 {main}
CRITICAL - 2025-08-10 23:50:09 --> CodeIgniter\Database\Exceptions\DatabaseException: Table 'siares.requests' doesn't exist
[Method: GET, Route: admin/pqrsmanagement]
in SYSTEMPATH\Database\BaseConnection.php on line 688.
 1 SYSTEMPATH\Database\BaseBuilder.php(1636): CodeIgniter\Database\BaseConnection->query('SELECT `r`.`id_request`, `r`.`unique_code`, `u`.`email`, `rt`.`id_type`, `rt`.`name` as `type`, `rs`.`id_status`, `rs`.`name` as `status`, `r`.`attachment_url`, `r`.`description`, `r`.`response`, `r`.`created_at`, `r`.`updated_at`
FROM `requests` `r`
JOIN `request_statuses` `rs` ON `r`.`status_id` = `rs`.`id_status`
JOIN `request_types` `rt` ON `r`.`type_id` = `rt`.`id_type`
JOIN `users` `u` ON `r`.`user_id` = `u`.`id_user`', [], false)
 2 APPPATH\Models\PqrsManagementModel.php(48): CodeIgniter\Database\BaseBuilder->get()
 3 APPPATH\Controllers\PqrsManagementController.php(21): App\Models\PqrsManagementModel->getDetailedRequests()
 4 SYSTEMPATH\CodeIgniter.php(933): App\Controllers\PqrsManagementController->index()
 5 SYSTEMPATH\CodeIgniter.php(509): CodeIgniter\CodeIgniter->runController(Object(App\Controllers\PqrsManagementController))
 6 SYSTEMPATH\CodeIgniter.php(355): CodeIgniter\CodeIgniter->handleRequest(null, Object(Config\Cache), false)
 7 SYSTEMPATH\Boot.php(325): CodeIgniter\CodeIgniter->run()
 8 SYSTEMPATH\Boot.php(67): CodeIgniter\Boot::runCodeIgniter(Object(CodeIgniter\CodeIgniter))
 9 FCPATH\index.php(56): CodeIgniter\Boot::bootWeb(Object(Config\Paths))
CRITICAL - 2025-08-10 23:50:09 --> [Caused by] CodeIgniter\Database\Exceptions\DatabaseException: Table 'siares.requests' doesn't exist
in SYSTEMPATH\Database\MySQLi\Connection.php on line 317.
 1 SYSTEMPATH\Database\BaseConnection.php(734): CodeIgniter\Database\MySQLi\Connection->execute('SELECT `r`.`id_request`, `r`.`unique_code`, `u`.`email`, `rt`.`id_type`, `rt`.`name` as `type`, `rs`.`id_status`, `rs`.`name` as `status`, `r`.`attachment_url`, `r`.`description`, `r`.`response`, `r`.`created_at`, `r`.`updated_at`
FROM `requests` `r`
JOIN `request_statuses` `rs` ON `r`.`status_id` = `rs`.`id_status`
JOIN `request_types` `rt` ON `r`.`type_id` = `rt`.`id_type`
JOIN `users` `u` ON `r`.`user_id` = `u`.`id_user`')
 2 SYSTEMPATH\Database\BaseConnection.php(648): CodeIgniter\Database\BaseConnection->simpleQuery('SELECT `r`.`id_request`, `r`.`unique_code`, `u`.`email`, `rt`.`id_type`, `rt`.`name` as `type`, `rs`.`id_status`, `rs`.`name` as `status`, `r`.`attachment_url`, `r`.`description`, `r`.`response`, `r`.`created_at`, `r`.`updated_at`
FROM `requests` `r`
JOIN `request_statuses` `rs` ON `r`.`status_id` = `rs`.`id_status`
JOIN `request_types` `rt` ON `r`.`type_id` = `rt`.`id_type`
JOIN `users` `u` ON `r`.`user_id` = `u`.`id_user`')
 3 SYSTEMPATH\Database\BaseBuilder.php(1636): CodeIgniter\Database\BaseConnection->query('SELECT `r`.`id_request`, `r`.`unique_code`, `u`.`email`, `rt`.`id_type`, `rt`.`name` as `type`, `rs`.`id_status`, `rs`.`name` as `status`, `r`.`attachment_url`, `r`.`description`, `r`.`response`, `r`.`created_at`, `r`.`updated_at`
FROM `requests` `r`
JOIN `request_statuses` `rs` ON `r`.`status_id` = `rs`.`id_status`
JOIN `request_types` `rt` ON `r`.`type_id` = `rt`.`id_type`
JOIN `users` `u` ON `r`.`user_id` = `u`.`id_user`', [], false)
 4 APPPATH\Models\PqrsManagementModel.php(48): CodeIgniter\Database\BaseBuilder->get()
 5 APPPATH\Controllers\PqrsManagementController.php(21): App\Models\PqrsManagementModel->getDetailedRequests()
 6 SYSTEMPATH\CodeIgniter.php(933): App\Controllers\PqrsManagementController->index()
 7 SYSTEMPATH\CodeIgniter.php(509): CodeIgniter\CodeIgniter->runController(Object(App\Controllers\PqrsManagementController))
 8 SYSTEMPATH\CodeIgniter.php(355): CodeIgniter\CodeIgniter->handleRequest(null, Object(Config\Cache), false)
 9 SYSTEMPATH\Boot.php(325): CodeIgniter\CodeIgniter->run()
10 SYSTEMPATH\Boot.php(67): CodeIgniter\Boot::runCodeIgniter(Object(CodeIgniter\CodeIgniter))
11 FCPATH\index.php(56): CodeIgniter\Boot::bootWeb(Object(Config\Paths))
CRITICAL - 2025-08-10 23:50:09 --> [Caused by] mysqli_sql_exception: Table 'siares.requests' doesn't exist
in SYSTEMPATH\Database\MySQLi\Connection.php on line 312.
 1 SYSTEMPATH\Database\MySQLi\Connection.php(312): mysqli->query('SELECT `r`.`id_request`, `r`.`unique_code`, `u`.`email`, `rt`.`id_type`, `rt`.`name` as `type`, `rs`.`id_status`, `rs`.`name` as `status`, `r`.`attachment_url`, `r`.`description`, `r`.`response`, `r`.`created_at`, `r`.`updated_at`
FROM `requests` `r`
JOIN `request_statuses` `rs` ON `r`.`status_id` = `rs`.`id_status`
JOIN `request_types` `rt` ON `r`.`type_id` = `rt`.`id_type`
JOIN `users` `u` ON `r`.`user_id` = `u`.`id_user`', 0)
 2 SYSTEMPATH\Database\BaseConnection.php(734): CodeIgniter\Database\MySQLi\Connection->execute('SELECT `r`.`id_request`, `r`.`unique_code`, `u`.`email`, `rt`.`id_type`, `rt`.`name` as `type`, `rs`.`id_status`, `rs`.`name` as `status`, `r`.`attachment_url`, `r`.`description`, `r`.`response`, `r`.`created_at`, `r`.`updated_at`
FROM `requests` `r`
JOIN `request_statuses` `rs` ON `r`.`status_id` = `rs`.`id_status`
JOIN `request_types` `rt` ON `r`.`type_id` = `rt`.`id_type`
JOIN `users` `u` ON `r`.`user_id` = `u`.`id_user`')
 3 SYSTEMPATH\Database\BaseConnection.php(648): CodeIgniter\Database\BaseConnection->simpleQuery('SELECT `r`.`id_request`, `r`.`unique_code`, `u`.`email`, `rt`.`id_type`, `rt`.`name` as `type`, `rs`.`id_status`, `rs`.`name` as `status`, `r`.`attachment_url`, `r`.`description`, `r`.`response`, `r`.`created_at`, `r`.`updated_at`
FROM `requests` `r`
JOIN `request_statuses` `rs` ON `r`.`status_id` = `rs`.`id_status`
JOIN `request_types` `rt` ON `r`.`type_id` = `rt`.`id_type`
JOIN `users` `u` ON `r`.`user_id` = `u`.`id_user`')
 4 SYSTEMPATH\Database\BaseBuilder.php(1636): CodeIgniter\Database\BaseConnection->query('SELECT `r`.`id_request`, `r`.`unique_code`, `u`.`email`, `rt`.`id_type`, `rt`.`name` as `type`, `rs`.`id_status`, `rs`.`name` as `status`, `r`.`attachment_url`, `r`.`description`, `r`.`response`, `r`.`created_at`, `r`.`updated_at`
FROM `requests` `r`
JOIN `request_statuses` `rs` ON `r`.`status_id` = `rs`.`id_status`
JOIN `request_types` `rt` ON `r`.`type_id` = `rt`.`id_type`
JOIN `users` `u` ON `r`.`user_id` = `u`.`id_user`', [], false)
 5 APPPATH\Models\PqrsManagementModel.php(48): CodeIgniter\Database\BaseBuilder->get()
 6 APPPATH\Controllers\PqrsManagementController.php(21): App\Models\PqrsManagementModel->getDetailedRequests()
 7 SYSTEMPATH\CodeIgniter.php(933): App\Controllers\PqrsManagementController->index()
 8 SYSTEMPATH\CodeIgniter.php(509): CodeIgniter\CodeIgniter->runController(Object(App\Controllers\PqrsManagementController))
 9 SYSTEMPATH\CodeIgniter.php(355): CodeIgniter\CodeIgniter->handleRequest(null, Object(Config\Cache), false)
10 SYSTEMPATH\Boot.php(325): CodeIgniter\CodeIgniter->run()
11 SYSTEMPATH\Boot.php(67): CodeIgniter\Boot::runCodeIgniter(Object(CodeIgniter\CodeIgniter))
12 FCPATH\index.php(56): CodeIgniter\Boot::bootWeb(Object(Config\Paths))
