INFO - 2025-08-07 16:16:27 --> Session: Class initialized using 'CodeIgniter\Session\Handlers\FileHandler' driver.
INFO - 2025-08-07 16:16:27 --> UserManagementModel: getUsers called with id: 
CRITICAL - 2025-08-07 16:16:27 --> ErrorException: Undefined variable $tyjornadape
[Method: GET, Route: admin/usermanagement]
in APPPATH\Views\security\UserManagement\modals\Create.php on line 105.
 1 APPPATH\Views\security\UserManagement\modals\Create.php(105): CodeIgniter\Debug\Exceptions->errorHandler(2, 'Undefined variable $tyjornadape', 'C:\\laragon\\www\\SIARES\\app\\Views\\security\\UserManagement\\modals\\Create.php', 105)
 2 SYSTEMPATH\View\View.php(234): include('C:\\laragon\\www\\SIARES\\app\\Views\\security\\UserManagement\\modals\\Create.php')
 3 SYSTEMPATH\View\View.php(237): CodeIgniter\View\View->CodeIgniter\View\{closure}()
 4 SYSTEMPATH\Common.php(1171): CodeIgniter\View\View->render('security/UserManagement/modals/Create', [], true)
 5 APPPATH\Views\security\UserManagement\UserManagement.php(79): view('security/UserManagement/modals/Create')
 6 SYSTEMPATH\View\View.php(234): include('C:\\laragon\\www\\SIARES\\app\\Views\\security\\UserManagement\\UserManagement.php')
 7 SYSTEMPATH\View\View.php(237): CodeIgniter\View\View->CodeIgniter\View\{closure}()
 8 SYSTEMPATH\Common.php(1171): CodeIgniter\View\View->render('security/UserManagement/UserManagement', [], true)
 9 APPPATH\Controllers\UserManagementController.php(27): view('security/UserManagement/UserManagement', [...])
10 SYSTEMPATH\CodeIgniter.php(933): App\Controllers\UserManagementController->index()
11 SYSTEMPATH\CodeIgniter.php(509): CodeIgniter\CodeIgniter->runController(Object(App\Controllers\UserManagementController))
12 SYSTEMPATH\CodeIgniter.php(355): CodeIgniter\CodeIgniter->handleRequest(null, Object(Config\Cache), false)
13 SYSTEMPATH\Boot.php(325): CodeIgniter\CodeIgniter->run()
14 SYSTEMPATH\Boot.php(67): CodeIgniter\Boot::runCodeIgniter(Object(CodeIgniter\CodeIgniter))
15 FCPATH\index.php(56): CodeIgniter\Boot::bootWeb(Object(Config\Paths))
INFO - 2025-08-07 16:16:40 --> Session: Class initialized using 'CodeIgniter\Session\Handlers\FileHandler' driver.
INFO - 2025-08-07 16:16:40 --> UserManagementModel: getUsers called with id: 
INFO - 2025-08-07 16:17:12 --> Session: Class initialized using 'CodeIgniter\Session\Handlers\FileHandler' driver.
INFO - 2025-08-07 16:17:12 --> UserManagementModel: getUsers called with id: 
INFO - 2025-08-07 16:17:30 --> Session: Class initialized using 'CodeIgniter\Session\Handlers\FileHandler' driver.
INFO - 2025-08-07 16:17:30 --> UserManagementModel: getUsers called with id: 
INFO - 2025-08-07 16:19:50 --> Session: Class initialized using 'CodeIgniter\Session\Handlers\FileHandler' driver.
INFO - 2025-08-07 16:19:50 --> UserManagementModel: getUsers called with id: 
CRITICAL - 2025-08-07 16:19:50 --> ErrorException: Undefined array key "nombre"
[Method: GET, Route: admin/usermanagement]
in APPPATH\Views\security\UserManagement\modals\Create.php on line 88.
 1 APPPATH\Views\security\UserManagement\modals\Create.php(88): CodeIgniter\Debug\Exceptions->errorHandler(2, 'Undefined array key "nombre"', 'C:\\laragon\\www\\SIARES\\app\\Views\\security\\UserManagement\\modals\\Create.php', 88)
 2 SYSTEMPATH\View\View.php(234): include('C:\\laragon\\www\\SIARES\\app\\Views\\security\\UserManagement\\modals\\Create.php')
 3 SYSTEMPATH\View\View.php(237): CodeIgniter\View\View->CodeIgniter\View\{closure}()
 4 SYSTEMPATH\Common.php(1171): CodeIgniter\View\View->render('security/UserManagement/modals/Create', [], true)
 5 APPPATH\Views\security\UserManagement\UserManagement.php(79): view('security/UserManagement/modals/Create')
 6 SYSTEMPATH\View\View.php(234): include('C:\\laragon\\www\\SIARES\\app\\Views\\security\\UserManagement\\UserManagement.php')
 7 SYSTEMPATH\View\View.php(237): CodeIgniter\View\View->CodeIgniter\View\{closure}()
 8 SYSTEMPATH\Common.php(1171): CodeIgniter\View\View->render('security/UserManagement/UserManagement', [], true)
 9 APPPATH\Controllers\UserManagementController.php(27): view('security/UserManagement/UserManagement', [...])
10 SYSTEMPATH\CodeIgniter.php(933): App\Controllers\UserManagementController->index()
11 SYSTEMPATH\CodeIgniter.php(509): CodeIgniter\CodeIgniter->runController(Object(App\Controllers\UserManagementController))
12 SYSTEMPATH\CodeIgniter.php(355): CodeIgniter\CodeIgniter->handleRequest(null, Object(Config\Cache), false)
13 SYSTEMPATH\Boot.php(325): CodeIgniter\CodeIgniter->run()
14 SYSTEMPATH\Boot.php(67): CodeIgniter\Boot::runCodeIgniter(Object(CodeIgniter\CodeIgniter))
15 FCPATH\index.php(56): CodeIgniter\Boot::bootWeb(Object(Config\Paths))
INFO - 2025-08-07 16:20:14 --> Session: Class initialized using 'CodeIgniter\Session\Handlers\FileHandler' driver.
INFO - 2025-08-07 16:20:14 --> UserManagementModel: getUsers called with id: 
INFO - 2025-08-07 16:20:30 --> Session: Class initialized using 'CodeIgniter\Session\Handlers\FileHandler' driver.
INFO - 2025-08-07 16:20:30 --> UserManagementModel: getUsers called with id: 
