INFO - 2025-08-09 10:06:27 --> Session: Class initialized using 'CodeIgniter\Session\Handlers\FileHandler' driver.
INFO - 2025-08-09 10:06:27 --> Usuario autenticado con role_id: 
INFO - 2025-08-09 10:06:34 --> El método authenticate fue llamado
INFO - 2025-08-09 10:06:35 --> Session: Class initialized using 'CodeIgniter\Session\Handlers\FileHandler' driver.
INFO - 2025-08-09 10:06:35 --> Usuario autenticado: Admin Principal
INFO - 2025-08-09 10:06:35 --> Session: Class initialized using 'CodeIgniter\Session\Handlers\FileHandler' driver.
INFO - 2025-08-09 10:06:44 --> Session: Class initialized using 'CodeIgniter\Session\Handlers\FileHandler' driver.
INFO - 2025-08-09 10:06:44 --> UserManagementModel: getUsers called with id: 
INFO - 2025-08-09 10:08:35 --> Session: Class initialized using 'CodeIgniter\Session\Handlers\FileHandler' driver.
INFO - 2025-08-09 10:08:35 --> Iniciando el método getUserById() con ID: 1
INFO - 2025-08-09 10:08:35 --> Usuario encontrado: {"id":"1","name":"Admin Principal","documento":"10000001","email":"admin@siares.com","telefono":"3001234567","direccion":"Calle Falsa 123","genero":"M","fecha_nacimiento":"1990-01-01","estado":"activo","password":"$2y$10$Uuqe7Ptxx4.\/8RK0sbXmQuwxZJKaCV3a8NPA9OtC0h4ILOgFTCbZK","role_id":"1","created_at":"2025-08-05 08:57:48","updated_at":null}
INFO - 2025-08-09 11:24:32 --> Session: Class initialized using 'CodeIgniter\Session\Handlers\FileHandler' driver.
CRITICAL - 2025-08-09 11:24:32 --> CodeIgniter\View\Exceptions\ViewException: Invalid file: "extras_management/extras_management.php"
[Method: GET, Route: admin/dashboard]
in SYSTEMPATH\Exceptions\FrameworkException.php on line 41.
 1 SYSTEMPATH\View\View.php(222): CodeIgniter\Exceptions\FrameworkException::forInvalidFile('extras_management/extras_management.php')
 2 SYSTEMPATH\Common.php(1171): CodeIgniter\View\View->render('extras_management/extras_management', [], true)
 3 APPPATH\Controllers\HomeController.php(15): view('extras_management/extras_management')
 4 SYSTEMPATH\CodeIgniter.php(933): App\Controllers\HomeController->index()
 5 SYSTEMPATH\CodeIgniter.php(509): CodeIgniter\CodeIgniter->runController(Object(App\Controllers\HomeController))
 6 SYSTEMPATH\CodeIgniter.php(355): CodeIgniter\CodeIgniter->handleRequest(null, Object(Config\Cache), false)
 7 SYSTEMPATH\Boot.php(325): CodeIgniter\CodeIgniter->run()
 8 SYSTEMPATH\Boot.php(67): CodeIgniter\Boot::runCodeIgniter(Object(CodeIgniter\CodeIgniter))
 9 FCPATH\index.php(56): CodeIgniter\Boot::bootWeb(Object(Config\Paths))
INFO - 2025-08-09 11:24:33 --> Session: Class initialized using 'CodeIgniter\Session\Handlers\FileHandler' driver.
INFO - 2025-08-09 11:24:33 --> UserManagementModel: getUsers called with id: 
INFO - 2025-08-09 13:04:00 --> Session: Class initialized using 'CodeIgniter\Session\Handlers\FileHandler' driver.
INFO - 2025-08-09 13:04:00 --> Usuario autenticado con role_id: 1
INFO - 2025-08-09 13:04:01 --> Session: Class initialized using 'CodeIgniter\Session\Handlers\FileHandler' driver.
ERROR - 2025-08-09 13:04:01 --> mysqli_sql_exception: Table 'siares.requests' doesn't exist in C:\laragon\www\SIARES\system\Database\MySQLi\Connection.php:312
Stack trace:
#0 C:\laragon\www\SIARES\system\Database\MySQLi\Connection.php(312): mysqli->query('SELECT `r`.`id_...', 0)
#1 C:\laragon\www\SIARES\system\Database\BaseConnection.php(734): CodeIgniter\Database\MySQLi\Connection->execute('SELECT `r`.`id_...')
#2 C:\laragon\www\SIARES\system\Database\BaseConnection.php(648): CodeIgniter\Database\BaseConnection->simpleQuery('SELECT `r`.`id_...')
#3 C:\laragon\www\SIARES\system\Database\BaseBuilder.php(1636): CodeIgniter\Database\BaseConnection->query('SELECT `r`.`id_...', Array, false)
#4 C:\laragon\www\SIARES\app\Models\PqrsManagementModel.php(48): CodeIgniter\Database\BaseBuilder->get()
#5 C:\laragon\www\SIARES\app\Controllers\PqrsManagementController.php(21): App\Models\PqrsManagementModel->getDetailedRequests()
#6 C:\laragon\www\SIARES\system\CodeIgniter.php(933): App\Controllers\PqrsManagementController->index()
#7 C:\laragon\www\SIARES\system\CodeIgniter.php(509): CodeIgniter\CodeIgniter->runController(Object(App\Controllers\PqrsManagementController))
#8 C:\laragon\www\SIARES\system\CodeIgniter.php(355): CodeIgniter\CodeIgniter->handleRequest(NULL, Object(Config\Cache), false)
#9 C:\laragon\www\SIARES\system\Boot.php(325): CodeIgniter\CodeIgniter->run()
#10 C:\laragon\www\SIARES\system\Boot.php(67): CodeIgniter\Boot::runCodeIgniter(Object(CodeIgniter\CodeIgniter))
#11 C:\laragon\www\SIARES\index.php(56): CodeIgniter\Boot::bootWeb(Object(Config\Paths))
#12 {main}
CRITICAL - 2025-08-09 13:04:01 --> CodeIgniter\Database\Exceptions\DatabaseException: Table 'siares.requests' doesn't exist
[Method: GET, Route: admin/pqrsmanagement]
in SYSTEMPATH\Database\BaseConnection.php on line 688.
 1 SYSTEMPATH\Database\BaseBuilder.php(1636): CodeIgniter\Database\BaseConnection->query('SELECT `r`.`id_request`, `r`.`unique_code`, `u`.`email`, `rt`.`id_type`, `rt`.`name` as `type`, `rs`.`id_status`, `rs`.`name` as `status`, `r`.`attachment_url`, `r`.`description`, `r`.`response`, `r`.`created_at`, `r`.`updated_at`
FROM `requests` `r`
JOIN `request_statuses` `rs` ON `r`.`status_id` = `rs`.`id_status`
JOIN `request_types` `rt` ON `r`.`type_id` = `rt`.`id_type`
JOIN `users` `u` ON `r`.`user_id` = `u`.`id_user`', [], false)
 2 APPPATH\Models\PqrsManagementModel.php(48): CodeIgniter\Database\BaseBuilder->get()
 3 APPPATH\Controllers\PqrsManagementController.php(21): App\Models\PqrsManagementModel->getDetailedRequests()
 4 SYSTEMPATH\CodeIgniter.php(933): App\Controllers\PqrsManagementController->index()
 5 SYSTEMPATH\CodeIgniter.php(509): CodeIgniter\CodeIgniter->runController(Object(App\Controllers\PqrsManagementController))
 6 SYSTEMPATH\CodeIgniter.php(355): CodeIgniter\CodeIgniter->handleRequest(null, Object(Config\Cache), false)
 7 SYSTEMPATH\Boot.php(325): CodeIgniter\CodeIgniter->run()
 8 SYSTEMPATH\Boot.php(67): CodeIgniter\Boot::runCodeIgniter(Object(CodeIgniter\CodeIgniter))
 9 FCPATH\index.php(56): CodeIgniter\Boot::bootWeb(Object(Config\Paths))
CRITICAL - 2025-08-09 13:04:01 --> [Caused by] CodeIgniter\Database\Exceptions\DatabaseException: Table 'siares.requests' doesn't exist
in SYSTEMPATH\Database\MySQLi\Connection.php on line 317.
 1 SYSTEMPATH\Database\BaseConnection.php(734): CodeIgniter\Database\MySQLi\Connection->execute('SELECT `r`.`id_request`, `r`.`unique_code`, `u`.`email`, `rt`.`id_type`, `rt`.`name` as `type`, `rs`.`id_status`, `rs`.`name` as `status`, `r`.`attachment_url`, `r`.`description`, `r`.`response`, `r`.`created_at`, `r`.`updated_at`
FROM `requests` `r`
JOIN `request_statuses` `rs` ON `r`.`status_id` = `rs`.`id_status`
JOIN `request_types` `rt` ON `r`.`type_id` = `rt`.`id_type`
JOIN `users` `u` ON `r`.`user_id` = `u`.`id_user`')
 2 SYSTEMPATH\Database\BaseConnection.php(648): CodeIgniter\Database\BaseConnection->simpleQuery('SELECT `r`.`id_request`, `r`.`unique_code`, `u`.`email`, `rt`.`id_type`, `rt`.`name` as `type`, `rs`.`id_status`, `rs`.`name` as `status`, `r`.`attachment_url`, `r`.`description`, `r`.`response`, `r`.`created_at`, `r`.`updated_at`
FROM `requests` `r`
JOIN `request_statuses` `rs` ON `r`.`status_id` = `rs`.`id_status`
JOIN `request_types` `rt` ON `r`.`type_id` = `rt`.`id_type`
JOIN `users` `u` ON `r`.`user_id` = `u`.`id_user`')
 3 SYSTEMPATH\Database\BaseBuilder.php(1636): CodeIgniter\Database\BaseConnection->query('SELECT `r`.`id_request`, `r`.`unique_code`, `u`.`email`, `rt`.`id_type`, `rt`.`name` as `type`, `rs`.`id_status`, `rs`.`name` as `status`, `r`.`attachment_url`, `r`.`description`, `r`.`response`, `r`.`created_at`, `r`.`updated_at`
FROM `requests` `r`
JOIN `request_statuses` `rs` ON `r`.`status_id` = `rs`.`id_status`
JOIN `request_types` `rt` ON `r`.`type_id` = `rt`.`id_type`
JOIN `users` `u` ON `r`.`user_id` = `u`.`id_user`', [], false)
 4 APPPATH\Models\PqrsManagementModel.php(48): CodeIgniter\Database\BaseBuilder->get()
 5 APPPATH\Controllers\PqrsManagementController.php(21): App\Models\PqrsManagementModel->getDetailedRequests()
 6 SYSTEMPATH\CodeIgniter.php(933): App\Controllers\PqrsManagementController->index()
 7 SYSTEMPATH\CodeIgniter.php(509): CodeIgniter\CodeIgniter->runController(Object(App\Controllers\PqrsManagementController))
 8 SYSTEMPATH\CodeIgniter.php(355): CodeIgniter\CodeIgniter->handleRequest(null, Object(Config\Cache), false)
 9 SYSTEMPATH\Boot.php(325): CodeIgniter\CodeIgniter->run()
10 SYSTEMPATH\Boot.php(67): CodeIgniter\Boot::runCodeIgniter(Object(CodeIgniter\CodeIgniter))
11 FCPATH\index.php(56): CodeIgniter\Boot::bootWeb(Object(Config\Paths))
CRITICAL - 2025-08-09 13:04:01 --> [Caused by] mysqli_sql_exception: Table 'siares.requests' doesn't exist
in SYSTEMPATH\Database\MySQLi\Connection.php on line 312.
 1 SYSTEMPATH\Database\MySQLi\Connection.php(312): mysqli->query('SELECT `r`.`id_request`, `r`.`unique_code`, `u`.`email`, `rt`.`id_type`, `rt`.`name` as `type`, `rs`.`id_status`, `rs`.`name` as `status`, `r`.`attachment_url`, `r`.`description`, `r`.`response`, `r`.`created_at`, `r`.`updated_at`
FROM `requests` `r`
JOIN `request_statuses` `rs` ON `r`.`status_id` = `rs`.`id_status`
JOIN `request_types` `rt` ON `r`.`type_id` = `rt`.`id_type`
JOIN `users` `u` ON `r`.`user_id` = `u`.`id_user`', 0)
 2 SYSTEMPATH\Database\BaseConnection.php(734): CodeIgniter\Database\MySQLi\Connection->execute('SELECT `r`.`id_request`, `r`.`unique_code`, `u`.`email`, `rt`.`id_type`, `rt`.`name` as `type`, `rs`.`id_status`, `rs`.`name` as `status`, `r`.`attachment_url`, `r`.`description`, `r`.`response`, `r`.`created_at`, `r`.`updated_at`
FROM `requests` `r`
JOIN `request_statuses` `rs` ON `r`.`status_id` = `rs`.`id_status`
JOIN `request_types` `rt` ON `r`.`type_id` = `rt`.`id_type`
JOIN `users` `u` ON `r`.`user_id` = `u`.`id_user`')
 3 SYSTEMPATH\Database\BaseConnection.php(648): CodeIgniter\Database\BaseConnection->simpleQuery('SELECT `r`.`id_request`, `r`.`unique_code`, `u`.`email`, `rt`.`id_type`, `rt`.`name` as `type`, `rs`.`id_status`, `rs`.`name` as `status`, `r`.`attachment_url`, `r`.`description`, `r`.`response`, `r`.`created_at`, `r`.`updated_at`
FROM `requests` `r`
JOIN `request_statuses` `rs` ON `r`.`status_id` = `rs`.`id_status`
JOIN `request_types` `rt` ON `r`.`type_id` = `rt`.`id_type`
JOIN `users` `u` ON `r`.`user_id` = `u`.`id_user`')
 4 SYSTEMPATH\Database\BaseBuilder.php(1636): CodeIgniter\Database\BaseConnection->query('SELECT `r`.`id_request`, `r`.`unique_code`, `u`.`email`, `rt`.`id_type`, `rt`.`name` as `type`, `rs`.`id_status`, `rs`.`name` as `status`, `r`.`attachment_url`, `r`.`description`, `r`.`response`, `r`.`created_at`, `r`.`updated_at`
FROM `requests` `r`
JOIN `request_statuses` `rs` ON `r`.`status_id` = `rs`.`id_status`
JOIN `request_types` `rt` ON `r`.`type_id` = `rt`.`id_type`
JOIN `users` `u` ON `r`.`user_id` = `u`.`id_user`', [], false)
 5 APPPATH\Models\PqrsManagementModel.php(48): CodeIgniter\Database\BaseBuilder->get()
 6 APPPATH\Controllers\PqrsManagementController.php(21): App\Models\PqrsManagementModel->getDetailedRequests()
 7 SYSTEMPATH\CodeIgniter.php(933): App\Controllers\PqrsManagementController->index()
 8 SYSTEMPATH\CodeIgniter.php(509): CodeIgniter\CodeIgniter->runController(Object(App\Controllers\PqrsManagementController))
 9 SYSTEMPATH\CodeIgniter.php(355): CodeIgniter\CodeIgniter->handleRequest(null, Object(Config\Cache), false)
10 SYSTEMPATH\Boot.php(325): CodeIgniter\CodeIgniter->run()
11 SYSTEMPATH\Boot.php(67): CodeIgniter\Boot::runCodeIgniter(Object(CodeIgniter\CodeIgniter))
12 FCPATH\index.php(56): CodeIgniter\Boot::bootWeb(Object(Config\Paths))
INFO - 2025-08-09 13:04:05 --> Session: Class initialized using 'CodeIgniter\Session\Handlers\FileHandler' driver.
INFO - 2025-08-09 13:04:05 --> Usuario autenticado con role_id: 1
INFO - 2025-08-09 13:04:06 --> Session: Class initialized using 'CodeIgniter\Session\Handlers\FileHandler' driver.
ERROR - 2025-08-09 13:04:06 --> mysqli_sql_exception: Table 'siares.requests' doesn't exist in C:\laragon\www\SIARES\system\Database\MySQLi\Connection.php:312
Stack trace:
#0 C:\laragon\www\SIARES\system\Database\MySQLi\Connection.php(312): mysqli->query('SELECT `r`.`id_...', 0)
#1 C:\laragon\www\SIARES\system\Database\BaseConnection.php(734): CodeIgniter\Database\MySQLi\Connection->execute('SELECT `r`.`id_...')
#2 C:\laragon\www\SIARES\system\Database\BaseConnection.php(648): CodeIgniter\Database\BaseConnection->simpleQuery('SELECT `r`.`id_...')
#3 C:\laragon\www\SIARES\system\Database\BaseBuilder.php(1636): CodeIgniter\Database\BaseConnection->query('SELECT `r`.`id_...', Array, false)
#4 C:\laragon\www\SIARES\app\Models\PqrsManagementModel.php(48): CodeIgniter\Database\BaseBuilder->get()
#5 C:\laragon\www\SIARES\app\Controllers\PqrsManagementController.php(21): App\Models\PqrsManagementModel->getDetailedRequests()
#6 C:\laragon\www\SIARES\system\CodeIgniter.php(933): App\Controllers\PqrsManagementController->index()
#7 C:\laragon\www\SIARES\system\CodeIgniter.php(509): CodeIgniter\CodeIgniter->runController(Object(App\Controllers\PqrsManagementController))
#8 C:\laragon\www\SIARES\system\CodeIgniter.php(355): CodeIgniter\CodeIgniter->handleRequest(NULL, Object(Config\Cache), false)
#9 C:\laragon\www\SIARES\system\Boot.php(325): CodeIgniter\CodeIgniter->run()
#10 C:\laragon\www\SIARES\system\Boot.php(67): CodeIgniter\Boot::runCodeIgniter(Object(CodeIgniter\CodeIgniter))
#11 C:\laragon\www\SIARES\index.php(56): CodeIgniter\Boot::bootWeb(Object(Config\Paths))
#12 {main}
CRITICAL - 2025-08-09 13:04:06 --> CodeIgniter\Database\Exceptions\DatabaseException: Table 'siares.requests' doesn't exist
[Method: GET, Route: admin/pqrsmanagement]
in SYSTEMPATH\Database\BaseConnection.php on line 688.
 1 SYSTEMPATH\Database\BaseBuilder.php(1636): CodeIgniter\Database\BaseConnection->query('SELECT `r`.`id_request`, `r`.`unique_code`, `u`.`email`, `rt`.`id_type`, `rt`.`name` as `type`, `rs`.`id_status`, `rs`.`name` as `status`, `r`.`attachment_url`, `r`.`description`, `r`.`response`, `r`.`created_at`, `r`.`updated_at`
FROM `requests` `r`
JOIN `request_statuses` `rs` ON `r`.`status_id` = `rs`.`id_status`
JOIN `request_types` `rt` ON `r`.`type_id` = `rt`.`id_type`
JOIN `users` `u` ON `r`.`user_id` = `u`.`id_user`', [], false)
 2 APPPATH\Models\PqrsManagementModel.php(48): CodeIgniter\Database\BaseBuilder->get()
 3 APPPATH\Controllers\PqrsManagementController.php(21): App\Models\PqrsManagementModel->getDetailedRequests()
 4 SYSTEMPATH\CodeIgniter.php(933): App\Controllers\PqrsManagementController->index()
 5 SYSTEMPATH\CodeIgniter.php(509): CodeIgniter\CodeIgniter->runController(Object(App\Controllers\PqrsManagementController))
 6 SYSTEMPATH\CodeIgniter.php(355): CodeIgniter\CodeIgniter->handleRequest(null, Object(Config\Cache), false)
 7 SYSTEMPATH\Boot.php(325): CodeIgniter\CodeIgniter->run()
 8 SYSTEMPATH\Boot.php(67): CodeIgniter\Boot::runCodeIgniter(Object(CodeIgniter\CodeIgniter))
 9 FCPATH\index.php(56): CodeIgniter\Boot::bootWeb(Object(Config\Paths))
CRITICAL - 2025-08-09 13:04:06 --> [Caused by] CodeIgniter\Database\Exceptions\DatabaseException: Table 'siares.requests' doesn't exist
in SYSTEMPATH\Database\MySQLi\Connection.php on line 317.
 1 SYSTEMPATH\Database\BaseConnection.php(734): CodeIgniter\Database\MySQLi\Connection->execute('SELECT `r`.`id_request`, `r`.`unique_code`, `u`.`email`, `rt`.`id_type`, `rt`.`name` as `type`, `rs`.`id_status`, `rs`.`name` as `status`, `r`.`attachment_url`, `r`.`description`, `r`.`response`, `r`.`created_at`, `r`.`updated_at`
FROM `requests` `r`
JOIN `request_statuses` `rs` ON `r`.`status_id` = `rs`.`id_status`
JOIN `request_types` `rt` ON `r`.`type_id` = `rt`.`id_type`
JOIN `users` `u` ON `r`.`user_id` = `u`.`id_user`')
 2 SYSTEMPATH\Database\BaseConnection.php(648): CodeIgniter\Database\BaseConnection->simpleQuery('SELECT `r`.`id_request`, `r`.`unique_code`, `u`.`email`, `rt`.`id_type`, `rt`.`name` as `type`, `rs`.`id_status`, `rs`.`name` as `status`, `r`.`attachment_url`, `r`.`description`, `r`.`response`, `r`.`created_at`, `r`.`updated_at`
FROM `requests` `r`
JOIN `request_statuses` `rs` ON `r`.`status_id` = `rs`.`id_status`
JOIN `request_types` `rt` ON `r`.`type_id` = `rt`.`id_type`
JOIN `users` `u` ON `r`.`user_id` = `u`.`id_user`')
 3 SYSTEMPATH\Database\BaseBuilder.php(1636): CodeIgniter\Database\BaseConnection->query('SELECT `r`.`id_request`, `r`.`unique_code`, `u`.`email`, `rt`.`id_type`, `rt`.`name` as `type`, `rs`.`id_status`, `rs`.`name` as `status`, `r`.`attachment_url`, `r`.`description`, `r`.`response`, `r`.`created_at`, `r`.`updated_at`
FROM `requests` `r`
JOIN `request_statuses` `rs` ON `r`.`status_id` = `rs`.`id_status`
JOIN `request_types` `rt` ON `r`.`type_id` = `rt`.`id_type`
JOIN `users` `u` ON `r`.`user_id` = `u`.`id_user`', [], false)
 4 APPPATH\Models\PqrsManagementModel.php(48): CodeIgniter\Database\BaseBuilder->get()
 5 APPPATH\Controllers\PqrsManagementController.php(21): App\Models\PqrsManagementModel->getDetailedRequests()
 6 SYSTEMPATH\CodeIgniter.php(933): App\Controllers\PqrsManagementController->index()
 7 SYSTEMPATH\CodeIgniter.php(509): CodeIgniter\CodeIgniter->runController(Object(App\Controllers\PqrsManagementController))
 8 SYSTEMPATH\CodeIgniter.php(355): CodeIgniter\CodeIgniter->handleRequest(null, Object(Config\Cache), false)
 9 SYSTEMPATH\Boot.php(325): CodeIgniter\CodeIgniter->run()
10 SYSTEMPATH\Boot.php(67): CodeIgniter\Boot::runCodeIgniter(Object(CodeIgniter\CodeIgniter))
11 FCPATH\index.php(56): CodeIgniter\Boot::bootWeb(Object(Config\Paths))
CRITICAL - 2025-08-09 13:04:06 --> [Caused by] mysqli_sql_exception: Table 'siares.requests' doesn't exist
in SYSTEMPATH\Database\MySQLi\Connection.php on line 312.
 1 SYSTEMPATH\Database\MySQLi\Connection.php(312): mysqli->query('SELECT `r`.`id_request`, `r`.`unique_code`, `u`.`email`, `rt`.`id_type`, `rt`.`name` as `type`, `rs`.`id_status`, `rs`.`name` as `status`, `r`.`attachment_url`, `r`.`description`, `r`.`response`, `r`.`created_at`, `r`.`updated_at`
FROM `requests` `r`
JOIN `request_statuses` `rs` ON `r`.`status_id` = `rs`.`id_status`
JOIN `request_types` `rt` ON `r`.`type_id` = `rt`.`id_type`
JOIN `users` `u` ON `r`.`user_id` = `u`.`id_user`', 0)
 2 SYSTEMPATH\Database\BaseConnection.php(734): CodeIgniter\Database\MySQLi\Connection->execute('SELECT `r`.`id_request`, `r`.`unique_code`, `u`.`email`, `rt`.`id_type`, `rt`.`name` as `type`, `rs`.`id_status`, `rs`.`name` as `status`, `r`.`attachment_url`, `r`.`description`, `r`.`response`, `r`.`created_at`, `r`.`updated_at`
FROM `requests` `r`
JOIN `request_statuses` `rs` ON `r`.`status_id` = `rs`.`id_status`
JOIN `request_types` `rt` ON `r`.`type_id` = `rt`.`id_type`
JOIN `users` `u` ON `r`.`user_id` = `u`.`id_user`')
 3 SYSTEMPATH\Database\BaseConnection.php(648): CodeIgniter\Database\BaseConnection->simpleQuery('SELECT `r`.`id_request`, `r`.`unique_code`, `u`.`email`, `rt`.`id_type`, `rt`.`name` as `type`, `rs`.`id_status`, `rs`.`name` as `status`, `r`.`attachment_url`, `r`.`description`, `r`.`response`, `r`.`created_at`, `r`.`updated_at`
FROM `requests` `r`
JOIN `request_statuses` `rs` ON `r`.`status_id` = `rs`.`id_status`
JOIN `request_types` `rt` ON `r`.`type_id` = `rt`.`id_type`
JOIN `users` `u` ON `r`.`user_id` = `u`.`id_user`')
 4 SYSTEMPATH\Database\BaseBuilder.php(1636): CodeIgniter\Database\BaseConnection->query('SELECT `r`.`id_request`, `r`.`unique_code`, `u`.`email`, `rt`.`id_type`, `rt`.`name` as `type`, `rs`.`id_status`, `rs`.`name` as `status`, `r`.`attachment_url`, `r`.`description`, `r`.`response`, `r`.`created_at`, `r`.`updated_at`
FROM `requests` `r`
JOIN `request_statuses` `rs` ON `r`.`status_id` = `rs`.`id_status`
JOIN `request_types` `rt` ON `r`.`type_id` = `rt`.`id_type`
JOIN `users` `u` ON `r`.`user_id` = `u`.`id_user`', [], false)
 5 APPPATH\Models\PqrsManagementModel.php(48): CodeIgniter\Database\BaseBuilder->get()
 6 APPPATH\Controllers\PqrsManagementController.php(21): App\Models\PqrsManagementModel->getDetailedRequests()
 7 SYSTEMPATH\CodeIgniter.php(933): App\Controllers\PqrsManagementController->index()
 8 SYSTEMPATH\CodeIgniter.php(509): CodeIgniter\CodeIgniter->runController(Object(App\Controllers\PqrsManagementController))
 9 SYSTEMPATH\CodeIgniter.php(355): CodeIgniter\CodeIgniter->handleRequest(null, Object(Config\Cache), false)
10 SYSTEMPATH\Boot.php(325): CodeIgniter\CodeIgniter->run()
11 SYSTEMPATH\Boot.php(67): CodeIgniter\Boot::runCodeIgniter(Object(CodeIgniter\CodeIgniter))
12 FCPATH\index.php(56): CodeIgniter\Boot::bootWeb(Object(Config\Paths))
INFO - 2025-08-09 13:04:16 --> Session: Class initialized using 'CodeIgniter\Session\Handlers\FileHandler' driver.
INFO - 2025-08-09 13:04:16 --> UserManagementModel: getUsers called with id: 
INFO - 2025-08-09 13:15:32 --> Session: Class initialized using 'CodeIgniter\Session\Handlers\FileHandler' driver.
INFO - 2025-08-09 13:15:32 --> UserManagementModel: getUsers called with id: 
INFO - 2025-08-09 13:15:34 --> Session: Class initialized using 'CodeIgniter\Session\Handlers\FileHandler' driver.
INFO - 2025-08-09 13:15:34 --> Iniciando el método getUserById() con ID: 1
INFO - 2025-08-09 13:15:34 --> Usuario encontrado: {"id":"1","name":"Admin Principal","documento":"10000001","email":"admin@siares.com","telefono":"3001234567","direccion":"Calle Falsa 123","genero":"M","fecha_nacimiento":"1990-01-01","estado":"activo","password":"$2y$10$Uuqe7Ptxx4.\/8RK0sbXmQuwxZJKaCV3a8NPA9OtC0h4ILOgFTCbZK","role_id":"1","created_at":"2025-08-05 08:57:48","updated_at":null}
INFO - 2025-08-09 13:15:59 --> Session: Class initialized using 'CodeIgniter\Session\Handlers\FileHandler' driver.
INFO - 2025-08-09 13:15:59 --> UserManagementModel: getUsers called with id: 
INFO - 2025-08-09 13:22:00 --> Session: Class initialized using 'CodeIgniter\Session\Handlers\FileHandler' driver.
INFO - 2025-08-09 13:22:00 --> UserManagementModel: getUsers called with id: 
INFO - 2025-08-09 13:22:14 --> Session: Class initialized using 'CodeIgniter\Session\Handlers\FileHandler' driver.
INFO - 2025-08-09 13:22:14 --> UserManagementModel: getUsers called with id: 
INFO - 2025-08-09 13:23:23 --> Session: Class initialized using 'CodeIgniter\Session\Handlers\FileHandler' driver.
INFO - 2025-08-09 13:23:23 --> UserManagementModel: getUsers called with id: 
INFO - 2025-08-09 13:24:15 --> Session: Class initialized using 'CodeIgniter\Session\Handlers\FileHandler' driver.
INFO - 2025-08-09 13:24:15 --> UserManagementModel: getUsers called with id: 
INFO - 2025-08-09 13:24:40 --> Session: Class initialized using 'CodeIgniter\Session\Handlers\FileHandler' driver.
INFO - 2025-08-09 13:24:40 --> UserManagementModel: getUsers called with id: 
INFO - 2025-08-09 13:24:45 --> Session: Class initialized using 'CodeIgniter\Session\Handlers\FileHandler' driver.
INFO - 2025-08-09 13:24:49 --> Session: Class initialized using 'CodeIgniter\Session\Handlers\FileHandler' driver.
INFO - 2025-08-09 13:24:55 --> Session: Class initialized using 'CodeIgniter\Session\Handlers\FileHandler' driver.
INFO - 2025-08-09 13:25:07 --> Session: Class initialized using 'CodeIgniter\Session\Handlers\FileHandler' driver.
INFO - 2025-08-09 13:25:11 --> Session: Class initialized using 'CodeIgniter\Session\Handlers\FileHandler' driver.
INFO - 2025-08-09 13:25:11 --> UserManagementModel: getUsers called with id: 
INFO - 2025-08-09 13:25:16 --> Session: Class initialized using 'CodeIgniter\Session\Handlers\FileHandler' driver.
INFO - 2025-08-09 13:26:02 --> Session: Class initialized using 'CodeIgniter\Session\Handlers\FileHandler' driver.
INFO - 2025-08-09 13:26:02 --> UserManagementModel: getUsers called with id: 
INFO - 2025-08-09 13:26:06 --> Session: Class initialized using 'CodeIgniter\Session\Handlers\FileHandler' driver.
INFO - 2025-08-09 13:26:14 --> Session: Class initialized using 'CodeIgniter\Session\Handlers\FileHandler' driver.
INFO - 2025-08-09 13:27:10 --> Session: Class initialized using 'CodeIgniter\Session\Handlers\FileHandler' driver.
INFO - 2025-08-09 13:27:10 --> UserManagementModel: getUsers called with id: 
INFO - 2025-08-09 13:27:14 --> Session: Class initialized using 'CodeIgniter\Session\Handlers\FileHandler' driver.
INFO - 2025-08-09 13:28:17 --> Session: Class initialized using 'CodeIgniter\Session\Handlers\FileHandler' driver.
INFO - 2025-08-09 13:28:17 --> UserManagementModel: getUsers called with id: 
INFO - 2025-08-09 13:28:23 --> Session: Class initialized using 'CodeIgniter\Session\Handlers\FileHandler' driver.
INFO - 2025-08-09 13:28:27 --> Session: Class initialized using 'CodeIgniter\Session\Handlers\FileHandler' driver.
INFO - 2025-08-09 13:28:29 --> Session: Class initialized using 'CodeIgniter\Session\Handlers\FileHandler' driver.
INFO - 2025-08-09 13:28:33 --> Session: Class initialized using 'CodeIgniter\Session\Handlers\FileHandler' driver.
INFO - 2025-08-09 13:29:20 --> Session: Class initialized using 'CodeIgniter\Session\Handlers\FileHandler' driver.
INFO - 2025-08-09 13:29:20 --> UserManagementModel: getUsers called with id: 
INFO - 2025-08-09 13:29:26 --> Session: Class initialized using 'CodeIgniter\Session\Handlers\FileHandler' driver.
INFO - 2025-08-09 13:31:46 --> Session: Class initialized using 'CodeIgniter\Session\Handlers\FileHandler' driver.
INFO - 2025-08-09 13:50:17 --> Session: Class initialized using 'CodeIgniter\Session\Handlers\FileHandler' driver.
INFO - 2025-08-09 14:36:11 --> Session: Class initialized using 'CodeIgniter\Session\Handlers\FileHandler' driver.
INFO - 2025-08-09 14:36:11 --> UserManagementModel: getUsers called with id: 
INFO - 2025-08-09 14:36:16 --> Session: Class initialized using 'CodeIgniter\Session\Handlers\FileHandler' driver.
INFO - 2025-08-09 14:36:19 --> Session: Class initialized using 'CodeIgniter\Session\Handlers\FileHandler' driver.
INFO - 2025-08-09 14:37:31 --> Session: Class initialized using 'CodeIgniter\Session\Handlers\FileHandler' driver.
INFO - 2025-08-09 14:37:31 --> UserManagementModel: getUsers called with id: 
INFO - 2025-08-09 14:37:35 --> Session: Class initialized using 'CodeIgniter\Session\Handlers\FileHandler' driver.
