INFO - 2025-07-18 22:18:38 --> Session: Class initialized using 'CodeIgniter\Session\Handlers\FileHandler' driver.
INFO - 2025-07-18 22:18:38 --> UserManagementModel: getUsers called with id: 
CRITICAL - 2025-07-18 22:18:38 --> ErrorException: Undefined array key "trust"
[Method: GET, Route: admin/usermanagement/excel]
in APPPATH\Controllers\UserManagementController.php on line 87.
 1 APPPATH\Controllers\UserManagementController.php(87): CodeIgniter\Debug\Exceptions->errorHandler(2, 'Undefined array key "trust"', 'C:\\laragon\\www\\SCOPECAPITAL\\app\\Controllers\\UserManagementController.php', 87)
 2 SYSTEMPATH\CodeIgniter.php(933): App\Controllers\UserManagementController->exportToExcel()
 3 SYSTEMPATH\CodeIgniter.php(509): CodeIgniter\CodeIgniter->runController(Object(App\Controllers\UserManagementController))
 4 SYSTEMPATH\CodeIgniter.php(355): CodeIgniter\CodeIgniter->handleRequest(null, Object(Config\Cache), false)
 5 SYSTEMPATH\Boot.php(325): CodeIgniter\CodeIgniter->run()
 6 SYSTEMPATH\Boot.php(67): CodeIgniter\Boot::runCodeIgniter(Object(CodeIgniter\CodeIgniter))
 7 FCPATH\index.php(56): CodeIgniter\Boot::bootWeb(Object(Config\Paths))
INFO - 2025-07-18 22:19:16 --> Session: Class initialized using 'CodeIgniter\Session\Handlers\FileHandler' driver.
INFO - 2025-07-18 22:19:16 --> UserManagementModel: getUsers called with id: 
CRITICAL - 2025-07-18 22:19:16 --> ErrorException: Undefined array key "trust"
[Method: GET, Route: admin/usermanagement/excel]
in APPPATH\Controllers\UserManagementController.php on line 87.
 1 APPPATH\Controllers\UserManagementController.php(87): CodeIgniter\Debug\Exceptions->errorHandler(2, 'Undefined array key "trust"', 'C:\\laragon\\www\\SCOPECAPITAL\\app\\Controllers\\UserManagementController.php', 87)
 2 SYSTEMPATH\CodeIgniter.php(933): App\Controllers\UserManagementController->exportToExcel()
 3 SYSTEMPATH\CodeIgniter.php(509): CodeIgniter\CodeIgniter->runController(Object(App\Controllers\UserManagementController))
 4 SYSTEMPATH\CodeIgniter.php(355): CodeIgniter\CodeIgniter->handleRequest(null, Object(Config\Cache), false)
 5 SYSTEMPATH\Boot.php(325): CodeIgniter\CodeIgniter->run()
 6 SYSTEMPATH\Boot.php(67): CodeIgniter\Boot::runCodeIgniter(Object(CodeIgniter\CodeIgniter))
 7 FCPATH\index.php(56): CodeIgniter\Boot::bootWeb(Object(Config\Paths))
INFO - 2025-07-18 22:20:57 --> Session: Class initialized using 'CodeIgniter\Session\Handlers\FileHandler' driver.
INFO - 2025-07-18 22:20:57 --> UserManagementModel: getUsers called with id: 
INFO - 2025-07-18 22:26:26 --> Session: Class initialized using 'CodeIgniter\Session\Handlers\FileHandler' driver.
INFO - 2025-07-18 22:26:26 --> UserManagementModel: getUsers called with id: 
INFO - 2025-07-18 22:26:28 --> Session: Class initialized using 'CodeIgniter\Session\Handlers\FileHandler' driver.
INFO - 2025-07-18 22:26:28 --> UserManagementModel: getUsers called with id: 
INFO - 2025-07-18 22:26:31 --> Session: Class initialized using 'CodeIgniter\Session\Handlers\FileHandler' driver.
INFO - 2025-07-18 22:26:31 --> UserManagementModel: getUsers called with id: 
INFO - 2025-07-18 22:27:28 --> Session: Class initialized using 'CodeIgniter\Session\Handlers\FileHandler' driver.
INFO - 2025-07-18 22:27:28 --> UserManagementModel: getUsers called with id: 
INFO - 2025-07-18 22:27:33 --> Session: Class initialized using 'CodeIgniter\Session\Handlers\FileHandler' driver.
INFO - 2025-07-18 22:27:33 --> UserManagementModel: getUsers called with id: 
INFO - 2025-07-18 22:28:47 --> Session: Class initialized using 'CodeIgniter\Session\Handlers\FileHandler' driver.
INFO - 2025-07-18 22:28:47 --> Datos recogidos de LA BASE DE DATOS: {"users":[{"agreement":"","number":"0","letter":"","date_from":"0000-00-00","date_to":"0000-00-00","policy":"","approved_by":"","approved_date":"0000-00-00","id_user":"2","name":"ANA","last_name":"L\u00d3PEZ","identification":"987654321","email":"marvin.santos@soy.sena.edu.co","phone":"3132311084","address":"KDX 286-300 AV CIRCUNVALAR\r\nBARRIO FUNDADORES","trust":"ADF","email_del_trust":"marvin.santos@soy.sena.edu.co","telephone_del_trust":"3132311084","profile_image":null,"bank":"","swift":"","aba":"","iban":"","account":"","password_hash":"$2y$10$xdHFXhYoOaUbqjip72qvj.3489G7unuXyD7gHL\/XTwcUsDTFyMj6G","date_registration":"2025-07-10 23:24:08","login_attempts":"1","last_login_attempt":"2025-07-18 02:30:06","status":"inactive","role_id":"2","balance":"99999999.99","principal":"5000.00","rate":"3.00","compoundingPeriods":"2","time":"6","role_name":"CLIENT"},{"agreement":"","number":"0","letter":"","date_from":"0000-00-00","date_to":"0000-00-00","policy":"","approved_by":"","approved_date":"0000-00-00","id_user":"3","name":"MARVIN","last_name":"PEREZ","identification":"2354235423","email":"mesp3127@gmail.com","phone":"3132311084","address":"KDX 286-300 AV CIRCUNVALAR","trust":"QWERFQWEF","email_del_trust":"marvin.santos@soy.sena.edu.co","telephone_del_trust":"3132311084","profile_image":null,"bank":"","swift":"","aba":"","iban":"","account":"","password_hash":"$2y$10$LVh1zSVRcwj2shvNgZm8uO0J\/K.YCQ\/JJ5SxiZ8G6uZHctDUadoNC","date_registration":"2025-07-18 02:31:00","login_attempts":"0","last_login_attempt":"2025-07-18 08:14:43","status":"active","role_id":"2","balance":"99999999.99","principal":"4000.00","rate":"3.50","compoundingPeriods":"2","time":"6","role_name":"CLIENT"}],"roles":[{"role_name":"ADMIN","role_description":"ADMINISTRADOR CON ACCESO COMPLETO","created_at":"2025-07-10 23:24:08","id_role":"1"},{"role_name":"CLIENT","role_description":"USUARIO CON PERMISOS DE EDICI\u00d3N","created_at":"2025-07-10 23:24:08","id_role":"2"}]}
INFO - 2025-07-18 22:28:51 --> Session: Class initialized using 'CodeIgniter\Session\Handlers\FileHandler' driver.
INFO - 2025-07-18 22:33:02 --> Session: Class initialized using 'CodeIgniter\Session\Handlers\FileHandler' driver.
INFO - 2025-07-18 22:33:08 --> Session: Class initialized using 'CodeIgniter\Session\Handlers\FileHandler' driver.
INFO - 2025-07-18 22:57:53 --> Session: Class initialized using 'CodeIgniter\Session\Handlers\FileHandler' driver.
INFO - 2025-07-18 22:57:53 --> Datos recogidos de LA BASE DE DATOS: {"users":[{"agreement":"","number":"0","letter":"","date_from":"0000-00-00","date_to":"0000-00-00","policy":"","approved_by":"","approved_date":"0000-00-00","id_user":"2","name":"ANA","last_name":"L\u00d3PEZ","identification":"987654321","email":"marvin.santos@soy.sena.edu.co","phone":"3132311084","address":"KDX 286-300 AV CIRCUNVALAR\r\nBARRIO FUNDADORES","trust":"ADF","email_del_trust":"marvin.santos@soy.sena.edu.co","telephone_del_trust":"3132311084","profile_image":null,"bank":"","swift":"","aba":"","iban":"","account":"","password_hash":"$2y$10$xdHFXhYoOaUbqjip72qvj.3489G7unuXyD7gHL\/XTwcUsDTFyMj6G","date_registration":"2025-07-10 23:24:08","login_attempts":"1","last_login_attempt":"2025-07-18 02:30:06","status":"inactive","role_id":"2","balance":"99999999.99","principal":"5000.00","rate":"3.00","compoundingPeriods":"2","time":"6","role_name":"CLIENT"},{"agreement":"","number":"0","letter":"","date_from":"0000-00-00","date_to":"0000-00-00","policy":"","approved_by":"","approved_date":"0000-00-00","id_user":"3","name":"MARVIN","last_name":"PEREZ","identification":"2354235423","email":"mesp3127@gmail.com","phone":"3132311084","address":"KDX 286-300 AV CIRCUNVALAR","trust":"QWERFQWEF","email_del_trust":"marvin.santos@soy.sena.edu.co","telephone_del_trust":"3132311084","profile_image":null,"bank":"","swift":"","aba":"","iban":"","account":"","password_hash":"$2y$10$LVh1zSVRcwj2shvNgZm8uO0J\/K.YCQ\/JJ5SxiZ8G6uZHctDUadoNC","date_registration":"2025-07-18 02:31:00","login_attempts":"0","last_login_attempt":"2025-07-18 08:14:43","status":"active","role_id":"2","balance":"99999999.99","principal":"4000.00","rate":"3.50","compoundingPeriods":"2","time":"6","role_name":"CLIENT"}],"roles":[{"role_name":"ADMIN","role_description":"ADMINISTRADOR CON ACCESO COMPLETO","created_at":"2025-07-10 23:24:08","id_role":"1"},{"role_name":"CLIENT","role_description":"USUARIO CON PERMISOS DE EDICI\u00d3N","created_at":"2025-07-10 23:24:08","id_role":"2"}]}
INFO - 2025-07-18 22:58:54 --> Session: Class initialized using 'CodeIgniter\Session\Handlers\FileHandler' driver.
INFO - 2025-07-18 22:58:56 --> Session: Class initialized using 'CodeIgniter\Session\Handlers\FileHandler' driver.
INFO - 2025-07-18 22:58:56 --> Iniciando búsqueda de usuario...
INFO - 2025-07-18 22:58:56 --> Identificación recibida: 2354235423
INFO - 2025-07-18 22:58:56 --> Usuario encontrado: {"agreement":"","number":"0","letter":"","date_from":"0000-00-00","date_to":"0000-00-00","policy":"","approved_by":"","approved_date":"0000-00-00","name":"MARVIN","last_name":"PEREZ","identification":"2354235423","email":"mesp3127@gmail.com","phone":"3132311084","address":"KDX 286-300 AV CIRCUNVALAR","trust":"QWERFQWEF","email_del_trust":"marvin.santos@soy.sena.edu.co","telephone_del_trust":"3132311084","profile_image":null,"bank":"","swift":"","aba":"","iban":"","account":"","password_hash":"$2y$10$LVh1zSVRcwj2shvNgZm8uO0J\/K.YCQ\/JJ5SxiZ8G6uZHctDUadoNC","date_registration":"2025-07-18 02:31:00","login_attempts":"0","last_login_attempt":"2025-07-18 08:14:43","status":"active","role_id":"2","reset_token":null,"reset_token_expiration":null,"balance":"99999999.99","principal":"4000.00","rate":"3.50","compoundingPeriods":"2","time":"6","id_user":"3"}
INFO - 2025-07-18 22:58:58 --> Session: Class initialized using 'CodeIgniter\Session\Handlers\FileHandler' driver.
INFO - 2025-07-18 22:58:58 --> Historial de transacciones: [
    {
        "name": "MARVIN",
        "last_name": "PEREZ",
        "email": "mesp3127@gmail.com",
        "phone": "3132311084",
        "amount": "99999999.99",
        "transaction_type": "loan",
        "transaction_date": "2025-07-18 02:31:00"
    },
    {
        "name": "MARVIN",
        "last_name": "PEREZ",
        "email": "mesp3127@gmail.com",
        "phone": "3132311084",
        "amount": "100.00",
        "transaction_type": "loan",
        "transaction_date": "2025-07-01 08:30:00"
    },
    {
        "name": "MARVIN",
        "last_name": "PEREZ",
        "email": "mesp3127@gmail.com",
        "phone": "3132311084",
        "amount": "200.00",
        "transaction_type": "loan",
        "transaction_date": "2025-07-02 09:00:00"
    },
    {
        "name": "MARVIN",
        "last_name": "PEREZ",
        "email": "mesp3127@gmail.com",
        "phone": "3132311084",
        "amount": "150.00",
        "transaction_type": "loan",
        "transaction_date": "2025-07-03 10:15:00"
    },
    {
        "name": "MARVIN",
        "last_name": "PEREZ",
        "email": "mesp3127@gmail.com",
        "phone": "3132311084",
        "amount": "120.00",
        "transaction_type": "loan",
        "transaction_date": "2025-07-04 11:45:00"
    },
    {
        "name": "MARVIN",
        "last_name": "PEREZ",
        "email": "mesp3127@gmail.com",
        "phone": "3132311084",
        "amount": "180.00",
        "transaction_type": "loan",
        "transaction_date": "2025-07-05 14:00:00"
    },
    {
        "name": "MARVIN",
        "last_name": "PEREZ",
        "email": "mesp3127@gmail.com",
        "phone": "3132311084",
        "amount": "50.00",
        "transaction_type": "pay",
        "transaction_date": "2025-07-01 17:00:00"
    },
    {
        "name": "MARVIN",
        "last_name": "PEREZ",
        "email": "mesp3127@gmail.com",
        "phone": "3132311084",
        "amount": "75.00",
        "transaction_type": "pay",
        "transaction_date": "2025-07-03 13:30:00"
    },
    {
        "name": "MARVIN",
        "last_name": "PEREZ",
        "email": "mesp3127@gmail.com",
        "phone": "3132311084",
        "amount": "60.00",
        "transaction_type": "pay",
        "transaction_date": "2025-07-05 18:00:00"
    },
    {
        "name": "MARVIN",
        "last_name": "PEREZ",
        "email": "mesp3127@gmail.com",
        "phone": "3132311084",
        "amount": "40.00",
        "transaction_type": "pay",
        "transaction_date": "2025-07-07 08:00:00"
    },
    {
        "name": "MARVIN",
        "last_name": "PEREZ",
        "email": "mesp3127@gmail.com",
        "phone": "3132311084",
        "amount": "90.00",
        "transaction_type": "pay",
        "transaction_date": "2025-07-08 19:00:00"
    },
    {
        "name": "MARVIN",
        "last_name": "PEREZ",
        "email": "mesp3127@gmail.com",
        "phone": "3132311084",
        "amount": "120.00",
        "transaction_type": "loan",
        "transaction_date": "2025-04-03 09:15:00"
    },
    {
        "name": "MARVIN",
        "last_name": "PEREZ",
        "email": "mesp3127@gmail.com",
        "phone": "3132311084",
        "amount": "80.00",
        "transaction_type": "pay",
        "transaction_date": "2025-04-07 10:45:00"
    },
    {
        "name": "MARVIN",
        "last_name": "PEREZ",
        "email": "mesp3127@gmail.com",
        "phone": "3132311084",
        "amount": "90.50",
        "transaction_type": "loan",
        "transaction_date": "2025-04-12 14:30:00"
    },
    {
        "name": "MARVIN",
        "last_name": "PEREZ",
        "email": "mesp3127@gmail.com",
        "phone": "3132311084",
        "amount": "60.00",
        "transaction_type": "pay",
        "transaction_date": "2025-04-20 16:20:00"
    },
    {
        "name": "MARVIN",
        "last_name": "PEREZ",
        "email": "mesp3127@gmail.com",
        "phone": "3132311084",
        "amount": "200.00",
        "transaction_type": "loan",
        "transaction_date": "2025-04-25 18:10:00"
    },
    {
        "name": "MARVIN",
        "last_name": "PEREZ",
        "email": "mesp3127@gmail.com",
        "phone": "3132311084",
        "amount": "130.00",
        "transaction_type": "loan",
        "transaction_date": "2025-05-02 08:30:00"
    },
    {
        "name": "MARVIN",
        "last_name": "PEREZ",
        "email": "mesp3127@gmail.com",
        "phone": "3132311084",
        "amount": "70.00",
        "transaction_type": "pay",
        "transaction_date": "2025-05-08 11:40:00"
    },
    {
        "name": "MARVIN",
        "last_name": "PEREZ",
        "email": "mesp3127@gmail.com",
        "phone": "3132311084",
        "amount": "220.00",
        "transaction_type": "loan",
        "transaction_date": "2025-05-14 13:00:00"
    },
    {
        "name": "MARVIN",
        "last_name": "PEREZ",
        "email": "mesp3127@gmail.com",
        "phone": "3132311084",
        "amount": "95.00",
        "transaction_type": "pay",
        "transaction_date": "2025-05-21 15:15:00"
    },
    {
        "name": "MARVIN",
        "last_name": "PEREZ",
        "email": "mesp3127@gmail.com",
        "phone": "3132311084",
        "amount": "310.00",
        "transaction_type": "loan",
        "transaction_date": "2025-05-28 17:45:00"
    },
    {
        "name": "MARVIN",
        "last_name": "PEREZ",
        "email": "mesp3127@gmail.com",
        "phone": "3132311084",
        "amount": "150.00",
        "transaction_type": "loan",
        "transaction_date": "2025-06-01 09:05:00"
    },
    {
        "name": "MARVIN",
        "last_name": "PEREZ",
        "email": "mesp3127@gmail.com",
        "phone": "3132311084",
        "amount": "85.00",
        "transaction_type": "pay",
        "transaction_date": "2025-06-06 10:55:00"
    },
    {
        "name": "MARVIN",
        "last_name": "PEREZ",
        "email": "mesp3127@gmail.com",
        "phone": "3132311084",
        "amount": "200.00",
        "transaction_type": "loan",
        "transaction_date": "2025-06-13 12:20:00"
    },
    {
        "name": "MARVIN",
        "last_name": "PEREZ",
        "email": "mesp3127@gmail.com",
        "phone": "3132311084",
        "amount": "110.00",
        "transaction_type": "pay",
        "transaction_date": "2025-06-19 14:40:00"
    },
    {
        "name": "MARVIN",
        "last_name": "PEREZ",
        "email": "mesp3127@gmail.com",
        "phone": "3132311084",
        "amount": "170.00",
        "transaction_type": "loan",
        "transaction_date": "2025-06-25 16:35:00"
    },
    {
        "name": "MARVIN",
        "last_name": "PEREZ",
        "email": "mesp3127@gmail.com",
        "phone": "3132311084",
        "amount": "300.00",
        "transaction_type": "loan",
        "transaction_date": "2025-07-03 08:10:00"
    },
    {
        "name": "MARVIN",
        "last_name": "PEREZ",
        "email": "mesp3127@gmail.com",
        "phone": "3132311084",
        "amount": "90.00",
        "transaction_type": "pay",
        "transaction_date": "2025-07-09 10:00:00"
    },
    {
        "name": "MARVIN",
        "last_name": "PEREZ",
        "email": "mesp3127@gmail.com",
        "phone": "3132311084",
        "amount": "400.00",
        "transaction_type": "loan",
        "transaction_date": "2025-07-15 13:30:00"
    },
    {
        "name": "MARVIN",
        "last_name": "PEREZ",
        "email": "mesp3127@gmail.com",
        "phone": "3132311084",
        "amount": "140.00",
        "transaction_type": "pay",
        "transaction_date": "2025-07-21 15:55:00"
    },
    {
        "name": "MARVIN",
        "last_name": "PEREZ",
        "email": "mesp3127@gmail.com",
        "phone": "3132311084",
        "amount": "180.00",
        "transaction_type": "loan",
        "transaction_date": "2025-07-28 18:15:00"
    }
]
INFO - 2025-07-18 23:00:37 --> Session: Class initialized using 'CodeIgniter\Session\Handlers\FileHandler' driver.
INFO - 2025-07-18 23:00:37 --> Historial de transacciones: [
    {
        "name": "MARVIN",
        "last_name": "PEREZ",
        "email": "mesp3127@gmail.com",
        "phone": "3132311084",
        "amount": "99999999.99",
        "transaction_type": "loan",
        "transaction_date": "2025-07-18 02:31:00"
    },
    {
        "name": "MARVIN",
        "last_name": "PEREZ",
        "email": "mesp3127@gmail.com",
        "phone": "3132311084",
        "amount": "100.00",
        "transaction_type": "loan",
        "transaction_date": "2025-07-01 08:30:00"
    },
    {
        "name": "MARVIN",
        "last_name": "PEREZ",
        "email": "mesp3127@gmail.com",
        "phone": "3132311084",
        "amount": "200.00",
        "transaction_type": "loan",
        "transaction_date": "2025-07-02 09:00:00"
    },
    {
        "name": "MARVIN",
        "last_name": "PEREZ",
        "email": "mesp3127@gmail.com",
        "phone": "3132311084",
        "amount": "150.00",
        "transaction_type": "loan",
        "transaction_date": "2025-07-03 10:15:00"
    },
    {
        "name": "MARVIN",
        "last_name": "PEREZ",
        "email": "mesp3127@gmail.com",
        "phone": "3132311084",
        "amount": "120.00",
        "transaction_type": "loan",
        "transaction_date": "2025-07-04 11:45:00"
    },
    {
        "name": "MARVIN",
        "last_name": "PEREZ",
        "email": "mesp3127@gmail.com",
        "phone": "3132311084",
        "amount": "180.00",
        "transaction_type": "loan",
        "transaction_date": "2025-07-05 14:00:00"
    },
    {
        "name": "MARVIN",
        "last_name": "PEREZ",
        "email": "mesp3127@gmail.com",
        "phone": "3132311084",
        "amount": "50.00",
        "transaction_type": "pay",
        "transaction_date": "2025-07-01 17:00:00"
    },
    {
        "name": "MARVIN",
        "last_name": "PEREZ",
        "email": "mesp3127@gmail.com",
        "phone": "3132311084",
        "amount": "75.00",
        "transaction_type": "pay",
        "transaction_date": "2025-07-03 13:30:00"
    },
    {
        "name": "MARVIN",
        "last_name": "PEREZ",
        "email": "mesp3127@gmail.com",
        "phone": "3132311084",
        "amount": "60.00",
        "transaction_type": "pay",
        "transaction_date": "2025-07-05 18:00:00"
    },
    {
        "name": "MARVIN",
        "last_name": "PEREZ",
        "email": "mesp3127@gmail.com",
        "phone": "3132311084",
        "amount": "40.00",
        "transaction_type": "pay",
        "transaction_date": "2025-07-07 08:00:00"
    },
    {
        "name": "MARVIN",
        "last_name": "PEREZ",
        "email": "mesp3127@gmail.com",
        "phone": "3132311084",
        "amount": "90.00",
        "transaction_type": "pay",
        "transaction_date": "2025-07-08 19:00:00"
    },
    {
        "name": "MARVIN",
        "last_name": "PEREZ",
        "email": "mesp3127@gmail.com",
        "phone": "3132311084",
        "amount": "120.00",
        "transaction_type": "loan",
        "transaction_date": "2025-04-03 09:15:00"
    },
    {
        "name": "MARVIN",
        "last_name": "PEREZ",
        "email": "mesp3127@gmail.com",
        "phone": "3132311084",
        "amount": "80.00",
        "transaction_type": "pay",
        "transaction_date": "2025-04-07 10:45:00"
    },
    {
        "name": "MARVIN",
        "last_name": "PEREZ",
        "email": "mesp3127@gmail.com",
        "phone": "3132311084",
        "amount": "90.50",
        "transaction_type": "loan",
        "transaction_date": "2025-04-12 14:30:00"
    },
    {
        "name": "MARVIN",
        "last_name": "PEREZ",
        "email": "mesp3127@gmail.com",
        "phone": "3132311084",
        "amount": "60.00",
        "transaction_type": "pay",
        "transaction_date": "2025-04-20 16:20:00"
    },
    {
        "name": "MARVIN",
        "last_name": "PEREZ",
        "email": "mesp3127@gmail.com",
        "phone": "3132311084",
        "amount": "200.00",
        "transaction_type": "loan",
        "transaction_date": "2025-04-25 18:10:00"
    },
    {
        "name": "MARVIN",
        "last_name": "PEREZ",
        "email": "mesp3127@gmail.com",
        "phone": "3132311084",
        "amount": "130.00",
        "transaction_type": "loan",
        "transaction_date": "2025-05-02 08:30:00"
    },
    {
        "name": "MARVIN",
        "last_name": "PEREZ",
        "email": "mesp3127@gmail.com",
        "phone": "3132311084",
        "amount": "70.00",
        "transaction_type": "pay",
        "transaction_date": "2025-05-08 11:40:00"
    },
    {
        "name": "MARVIN",
        "last_name": "PEREZ",
        "email": "mesp3127@gmail.com",
        "phone": "3132311084",
        "amount": "220.00",
        "transaction_type": "loan",
        "transaction_date": "2025-05-14 13:00:00"
    },
    {
        "name": "MARVIN",
        "last_name": "PEREZ",
        "email": "mesp3127@gmail.com",
        "phone": "3132311084",
        "amount": "95.00",
        "transaction_type": "pay",
        "transaction_date": "2025-05-21 15:15:00"
    },
    {
        "name": "MARVIN",
        "last_name": "PEREZ",
        "email": "mesp3127@gmail.com",
        "phone": "3132311084",
        "amount": "310.00",
        "transaction_type": "loan",
        "transaction_date": "2025-05-28 17:45:00"
    },
    {
        "name": "MARVIN",
        "last_name": "PEREZ",
        "email": "mesp3127@gmail.com",
        "phone": "3132311084",
        "amount": "150.00",
        "transaction_type": "loan",
        "transaction_date": "2025-06-01 09:05:00"
    },
    {
        "name": "MARVIN",
        "last_name": "PEREZ",
        "email": "mesp3127@gmail.com",
        "phone": "3132311084",
        "amount": "85.00",
        "transaction_type": "pay",
        "transaction_date": "2025-06-06 10:55:00"
    },
    {
        "name": "MARVIN",
        "last_name": "PEREZ",
        "email": "mesp3127@gmail.com",
        "phone": "3132311084",
        "amount": "200.00",
        "transaction_type": "loan",
        "transaction_date": "2025-06-13 12:20:00"
    },
    {
        "name": "MARVIN",
        "last_name": "PEREZ",
        "email": "mesp3127@gmail.com",
        "phone": "3132311084",
        "amount": "110.00",
        "transaction_type": "pay",
        "transaction_date": "2025-06-19 14:40:00"
    },
    {
        "name": "MARVIN",
        "last_name": "PEREZ",
        "email": "mesp3127@gmail.com",
        "phone": "3132311084",
        "amount": "170.00",
        "transaction_type": "loan",
        "transaction_date": "2025-06-25 16:35:00"
    },
    {
        "name": "MARVIN",
        "last_name": "PEREZ",
        "email": "mesp3127@gmail.com",
        "phone": "3132311084",
        "amount": "300.00",
        "transaction_type": "loan",
        "transaction_date": "2025-07-03 08:10:00"
    },
    {
        "name": "MARVIN",
        "last_name": "PEREZ",
        "email": "mesp3127@gmail.com",
        "phone": "3132311084",
        "amount": "90.00",
        "transaction_type": "pay",
        "transaction_date": "2025-07-09 10:00:00"
    },
    {
        "name": "MARVIN",
        "last_name": "PEREZ",
        "email": "mesp3127@gmail.com",
        "phone": "3132311084",
        "amount": "400.00",
        "transaction_type": "loan",
        "transaction_date": "2025-07-15 13:30:00"
    },
    {
        "name": "MARVIN",
        "last_name": "PEREZ",
        "email": "mesp3127@gmail.com",
        "phone": "3132311084",
        "amount": "140.00",
        "transaction_type": "pay",
        "transaction_date": "2025-07-21 15:55:00"
    },
    {
        "name": "MARVIN",
        "last_name": "PEREZ",
        "email": "mesp3127@gmail.com",
        "phone": "3132311084",
        "amount": "180.00",
        "transaction_type": "loan",
        "transaction_date": "2025-07-28 18:15:00"
    }
]
INFO - 2025-07-18 23:02:18 --> Session: Class initialized using 'CodeIgniter\Session\Handlers\FileHandler' driver.
INFO - 2025-07-18 23:02:18 --> Historial de transacciones: [
    {
        "name": "MARVIN",
        "last_name": "PEREZ",
        "email": "mesp3127@gmail.com",
        "phone": "3132311084",
        "amount": "99999999.99",
        "transaction_type": "loan",
        "transaction_date": "2025-07-18 02:31:00"
    },
    {
        "name": "MARVIN",
        "last_name": "PEREZ",
        "email": "mesp3127@gmail.com",
        "phone": "3132311084",
        "amount": "100.00",
        "transaction_type": "loan",
        "transaction_date": "2025-07-01 08:30:00"
    },
    {
        "name": "MARVIN",
        "last_name": "PEREZ",
        "email": "mesp3127@gmail.com",
        "phone": "3132311084",
        "amount": "200.00",
        "transaction_type": "loan",
        "transaction_date": "2025-07-02 09:00:00"
    },
    {
        "name": "MARVIN",
        "last_name": "PEREZ",
        "email": "mesp3127@gmail.com",
        "phone": "3132311084",
        "amount": "150.00",
        "transaction_type": "loan",
        "transaction_date": "2025-07-03 10:15:00"
    },
    {
        "name": "MARVIN",
        "last_name": "PEREZ",
        "email": "mesp3127@gmail.com",
        "phone": "3132311084",
        "amount": "120.00",
        "transaction_type": "loan",
        "transaction_date": "2025-07-04 11:45:00"
    },
    {
        "name": "MARVIN",
        "last_name": "PEREZ",
        "email": "mesp3127@gmail.com",
        "phone": "3132311084",
        "amount": "180.00",
        "transaction_type": "loan",
        "transaction_date": "2025-07-05 14:00:00"
    },
    {
        "name": "MARVIN",
        "last_name": "PEREZ",
        "email": "mesp3127@gmail.com",
        "phone": "3132311084",
        "amount": "50.00",
        "transaction_type": "pay",
        "transaction_date": "2025-07-01 17:00:00"
    },
    {
        "name": "MARVIN",
        "last_name": "PEREZ",
        "email": "mesp3127@gmail.com",
        "phone": "3132311084",
        "amount": "75.00",
        "transaction_type": "pay",
        "transaction_date": "2025-07-03 13:30:00"
    },
    {
        "name": "MARVIN",
        "last_name": "PEREZ",
        "email": "mesp3127@gmail.com",
        "phone": "3132311084",
        "amount": "60.00",
        "transaction_type": "pay",
        "transaction_date": "2025-07-05 18:00:00"
    },
    {
        "name": "MARVIN",
        "last_name": "PEREZ",
        "email": "mesp3127@gmail.com",
        "phone": "3132311084",
        "amount": "40.00",
        "transaction_type": "pay",
        "transaction_date": "2025-07-07 08:00:00"
    },
    {
        "name": "MARVIN",
        "last_name": "PEREZ",
        "email": "mesp3127@gmail.com",
        "phone": "3132311084",
        "amount": "90.00",
        "transaction_type": "pay",
        "transaction_date": "2025-07-08 19:00:00"
    },
    {
        "name": "MARVIN",
        "last_name": "PEREZ",
        "email": "mesp3127@gmail.com",
        "phone": "3132311084",
        "amount": "120.00",
        "transaction_type": "loan",
        "transaction_date": "2025-04-03 09:15:00"
    },
    {
        "name": "MARVIN",
        "last_name": "PEREZ",
        "email": "mesp3127@gmail.com",
        "phone": "3132311084",
        "amount": "80.00",
        "transaction_type": "pay",
        "transaction_date": "2025-04-07 10:45:00"
    },
    {
        "name": "MARVIN",
        "last_name": "PEREZ",
        "email": "mesp3127@gmail.com",
        "phone": "3132311084",
        "amount": "90.50",
        "transaction_type": "loan",
        "transaction_date": "2025-04-12 14:30:00"
    },
    {
        "name": "MARVIN",
        "last_name": "PEREZ",
        "email": "mesp3127@gmail.com",
        "phone": "3132311084",
        "amount": "60.00",
        "transaction_type": "pay",
        "transaction_date": "2025-04-20 16:20:00"
    },
    {
        "name": "MARVIN",
        "last_name": "PEREZ",
        "email": "mesp3127@gmail.com",
        "phone": "3132311084",
        "amount": "200.00",
        "transaction_type": "loan",
        "transaction_date": "2025-04-25 18:10:00"
    },
    {
        "name": "MARVIN",
        "last_name": "PEREZ",
        "email": "mesp3127@gmail.com",
        "phone": "3132311084",
        "amount": "130.00",
        "transaction_type": "loan",
        "transaction_date": "2025-05-02 08:30:00"
    },
    {
        "name": "MARVIN",
        "last_name": "PEREZ",
        "email": "mesp3127@gmail.com",
        "phone": "3132311084",
        "amount": "70.00",
        "transaction_type": "pay",
        "transaction_date": "2025-05-08 11:40:00"
    },
    {
        "name": "MARVIN",
        "last_name": "PEREZ",
        "email": "mesp3127@gmail.com",
        "phone": "3132311084",
        "amount": "220.00",
        "transaction_type": "loan",
        "transaction_date": "2025-05-14 13:00:00"
    },
    {
        "name": "MARVIN",
        "last_name": "PEREZ",
        "email": "mesp3127@gmail.com",
        "phone": "3132311084",
        "amount": "95.00",
        "transaction_type": "pay",
        "transaction_date": "2025-05-21 15:15:00"
    },
    {
        "name": "MARVIN",
        "last_name": "PEREZ",
        "email": "mesp3127@gmail.com",
        "phone": "3132311084",
        "amount": "310.00",
        "transaction_type": "loan",
        "transaction_date": "2025-05-28 17:45:00"
    },
    {
        "name": "MARVIN",
        "last_name": "PEREZ",
        "email": "mesp3127@gmail.com",
        "phone": "3132311084",
        "amount": "150.00",
        "transaction_type": "loan",
        "transaction_date": "2025-06-01 09:05:00"
    },
    {
        "name": "MARVIN",
        "last_name": "PEREZ",
        "email": "mesp3127@gmail.com",
        "phone": "3132311084",
        "amount": "85.00",
        "transaction_type": "pay",
        "transaction_date": "2025-06-06 10:55:00"
    },
    {
        "name": "MARVIN",
        "last_name": "PEREZ",
        "email": "mesp3127@gmail.com",
        "phone": "3132311084",
        "amount": "200.00",
        "transaction_type": "loan",
        "transaction_date": "2025-06-13 12:20:00"
    },
    {
        "name": "MARVIN",
        "last_name": "PEREZ",
        "email": "mesp3127@gmail.com",
        "phone": "3132311084",
        "amount": "110.00",
        "transaction_type": "pay",
        "transaction_date": "2025-06-19 14:40:00"
    },
    {
        "name": "MARVIN",
        "last_name": "PEREZ",
        "email": "mesp3127@gmail.com",
        "phone": "3132311084",
        "amount": "170.00",
        "transaction_type": "loan",
        "transaction_date": "2025-06-25 16:35:00"
    },
    {
        "name": "MARVIN",
        "last_name": "PEREZ",
        "email": "mesp3127@gmail.com",
        "phone": "3132311084",
        "amount": "300.00",
        "transaction_type": "loan",
        "transaction_date": "2025-07-03 08:10:00"
    },
    {
        "name": "MARVIN",
        "last_name": "PEREZ",
        "email": "mesp3127@gmail.com",
        "phone": "3132311084",
        "amount": "90.00",
        "transaction_type": "pay",
        "transaction_date": "2025-07-09 10:00:00"
    },
    {
        "name": "MARVIN",
        "last_name": "PEREZ",
        "email": "mesp3127@gmail.com",
        "phone": "3132311084",
        "amount": "400.00",
        "transaction_type": "loan",
        "transaction_date": "2025-07-15 13:30:00"
    },
    {
        "name": "MARVIN",
        "last_name": "PEREZ",
        "email": "mesp3127@gmail.com",
        "phone": "3132311084",
        "amount": "140.00",
        "transaction_type": "pay",
        "transaction_date": "2025-07-21 15:55:00"
    },
    {
        "name": "MARVIN",
        "last_name": "PEREZ",
        "email": "mesp3127@gmail.com",
        "phone": "3132311084",
        "amount": "180.00",
        "transaction_type": "loan",
        "transaction_date": "2025-07-28 18:15:00"
    }
]
INFO - 2025-07-18 23:02:33 --> Session: Class initialized using 'CodeIgniter\Session\Handlers\FileHandler' driver.
INFO - 2025-07-18 23:02:33 --> Historial de transacciones: [
    {
        "name": "MARVIN",
        "last_name": "PEREZ",
        "email": "mesp3127@gmail.com",
        "phone": "3132311084",
        "amount": "99999999.99",
        "transaction_type": "loan",
        "transaction_date": "2025-07-18 02:31:00"
    },
    {
        "name": "MARVIN",
        "last_name": "PEREZ",
        "email": "mesp3127@gmail.com",
        "phone": "3132311084",
        "amount": "100.00",
        "transaction_type": "loan",
        "transaction_date": "2025-07-01 08:30:00"
    },
    {
        "name": "MARVIN",
        "last_name": "PEREZ",
        "email": "mesp3127@gmail.com",
        "phone": "3132311084",
        "amount": "200.00",
        "transaction_type": "loan",
        "transaction_date": "2025-07-02 09:00:00"
    },
    {
        "name": "MARVIN",
        "last_name": "PEREZ",
        "email": "mesp3127@gmail.com",
        "phone": "3132311084",
        "amount": "150.00",
        "transaction_type": "loan",
        "transaction_date": "2025-07-03 10:15:00"
    },
    {
        "name": "MARVIN",
        "last_name": "PEREZ",
        "email": "mesp3127@gmail.com",
        "phone": "3132311084",
        "amount": "120.00",
        "transaction_type": "loan",
        "transaction_date": "2025-07-04 11:45:00"
    },
    {
        "name": "MARVIN",
        "last_name": "PEREZ",
        "email": "mesp3127@gmail.com",
        "phone": "3132311084",
        "amount": "180.00",
        "transaction_type": "loan",
        "transaction_date": "2025-07-05 14:00:00"
    },
    {
        "name": "MARVIN",
        "last_name": "PEREZ",
        "email": "mesp3127@gmail.com",
        "phone": "3132311084",
        "amount": "50.00",
        "transaction_type": "pay",
        "transaction_date": "2025-07-01 17:00:00"
    },
    {
        "name": "MARVIN",
        "last_name": "PEREZ",
        "email": "mesp3127@gmail.com",
        "phone": "3132311084",
        "amount": "75.00",
        "transaction_type": "pay",
        "transaction_date": "2025-07-03 13:30:00"
    },
    {
        "name": "MARVIN",
        "last_name": "PEREZ",
        "email": "mesp3127@gmail.com",
        "phone": "3132311084",
        "amount": "60.00",
        "transaction_type": "pay",
        "transaction_date": "2025-07-05 18:00:00"
    },
    {
        "name": "MARVIN",
        "last_name": "PEREZ",
        "email": "mesp3127@gmail.com",
        "phone": "3132311084",
        "amount": "40.00",
        "transaction_type": "pay",
        "transaction_date": "2025-07-07 08:00:00"
    },
    {
        "name": "MARVIN",
        "last_name": "PEREZ",
        "email": "mesp3127@gmail.com",
        "phone": "3132311084",
        "amount": "90.00",
        "transaction_type": "pay",
        "transaction_date": "2025-07-08 19:00:00"
    },
    {
        "name": "MARVIN",
        "last_name": "PEREZ",
        "email": "mesp3127@gmail.com",
        "phone": "3132311084",
        "amount": "120.00",
        "transaction_type": "loan",
        "transaction_date": "2025-04-03 09:15:00"
    },
    {
        "name": "MARVIN",
        "last_name": "PEREZ",
        "email": "mesp3127@gmail.com",
        "phone": "3132311084",
        "amount": "80.00",
        "transaction_type": "pay",
        "transaction_date": "2025-04-07 10:45:00"
    },
    {
        "name": "MARVIN",
        "last_name": "PEREZ",
        "email": "mesp3127@gmail.com",
        "phone": "3132311084",
        "amount": "90.50",
        "transaction_type": "loan",
        "transaction_date": "2025-04-12 14:30:00"
    },
    {
        "name": "MARVIN",
        "last_name": "PEREZ",
        "email": "mesp3127@gmail.com",
        "phone": "3132311084",
        "amount": "60.00",
        "transaction_type": "pay",
        "transaction_date": "2025-04-20 16:20:00"
    },
    {
        "name": "MARVIN",
        "last_name": "PEREZ",
        "email": "mesp3127@gmail.com",
        "phone": "3132311084",
        "amount": "200.00",
        "transaction_type": "loan",
        "transaction_date": "2025-04-25 18:10:00"
    },
    {
        "name": "MARVIN",
        "last_name": "PEREZ",
        "email": "mesp3127@gmail.com",
        "phone": "3132311084",
        "amount": "130.00",
        "transaction_type": "loan",
        "transaction_date": "2025-05-02 08:30:00"
    },
    {
        "name": "MARVIN",
        "last_name": "PEREZ",
        "email": "mesp3127@gmail.com",
        "phone": "3132311084",
        "amount": "70.00",
        "transaction_type": "pay",
        "transaction_date": "2025-05-08 11:40:00"
    },
    {
        "name": "MARVIN",
        "last_name": "PEREZ",
        "email": "mesp3127@gmail.com",
        "phone": "3132311084",
        "amount": "220.00",
        "transaction_type": "loan",
        "transaction_date": "2025-05-14 13:00:00"
    },
    {
        "name": "MARVIN",
        "last_name": "PEREZ",
        "email": "mesp3127@gmail.com",
        "phone": "3132311084",
        "amount": "95.00",
        "transaction_type": "pay",
        "transaction_date": "2025-05-21 15:15:00"
    },
    {
        "name": "MARVIN",
        "last_name": "PEREZ",
        "email": "mesp3127@gmail.com",
        "phone": "3132311084",
        "amount": "310.00",
        "transaction_type": "loan",
        "transaction_date": "2025-05-28 17:45:00"
    },
    {
        "name": "MARVIN",
        "last_name": "PEREZ",
        "email": "mesp3127@gmail.com",
        "phone": "3132311084",
        "amount": "150.00",
        "transaction_type": "loan",
        "transaction_date": "2025-06-01 09:05:00"
    },
    {
        "name": "MARVIN",
        "last_name": "PEREZ",
        "email": "mesp3127@gmail.com",
        "phone": "3132311084",
        "amount": "85.00",
        "transaction_type": "pay",
        "transaction_date": "2025-06-06 10:55:00"
    },
    {
        "name": "MARVIN",
        "last_name": "PEREZ",
        "email": "mesp3127@gmail.com",
        "phone": "3132311084",
        "amount": "200.00",
        "transaction_type": "loan",
        "transaction_date": "2025-06-13 12:20:00"
    },
    {
        "name": "MARVIN",
        "last_name": "PEREZ",
        "email": "mesp3127@gmail.com",
        "phone": "3132311084",
        "amount": "110.00",
        "transaction_type": "pay",
        "transaction_date": "2025-06-19 14:40:00"
    },
    {
        "name": "MARVIN",
        "last_name": "PEREZ",
        "email": "mesp3127@gmail.com",
        "phone": "3132311084",
        "amount": "170.00",
        "transaction_type": "loan",
        "transaction_date": "2025-06-25 16:35:00"
    },
    {
        "name": "MARVIN",
        "last_name": "PEREZ",
        "email": "mesp3127@gmail.com",
        "phone": "3132311084",
        "amount": "300.00",
        "transaction_type": "loan",
        "transaction_date": "2025-07-03 08:10:00"
    },
    {
        "name": "MARVIN",
        "last_name": "PEREZ",
        "email": "mesp3127@gmail.com",
        "phone": "3132311084",
        "amount": "90.00",
        "transaction_type": "pay",
        "transaction_date": "2025-07-09 10:00:00"
    },
    {
        "name": "MARVIN",
        "last_name": "PEREZ",
        "email": "mesp3127@gmail.com",
        "phone": "3132311084",
        "amount": "400.00",
        "transaction_type": "loan",
        "transaction_date": "2025-07-15 13:30:00"
    },
    {
        "name": "MARVIN",
        "last_name": "PEREZ",
        "email": "mesp3127@gmail.com",
        "phone": "3132311084",
        "amount": "140.00",
        "transaction_type": "pay",
        "transaction_date": "2025-07-21 15:55:00"
    },
    {
        "name": "MARVIN",
        "last_name": "PEREZ",
        "email": "mesp3127@gmail.com",
        "phone": "3132311084",
        "amount": "180.00",
        "transaction_type": "loan",
        "transaction_date": "2025-07-28 18:15:00"
    }
]
INFO - 2025-07-18 23:04:34 --> Session: Class initialized using 'CodeIgniter\Session\Handlers\FileHandler' driver.
INFO - 2025-07-18 23:04:34 --> Historial de transacciones: [
    {
        "name": "MARVIN",
        "last_name": "PEREZ",
        "email": "mesp3127@gmail.com",
        "phone": "3132311084",
        "amount": "99999999.99",
        "transaction_type": "loan",
        "transaction_date": "2025-07-18 02:31:00"
    },
    {
        "name": "MARVIN",
        "last_name": "PEREZ",
        "email": "mesp3127@gmail.com",
        "phone": "3132311084",
        "amount": "100.00",
        "transaction_type": "loan",
        "transaction_date": "2025-07-01 08:30:00"
    },
    {
        "name": "MARVIN",
        "last_name": "PEREZ",
        "email": "mesp3127@gmail.com",
        "phone": "3132311084",
        "amount": "200.00",
        "transaction_type": "loan",
        "transaction_date": "2025-07-02 09:00:00"
    },
    {
        "name": "MARVIN",
        "last_name": "PEREZ",
        "email": "mesp3127@gmail.com",
        "phone": "3132311084",
        "amount": "150.00",
        "transaction_type": "loan",
        "transaction_date": "2025-07-03 10:15:00"
    },
    {
        "name": "MARVIN",
        "last_name": "PEREZ",
        "email": "mesp3127@gmail.com",
        "phone": "3132311084",
        "amount": "120.00",
        "transaction_type": "loan",
        "transaction_date": "2025-07-04 11:45:00"
    },
    {
        "name": "MARVIN",
        "last_name": "PEREZ",
        "email": "mesp3127@gmail.com",
        "phone": "3132311084",
        "amount": "180.00",
        "transaction_type": "loan",
        "transaction_date": "2025-07-05 14:00:00"
    },
    {
        "name": "MARVIN",
        "last_name": "PEREZ",
        "email": "mesp3127@gmail.com",
        "phone": "3132311084",
        "amount": "50.00",
        "transaction_type": "pay",
        "transaction_date": "2025-07-01 17:00:00"
    },
    {
        "name": "MARVIN",
        "last_name": "PEREZ",
        "email": "mesp3127@gmail.com",
        "phone": "3132311084",
        "amount": "75.00",
        "transaction_type": "pay",
        "transaction_date": "2025-07-03 13:30:00"
    },
    {
        "name": "MARVIN",
        "last_name": "PEREZ",
        "email": "mesp3127@gmail.com",
        "phone": "3132311084",
        "amount": "60.00",
        "transaction_type": "pay",
        "transaction_date": "2025-07-05 18:00:00"
    },
    {
        "name": "MARVIN",
        "last_name": "PEREZ",
        "email": "mesp3127@gmail.com",
        "phone": "3132311084",
        "amount": "40.00",
        "transaction_type": "pay",
        "transaction_date": "2025-07-07 08:00:00"
    },
    {
        "name": "MARVIN",
        "last_name": "PEREZ",
        "email": "mesp3127@gmail.com",
        "phone": "3132311084",
        "amount": "90.00",
        "transaction_type": "pay",
        "transaction_date": "2025-07-08 19:00:00"
    },
    {
        "name": "MARVIN",
        "last_name": "PEREZ",
        "email": "mesp3127@gmail.com",
        "phone": "3132311084",
        "amount": "120.00",
        "transaction_type": "loan",
        "transaction_date": "2025-04-03 09:15:00"
    },
    {
        "name": "MARVIN",
        "last_name": "PEREZ",
        "email": "mesp3127@gmail.com",
        "phone": "3132311084",
        "amount": "80.00",
        "transaction_type": "pay",
        "transaction_date": "2025-04-07 10:45:00"
    },
    {
        "name": "MARVIN",
        "last_name": "PEREZ",
        "email": "mesp3127@gmail.com",
        "phone": "3132311084",
        "amount": "90.50",
        "transaction_type": "loan",
        "transaction_date": "2025-04-12 14:30:00"
    },
    {
        "name": "MARVIN",
        "last_name": "PEREZ",
        "email": "mesp3127@gmail.com",
        "phone": "3132311084",
        "amount": "60.00",
        "transaction_type": "pay",
        "transaction_date": "2025-04-20 16:20:00"
    },
    {
        "name": "MARVIN",
        "last_name": "PEREZ",
        "email": "mesp3127@gmail.com",
        "phone": "3132311084",
        "amount": "200.00",
        "transaction_type": "loan",
        "transaction_date": "2025-04-25 18:10:00"
    },
    {
        "name": "MARVIN",
        "last_name": "PEREZ",
        "email": "mesp3127@gmail.com",
        "phone": "3132311084",
        "amount": "130.00",
        "transaction_type": "loan",
        "transaction_date": "2025-05-02 08:30:00"
    },
    {
        "name": "MARVIN",
        "last_name": "PEREZ",
        "email": "mesp3127@gmail.com",
        "phone": "3132311084",
        "amount": "70.00",
        "transaction_type": "pay",
        "transaction_date": "2025-05-08 11:40:00"
    },
    {
        "name": "MARVIN",
        "last_name": "PEREZ",
        "email": "mesp3127@gmail.com",
        "phone": "3132311084",
        "amount": "220.00",
        "transaction_type": "loan",
        "transaction_date": "2025-05-14 13:00:00"
    },
    {
        "name": "MARVIN",
        "last_name": "PEREZ",
        "email": "mesp3127@gmail.com",
        "phone": "3132311084",
        "amount": "95.00",
        "transaction_type": "pay",
        "transaction_date": "2025-05-21 15:15:00"
    },
    {
        "name": "MARVIN",
        "last_name": "PEREZ",
        "email": "mesp3127@gmail.com",
        "phone": "3132311084",
        "amount": "310.00",
        "transaction_type": "loan",
        "transaction_date": "2025-05-28 17:45:00"
    },
    {
        "name": "MARVIN",
        "last_name": "PEREZ",
        "email": "mesp3127@gmail.com",
        "phone": "3132311084",
        "amount": "150.00",
        "transaction_type": "loan",
        "transaction_date": "2025-06-01 09:05:00"
    },
    {
        "name": "MARVIN",
        "last_name": "PEREZ",
        "email": "mesp3127@gmail.com",
        "phone": "3132311084",
        "amount": "85.00",
        "transaction_type": "pay",
        "transaction_date": "2025-06-06 10:55:00"
    },
    {
        "name": "MARVIN",
        "last_name": "PEREZ",
        "email": "mesp3127@gmail.com",
        "phone": "3132311084",
        "amount": "200.00",
        "transaction_type": "loan",
        "transaction_date": "2025-06-13 12:20:00"
    },
    {
        "name": "MARVIN",
        "last_name": "PEREZ",
        "email": "mesp3127@gmail.com",
        "phone": "3132311084",
        "amount": "110.00",
        "transaction_type": "pay",
        "transaction_date": "2025-06-19 14:40:00"
    },
    {
        "name": "MARVIN",
        "last_name": "PEREZ",
        "email": "mesp3127@gmail.com",
        "phone": "3132311084",
        "amount": "170.00",
        "transaction_type": "loan",
        "transaction_date": "2025-06-25 16:35:00"
    },
    {
        "name": "MARVIN",
        "last_name": "PEREZ",
        "email": "mesp3127@gmail.com",
        "phone": "3132311084",
        "amount": "300.00",
        "transaction_type": "loan",
        "transaction_date": "2025-07-03 08:10:00"
    },
    {
        "name": "MARVIN",
        "last_name": "PEREZ",
        "email": "mesp3127@gmail.com",
        "phone": "3132311084",
        "amount": "90.00",
        "transaction_type": "pay",
        "transaction_date": "2025-07-09 10:00:00"
    },
    {
        "name": "MARVIN",
        "last_name": "PEREZ",
        "email": "mesp3127@gmail.com",
        "phone": "3132311084",
        "amount": "400.00",
        "transaction_type": "loan",
        "transaction_date": "2025-07-15 13:30:00"
    },
    {
        "name": "MARVIN",
        "last_name": "PEREZ",
        "email": "mesp3127@gmail.com",
        "phone": "3132311084",
        "amount": "140.00",
        "transaction_type": "pay",
        "transaction_date": "2025-07-21 15:55:00"
    },
    {
        "name": "MARVIN",
        "last_name": "PEREZ",
        "email": "mesp3127@gmail.com",
        "phone": "3132311084",
        "amount": "180.00",
        "transaction_type": "loan",
        "transaction_date": "2025-07-28 18:15:00"
    }
]
INFO - 2025-07-18 23:08:52 --> Session: Class initialized using 'CodeIgniter\Session\Handlers\FileHandler' driver.
INFO - 2025-07-18 23:08:52 --> Historial de transacciones: [
    {
        "name": "MARVIN",
        "last_name": "PEREZ",
        "email": "mesp3127@gmail.com",
        "phone": "3132311084",
        "amount": "99999999.99",
        "transaction_type": "loan",
        "transaction_date": "2025-07-18 02:31:00"
    },
    {
        "name": "MARVIN",
        "last_name": "PEREZ",
        "email": "mesp3127@gmail.com",
        "phone": "3132311084",
        "amount": "100.00",
        "transaction_type": "loan",
        "transaction_date": "2025-07-01 08:30:00"
    },
    {
        "name": "MARVIN",
        "last_name": "PEREZ",
        "email": "mesp3127@gmail.com",
        "phone": "3132311084",
        "amount": "200.00",
        "transaction_type": "loan",
        "transaction_date": "2025-07-02 09:00:00"
    },
    {
        "name": "MARVIN",
        "last_name": "PEREZ",
        "email": "mesp3127@gmail.com",
        "phone": "3132311084",
        "amount": "150.00",
        "transaction_type": "loan",
        "transaction_date": "2025-07-03 10:15:00"
    },
    {
        "name": "MARVIN",
        "last_name": "PEREZ",
        "email": "mesp3127@gmail.com",
        "phone": "3132311084",
        "amount": "120.00",
        "transaction_type": "loan",
        "transaction_date": "2025-07-04 11:45:00"
    },
    {
        "name": "MARVIN",
        "last_name": "PEREZ",
        "email": "mesp3127@gmail.com",
        "phone": "3132311084",
        "amount": "180.00",
        "transaction_type": "loan",
        "transaction_date": "2025-07-05 14:00:00"
    },
    {
        "name": "MARVIN",
        "last_name": "PEREZ",
        "email": "mesp3127@gmail.com",
        "phone": "3132311084",
        "amount": "50.00",
        "transaction_type": "pay",
        "transaction_date": "2025-07-01 17:00:00"
    },
    {
        "name": "MARVIN",
        "last_name": "PEREZ",
        "email": "mesp3127@gmail.com",
        "phone": "3132311084",
        "amount": "75.00",
        "transaction_type": "pay",
        "transaction_date": "2025-07-03 13:30:00"
    },
    {
        "name": "MARVIN",
        "last_name": "PEREZ",
        "email": "mesp3127@gmail.com",
        "phone": "3132311084",
        "amount": "60.00",
        "transaction_type": "pay",
        "transaction_date": "2025-07-05 18:00:00"
    },
    {
        "name": "MARVIN",
        "last_name": "PEREZ",
        "email": "mesp3127@gmail.com",
        "phone": "3132311084",
        "amount": "40.00",
        "transaction_type": "pay",
        "transaction_date": "2025-07-07 08:00:00"
    },
    {
        "name": "MARVIN",
        "last_name": "PEREZ",
        "email": "mesp3127@gmail.com",
        "phone": "3132311084",
        "amount": "90.00",
        "transaction_type": "pay",
        "transaction_date": "2025-07-08 19:00:00"
    },
    {
        "name": "MARVIN",
        "last_name": "PEREZ",
        "email": "mesp3127@gmail.com",
        "phone": "3132311084",
        "amount": "120.00",
        "transaction_type": "loan",
        "transaction_date": "2025-04-03 09:15:00"
    },
    {
        "name": "MARVIN",
        "last_name": "PEREZ",
        "email": "mesp3127@gmail.com",
        "phone": "3132311084",
        "amount": "80.00",
        "transaction_type": "pay",
        "transaction_date": "2025-04-07 10:45:00"
    },
    {
        "name": "MARVIN",
        "last_name": "PEREZ",
        "email": "mesp3127@gmail.com",
        "phone": "3132311084",
        "amount": "90.50",
        "transaction_type": "loan",
        "transaction_date": "2025-04-12 14:30:00"
    },
    {
        "name": "MARVIN",
        "last_name": "PEREZ",
        "email": "mesp3127@gmail.com",
        "phone": "3132311084",
        "amount": "60.00",
        "transaction_type": "pay",
        "transaction_date": "2025-04-20 16:20:00"
    },
    {
        "name": "MARVIN",
        "last_name": "PEREZ",
        "email": "mesp3127@gmail.com",
        "phone": "3132311084",
        "amount": "200.00",
        "transaction_type": "loan",
        "transaction_date": "2025-04-25 18:10:00"
    },
    {
        "name": "MARVIN",
        "last_name": "PEREZ",
        "email": "mesp3127@gmail.com",
        "phone": "3132311084",
        "amount": "130.00",
        "transaction_type": "loan",
        "transaction_date": "2025-05-02 08:30:00"
    },
    {
        "name": "MARVIN",
        "last_name": "PEREZ",
        "email": "mesp3127@gmail.com",
        "phone": "3132311084",
        "amount": "70.00",
        "transaction_type": "pay",
        "transaction_date": "2025-05-08 11:40:00"
    },
    {
        "name": "MARVIN",
        "last_name": "PEREZ",
        "email": "mesp3127@gmail.com",
        "phone": "3132311084",
        "amount": "220.00",
        "transaction_type": "loan",
        "transaction_date": "2025-05-14 13:00:00"
    },
    {
        "name": "MARVIN",
        "last_name": "PEREZ",
        "email": "mesp3127@gmail.com",
        "phone": "3132311084",
        "amount": "95.00",
        "transaction_type": "pay",
        "transaction_date": "2025-05-21 15:15:00"
    },
    {
        "name": "MARVIN",
        "last_name": "PEREZ",
        "email": "mesp3127@gmail.com",
        "phone": "3132311084",
        "amount": "310.00",
        "transaction_type": "loan",
        "transaction_date": "2025-05-28 17:45:00"
    },
    {
        "name": "MARVIN",
        "last_name": "PEREZ",
        "email": "mesp3127@gmail.com",
        "phone": "3132311084",
        "amount": "150.00",
        "transaction_type": "loan",
        "transaction_date": "2025-06-01 09:05:00"
    },
    {
        "name": "MARVIN",
        "last_name": "PEREZ",
        "email": "mesp3127@gmail.com",
        "phone": "3132311084",
        "amount": "85.00",
        "transaction_type": "pay",
        "transaction_date": "2025-06-06 10:55:00"
    },
    {
        "name": "MARVIN",
        "last_name": "PEREZ",
        "email": "mesp3127@gmail.com",
        "phone": "3132311084",
        "amount": "200.00",
        "transaction_type": "loan",
        "transaction_date": "2025-06-13 12:20:00"
    },
    {
        "name": "MARVIN",
        "last_name": "PEREZ",
        "email": "mesp3127@gmail.com",
        "phone": "3132311084",
        "amount": "110.00",
        "transaction_type": "pay",
        "transaction_date": "2025-06-19 14:40:00"
    },
    {
        "name": "MARVIN",
        "last_name": "PEREZ",
        "email": "mesp3127@gmail.com",
        "phone": "3132311084",
        "amount": "170.00",
        "transaction_type": "loan",
        "transaction_date": "2025-06-25 16:35:00"
    },
    {
        "name": "MARVIN",
        "last_name": "PEREZ",
        "email": "mesp3127@gmail.com",
        "phone": "3132311084",
        "amount": "300.00",
        "transaction_type": "loan",
        "transaction_date": "2025-07-03 08:10:00"
    },
    {
        "name": "MARVIN",
        "last_name": "PEREZ",
        "email": "mesp3127@gmail.com",
        "phone": "3132311084",
        "amount": "90.00",
        "transaction_type": "pay",
        "transaction_date": "2025-07-09 10:00:00"
    },
    {
        "name": "MARVIN",
        "last_name": "PEREZ",
        "email": "mesp3127@gmail.com",
        "phone": "3132311084",
        "amount": "400.00",
        "transaction_type": "loan",
        "transaction_date": "2025-07-15 13:30:00"
    },
    {
        "name": "MARVIN",
        "last_name": "PEREZ",
        "email": "mesp3127@gmail.com",
        "phone": "3132311084",
        "amount": "140.00",
        "transaction_type": "pay",
        "transaction_date": "2025-07-21 15:55:00"
    },
    {
        "name": "MARVIN",
        "last_name": "PEREZ",
        "email": "mesp3127@gmail.com",
        "phone": "3132311084",
        "amount": "180.00",
        "transaction_type": "loan",
        "transaction_date": "2025-07-28 18:15:00"
    }
]
INFO - 2025-07-18 23:14:15 --> Session: Class initialized using 'CodeIgniter\Session\Handlers\FileHandler' driver.
INFO - 2025-07-18 23:14:15 --> Historial de transacciones: [
    {
        "name": "MARVIN",
        "last_name": "PEREZ",
        "email": "mesp3127@gmail.com",
        "phone": "3132311084",
        "amount": "99999999.99",
        "transaction_type": "loan",
        "transaction_date": "2025-07-18 02:31:00"
    },
    {
        "name": "MARVIN",
        "last_name": "PEREZ",
        "email": "mesp3127@gmail.com",
        "phone": "3132311084",
        "amount": "100.00",
        "transaction_type": "loan",
        "transaction_date": "2025-07-01 08:30:00"
    },
    {
        "name": "MARVIN",
        "last_name": "PEREZ",
        "email": "mesp3127@gmail.com",
        "phone": "3132311084",
        "amount": "200.00",
        "transaction_type": "loan",
        "transaction_date": "2025-07-02 09:00:00"
    },
    {
        "name": "MARVIN",
        "last_name": "PEREZ",
        "email": "mesp3127@gmail.com",
        "phone": "3132311084",
        "amount": "150.00",
        "transaction_type": "loan",
        "transaction_date": "2025-07-03 10:15:00"
    },
    {
        "name": "MARVIN",
        "last_name": "PEREZ",
        "email": "mesp3127@gmail.com",
        "phone": "3132311084",
        "amount": "120.00",
        "transaction_type": "loan",
        "transaction_date": "2025-07-04 11:45:00"
    },
    {
        "name": "MARVIN",
        "last_name": "PEREZ",
        "email": "mesp3127@gmail.com",
        "phone": "3132311084",
        "amount": "180.00",
        "transaction_type": "loan",
        "transaction_date": "2025-07-05 14:00:00"
    },
    {
        "name": "MARVIN",
        "last_name": "PEREZ",
        "email": "mesp3127@gmail.com",
        "phone": "3132311084",
        "amount": "50.00",
        "transaction_type": "pay",
        "transaction_date": "2025-07-01 17:00:00"
    },
    {
        "name": "MARVIN",
        "last_name": "PEREZ",
        "email": "mesp3127@gmail.com",
        "phone": "3132311084",
        "amount": "75.00",
        "transaction_type": "pay",
        "transaction_date": "2025-07-03 13:30:00"
    },
    {
        "name": "MARVIN",
        "last_name": "PEREZ",
        "email": "mesp3127@gmail.com",
        "phone": "3132311084",
        "amount": "60.00",
        "transaction_type": "pay",
        "transaction_date": "2025-07-05 18:00:00"
    },
    {
        "name": "MARVIN",
        "last_name": "PEREZ",
        "email": "mesp3127@gmail.com",
        "phone": "3132311084",
        "amount": "40.00",
        "transaction_type": "pay",
        "transaction_date": "2025-07-07 08:00:00"
    },
    {
        "name": "MARVIN",
        "last_name": "PEREZ",
        "email": "mesp3127@gmail.com",
        "phone": "3132311084",
        "amount": "90.00",
        "transaction_type": "pay",
        "transaction_date": "2025-07-08 19:00:00"
    },
    {
        "name": "MARVIN",
        "last_name": "PEREZ",
        "email": "mesp3127@gmail.com",
        "phone": "3132311084",
        "amount": "120.00",
        "transaction_type": "loan",
        "transaction_date": "2025-04-03 09:15:00"
    },
    {
        "name": "MARVIN",
        "last_name": "PEREZ",
        "email": "mesp3127@gmail.com",
        "phone": "3132311084",
        "amount": "80.00",
        "transaction_type": "pay",
        "transaction_date": "2025-04-07 10:45:00"
    },
    {
        "name": "MARVIN",
        "last_name": "PEREZ",
        "email": "mesp3127@gmail.com",
        "phone": "3132311084",
        "amount": "90.50",
        "transaction_type": "loan",
        "transaction_date": "2025-04-12 14:30:00"
    },
    {
        "name": "MARVIN",
        "last_name": "PEREZ",
        "email": "mesp3127@gmail.com",
        "phone": "3132311084",
        "amount": "60.00",
        "transaction_type": "pay",
        "transaction_date": "2025-04-20 16:20:00"
    },
    {
        "name": "MARVIN",
        "last_name": "PEREZ",
        "email": "mesp3127@gmail.com",
        "phone": "3132311084",
        "amount": "200.00",
        "transaction_type": "loan",
        "transaction_date": "2025-04-25 18:10:00"
    },
    {
        "name": "MARVIN",
        "last_name": "PEREZ",
        "email": "mesp3127@gmail.com",
        "phone": "3132311084",
        "amount": "130.00",
        "transaction_type": "loan",
        "transaction_date": "2025-05-02 08:30:00"
    },
    {
        "name": "MARVIN",
        "last_name": "PEREZ",
        "email": "mesp3127@gmail.com",
        "phone": "3132311084",
        "amount": "70.00",
        "transaction_type": "pay",
        "transaction_date": "2025-05-08 11:40:00"
    },
    {
        "name": "MARVIN",
        "last_name": "PEREZ",
        "email": "mesp3127@gmail.com",
        "phone": "3132311084",
        "amount": "220.00",
        "transaction_type": "loan",
        "transaction_date": "2025-05-14 13:00:00"
    },
    {
        "name": "MARVIN",
        "last_name": "PEREZ",
        "email": "mesp3127@gmail.com",
        "phone": "3132311084",
        "amount": "95.00",
        "transaction_type": "pay",
        "transaction_date": "2025-05-21 15:15:00"
    },
    {
        "name": "MARVIN",
        "last_name": "PEREZ",
        "email": "mesp3127@gmail.com",
        "phone": "3132311084",
        "amount": "310.00",
        "transaction_type": "loan",
        "transaction_date": "2025-05-28 17:45:00"
    },
    {
        "name": "MARVIN",
        "last_name": "PEREZ",
        "email": "mesp3127@gmail.com",
        "phone": "3132311084",
        "amount": "150.00",
        "transaction_type": "loan",
        "transaction_date": "2025-06-01 09:05:00"
    },
    {
        "name": "MARVIN",
        "last_name": "PEREZ",
        "email": "mesp3127@gmail.com",
        "phone": "3132311084",
        "amount": "85.00",
        "transaction_type": "pay",
        "transaction_date": "2025-06-06 10:55:00"
    },
    {
        "name": "MARVIN",
        "last_name": "PEREZ",
        "email": "mesp3127@gmail.com",
        "phone": "3132311084",
        "amount": "200.00",
        "transaction_type": "loan",
        "transaction_date": "2025-06-13 12:20:00"
    },
    {
        "name": "MARVIN",
        "last_name": "PEREZ",
        "email": "mesp3127@gmail.com",
        "phone": "3132311084",
        "amount": "110.00",
        "transaction_type": "pay",
        "transaction_date": "2025-06-19 14:40:00"
    },
    {
        "name": "MARVIN",
        "last_name": "PEREZ",
        "email": "mesp3127@gmail.com",
        "phone": "3132311084",
        "amount": "170.00",
        "transaction_type": "loan",
        "transaction_date": "2025-06-25 16:35:00"
    },
    {
        "name": "MARVIN",
        "last_name": "PEREZ",
        "email": "mesp3127@gmail.com",
        "phone": "3132311084",
        "amount": "300.00",
        "transaction_type": "loan",
        "transaction_date": "2025-07-03 08:10:00"
    },
    {
        "name": "MARVIN",
        "last_name": "PEREZ",
        "email": "mesp3127@gmail.com",
        "phone": "3132311084",
        "amount": "90.00",
        "transaction_type": "pay",
        "transaction_date": "2025-07-09 10:00:00"
    },
    {
        "name": "MARVIN",
        "last_name": "PEREZ",
        "email": "mesp3127@gmail.com",
        "phone": "3132311084",
        "amount": "400.00",
        "transaction_type": "loan",
        "transaction_date": "2025-07-15 13:30:00"
    },
    {
        "name": "MARVIN",
        "last_name": "PEREZ",
        "email": "mesp3127@gmail.com",
        "phone": "3132311084",
        "amount": "140.00",
        "transaction_type": "pay",
        "transaction_date": "2025-07-21 15:55:00"
    },
    {
        "name": "MARVIN",
        "last_name": "PEREZ",
        "email": "mesp3127@gmail.com",
        "phone": "3132311084",
        "amount": "180.00",
        "transaction_type": "loan",
        "transaction_date": "2025-07-28 18:15:00"
    }
]
INFO - 2025-07-18 23:16:00 --> Session: Class initialized using 'CodeIgniter\Session\Handlers\FileHandler' driver.
INFO - 2025-07-18 23:16:00 --> Historial de transacciones: [
    {
        "name": "MARVIN",
        "last_name": "PEREZ",
        "email": "mesp3127@gmail.com",
        "phone": "3132311084",
        "amount": "99999999.99",
        "transaction_type": "loan",
        "transaction_date": "2025-07-18 02:31:00"
    },
    {
        "name": "MARVIN",
        "last_name": "PEREZ",
        "email": "mesp3127@gmail.com",
        "phone": "3132311084",
        "amount": "100.00",
        "transaction_type": "loan",
        "transaction_date": "2025-07-01 08:30:00"
    },
    {
        "name": "MARVIN",
        "last_name": "PEREZ",
        "email": "mesp3127@gmail.com",
        "phone": "3132311084",
        "amount": "200.00",
        "transaction_type": "loan",
        "transaction_date": "2025-07-02 09:00:00"
    },
    {
        "name": "MARVIN",
        "last_name": "PEREZ",
        "email": "mesp3127@gmail.com",
        "phone": "3132311084",
        "amount": "150.00",
        "transaction_type": "loan",
        "transaction_date": "2025-07-03 10:15:00"
    },
    {
        "name": "MARVIN",
        "last_name": "PEREZ",
        "email": "mesp3127@gmail.com",
        "phone": "3132311084",
        "amount": "120.00",
        "transaction_type": "loan",
        "transaction_date": "2025-07-04 11:45:00"
    },
    {
        "name": "MARVIN",
        "last_name": "PEREZ",
        "email": "mesp3127@gmail.com",
        "phone": "3132311084",
        "amount": "180.00",
        "transaction_type": "loan",
        "transaction_date": "2025-07-05 14:00:00"
    },
    {
        "name": "MARVIN",
        "last_name": "PEREZ",
        "email": "mesp3127@gmail.com",
        "phone": "3132311084",
        "amount": "50.00",
        "transaction_type": "pay",
        "transaction_date": "2025-07-01 17:00:00"
    },
    {
        "name": "MARVIN",
        "last_name": "PEREZ",
        "email": "mesp3127@gmail.com",
        "phone": "3132311084",
        "amount": "75.00",
        "transaction_type": "pay",
        "transaction_date": "2025-07-03 13:30:00"
    },
    {
        "name": "MARVIN",
        "last_name": "PEREZ",
        "email": "mesp3127@gmail.com",
        "phone": "3132311084",
        "amount": "60.00",
        "transaction_type": "pay",
        "transaction_date": "2025-07-05 18:00:00"
    },
    {
        "name": "MARVIN",
        "last_name": "PEREZ",
        "email": "mesp3127@gmail.com",
        "phone": "3132311084",
        "amount": "40.00",
        "transaction_type": "pay",
        "transaction_date": "2025-07-07 08:00:00"
    },
    {
        "name": "MARVIN",
        "last_name": "PEREZ",
        "email": "mesp3127@gmail.com",
        "phone": "3132311084",
        "amount": "90.00",
        "transaction_type": "pay",
        "transaction_date": "2025-07-08 19:00:00"
    },
    {
        "name": "MARVIN",
        "last_name": "PEREZ",
        "email": "mesp3127@gmail.com",
        "phone": "3132311084",
        "amount": "120.00",
        "transaction_type": "loan",
        "transaction_date": "2025-04-03 09:15:00"
    },
    {
        "name": "MARVIN",
        "last_name": "PEREZ",
        "email": "mesp3127@gmail.com",
        "phone": "3132311084",
        "amount": "80.00",
        "transaction_type": "pay",
        "transaction_date": "2025-04-07 10:45:00"
    },
    {
        "name": "MARVIN",
        "last_name": "PEREZ",
        "email": "mesp3127@gmail.com",
        "phone": "3132311084",
        "amount": "90.50",
        "transaction_type": "loan",
        "transaction_date": "2025-04-12 14:30:00"
    },
    {
        "name": "MARVIN",
        "last_name": "PEREZ",
        "email": "mesp3127@gmail.com",
        "phone": "3132311084",
        "amount": "60.00",
        "transaction_type": "pay",
        "transaction_date": "2025-04-20 16:20:00"
    },
    {
        "name": "MARVIN",
        "last_name": "PEREZ",
        "email": "mesp3127@gmail.com",
        "phone": "3132311084",
        "amount": "200.00",
        "transaction_type": "loan",
        "transaction_date": "2025-04-25 18:10:00"
    },
    {
        "name": "MARVIN",
        "last_name": "PEREZ",
        "email": "mesp3127@gmail.com",
        "phone": "3132311084",
        "amount": "130.00",
        "transaction_type": "loan",
        "transaction_date": "2025-05-02 08:30:00"
    },
    {
        "name": "MARVIN",
        "last_name": "PEREZ",
        "email": "mesp3127@gmail.com",
        "phone": "3132311084",
        "amount": "70.00",
        "transaction_type": "pay",
        "transaction_date": "2025-05-08 11:40:00"
    },
    {
        "name": "MARVIN",
        "last_name": "PEREZ",
        "email": "mesp3127@gmail.com",
        "phone": "3132311084",
        "amount": "220.00",
        "transaction_type": "loan",
        "transaction_date": "2025-05-14 13:00:00"
    },
    {
        "name": "MARVIN",
        "last_name": "PEREZ",
        "email": "mesp3127@gmail.com",
        "phone": "3132311084",
        "amount": "95.00",
        "transaction_type": "pay",
        "transaction_date": "2025-05-21 15:15:00"
    },
    {
        "name": "MARVIN",
        "last_name": "PEREZ",
        "email": "mesp3127@gmail.com",
        "phone": "3132311084",
        "amount": "310.00",
        "transaction_type": "loan",
        "transaction_date": "2025-05-28 17:45:00"
    },
    {
        "name": "MARVIN",
        "last_name": "PEREZ",
        "email": "mesp3127@gmail.com",
        "phone": "3132311084",
        "amount": "150.00",
        "transaction_type": "loan",
        "transaction_date": "2025-06-01 09:05:00"
    },
    {
        "name": "MARVIN",
        "last_name": "PEREZ",
        "email": "mesp3127@gmail.com",
        "phone": "3132311084",
        "amount": "85.00",
        "transaction_type": "pay",
        "transaction_date": "2025-06-06 10:55:00"
    },
    {
        "name": "MARVIN",
        "last_name": "PEREZ",
        "email": "mesp3127@gmail.com",
        "phone": "3132311084",
        "amount": "200.00",
        "transaction_type": "loan",
        "transaction_date": "2025-06-13 12:20:00"
    },
    {
        "name": "MARVIN",
        "last_name": "PEREZ",
        "email": "mesp3127@gmail.com",
        "phone": "3132311084",
        "amount": "110.00",
        "transaction_type": "pay",
        "transaction_date": "2025-06-19 14:40:00"
    },
    {
        "name": "MARVIN",
        "last_name": "PEREZ",
        "email": "mesp3127@gmail.com",
        "phone": "3132311084",
        "amount": "170.00",
        "transaction_type": "loan",
        "transaction_date": "2025-06-25 16:35:00"
    },
    {
        "name": "MARVIN",
        "last_name": "PEREZ",
        "email": "mesp3127@gmail.com",
        "phone": "3132311084",
        "amount": "300.00",
        "transaction_type": "loan",
        "transaction_date": "2025-07-03 08:10:00"
    },
    {
        "name": "MARVIN",
        "last_name": "PEREZ",
        "email": "mesp3127@gmail.com",
        "phone": "3132311084",
        "amount": "90.00",
        "transaction_type": "pay",
        "transaction_date": "2025-07-09 10:00:00"
    },
    {
        "name": "MARVIN",
        "last_name": "PEREZ",
        "email": "mesp3127@gmail.com",
        "phone": "3132311084",
        "amount": "400.00",
        "transaction_type": "loan",
        "transaction_date": "2025-07-15 13:30:00"
    },
    {
        "name": "MARVIN",
        "last_name": "PEREZ",
        "email": "mesp3127@gmail.com",
        "phone": "3132311084",
        "amount": "140.00",
        "transaction_type": "pay",
        "transaction_date": "2025-07-21 15:55:00"
    },
    {
        "name": "MARVIN",
        "last_name": "PEREZ",
        "email": "mesp3127@gmail.com",
        "phone": "3132311084",
        "amount": "180.00",
        "transaction_type": "loan",
        "transaction_date": "2025-07-28 18:15:00"
    }
]
INFO - 2025-07-18 23:49:25 --> Session: Class initialized using 'CodeIgniter\Session\Handlers\FileHandler' driver.
INFO - 2025-07-18 23:49:25 --> Datos recogidos de LA BASE DE DATOS: {"users":[{"agreement":"","number":"0","letter":"","date_from":"0000-00-00","date_to":"0000-00-00","policy":"","approved_by":"","approved_date":"0000-00-00","id_user":"2","name":"ANA","last_name":"L\u00d3PEZ","identification":"987654321","email":"marvin.santos@soy.sena.edu.co","phone":"3132311084","address":"KDX 286-300 AV CIRCUNVALAR\r\nBARRIO FUNDADORES","trust":"ADF","email_del_trust":"marvin.santos@soy.sena.edu.co","telephone_del_trust":"3132311084","profile_image":null,"bank":"","swift":"","aba":"","iban":"","account":"","password_hash":"$2y$10$xdHFXhYoOaUbqjip72qvj.3489G7unuXyD7gHL\/XTwcUsDTFyMj6G","date_registration":"2025-07-10 23:24:08","login_attempts":"1","last_login_attempt":"2025-07-18 02:30:06","status":"inactive","role_id":"2","balance":"99999999.99","principal":"5000.00","rate":"3.00","compoundingPeriods":"2","time":"6","role_name":"CLIENT"},{"agreement":"","number":"0","letter":"","date_from":"0000-00-00","date_to":"0000-00-00","policy":"","approved_by":"","approved_date":"0000-00-00","id_user":"3","name":"MARVIN","last_name":"PEREZ","identification":"2354235423","email":"mesp3127@gmail.com","phone":"3132311084","address":"KDX 286-300 AV CIRCUNVALAR","trust":"QWERFQWEF","email_del_trust":"marvin.santos@soy.sena.edu.co","telephone_del_trust":"3132311084","profile_image":null,"bank":"","swift":"","aba":"","iban":"","account":"","password_hash":"$2y$10$LVh1zSVRcwj2shvNgZm8uO0J\/K.YCQ\/JJ5SxiZ8G6uZHctDUadoNC","date_registration":"2025-07-18 02:31:00","login_attempts":"0","last_login_attempt":"2025-07-18 08:14:43","status":"active","role_id":"2","balance":"99999999.99","principal":"4000.00","rate":"3.50","compoundingPeriods":"2","time":"6","role_name":"CLIENT"}],"roles":[{"role_name":"ADMIN","role_description":"ADMINISTRADOR CON ACCESO COMPLETO","created_at":"2025-07-10 23:24:08","id_role":"1"},{"role_name":"CLIENT","role_description":"USUARIO CON PERMISOS DE EDICI\u00d3N","created_at":"2025-07-10 23:24:08","id_role":"2"}]}
INFO - 2025-07-18 23:49:29 --> Session: Class initialized using 'CodeIgniter\Session\Handlers\FileHandler' driver.
INFO - 2025-07-18 23:49:29 --> Acceso a la vista de cambio de contraseña.
INFO - 2025-07-18 23:49:31 --> Session: Class initialized using 'CodeIgniter\Session\Handlers\FileHandler' driver.
INFO - 2025-07-18 23:49:34 --> Session: Class initialized using 'CodeIgniter\Session\Handlers\FileHandler' driver.
INFO - 2025-07-18 23:49:39 --> Session: Class initialized using 'CodeIgniter\Session\Handlers\FileHandler' driver.
INFO - 2025-07-18 23:49:39 --> Session: Class initialized using 'CodeIgniter\Session\Handlers\FileHandler' driver.
