INFO - 2025-08-05 09:31:22 --> Session: Class initialized using 'CodeIgniter\Session\Handlers\FileHandler' driver.
CRITICAL - 2025-08-05 09:31:22 --> ErrorException: Undefined array key "nombre"
[Method: GET, Route: admin/matricula]
in APPPATH\Views\system\matricula\matricula.php on line 15.
 1 APPPATH\Views\system\matricula\matricula.php(15): CodeIgniter\Debug\Exceptions->errorHandler(2, 'Undefined array key "nombre"', 'C:\\laragon\\www\\SIARES\\app\\Views\\system\\matricula\\matricula.php', 15)
 2 SYSTEMPATH\View\View.php(234): include('C:\\laragon\\www\\SIARES\\app\\Views\\system\\matricula\\matricula.php')
 3 SYSTEMPATH\View\View.php(237): CodeIgniter\View\View->CodeIgniter\View\{closure}()
 4 SYSTEMPATH\Common.php(1171): CodeIgniter\View\View->render('system/matricula/matricula', [], true)
 5 APPPATH\Controllers\MatriculaController.php(25): view('system/matricula/matricula', [...])
 6 SYSTEMPATH\CodeIgniter.php(933): App\Controllers\MatriculaController->index()
 7 SYSTEMPATH\CodeIgniter.php(509): CodeIgniter\CodeIgniter->runController(Object(App\Controllers\MatriculaController))
 8 SYSTEMPATH\CodeIgniter.php(355): CodeIgniter\CodeIgniter->handleRequest(null, Object(Config\Cache), false)
 9 SYSTEMPATH\Boot.php(325): CodeIgniter\CodeIgniter->run()
10 SYSTEMPATH\Boot.php(67): CodeIgniter\Boot::runCodeIgniter(Object(CodeIgniter\CodeIgniter))
11 FCPATH\index.php(56): CodeIgniter\Boot::bootWeb(Object(Config\Paths))
INFO - 2025-08-05 09:31:52 --> Session: Class initialized using 'CodeIgniter\Session\Handlers\FileHandler' driver.
INFO - 2025-08-05 09:33:52 --> Session: Class initialized using 'CodeIgniter\Session\Handlers\FileHandler' driver.
INFO - 2025-08-05 09:34:28 --> Session: Class initialized using 'CodeIgniter\Session\Handlers\FileHandler' driver.
INFO - 2025-08-05 09:35:51 --> Session: Class initialized using 'CodeIgniter\Session\Handlers\FileHandler' driver.
INFO - 2025-08-05 09:37:00 --> Session: Class initialized using 'CodeIgniter\Session\Handlers\FileHandler' driver.
INFO - 2025-08-05 09:38:01 --> Session: Class initialized using 'CodeIgniter\Session\Handlers\FileHandler' driver.
INFO - 2025-08-05 09:38:06 --> Session: Class initialized using 'CodeIgniter\Session\Handlers\FileHandler' driver.
INFO - 2025-08-05 09:39:14 --> Session: Class initialized using 'CodeIgniter\Session\Handlers\FileHandler' driver.
INFO - 2025-08-05 09:39:14 --> Session: Class initialized using 'CodeIgniter\Session\Handlers\FileHandler' driver.
INFO - 2025-08-05 09:39:14 --> Usuario autenticado con role_id: 
INFO - 2025-08-05 10:02:27 --> Session: Class initialized using 'CodeIgniter\Session\Handlers\FileHandler' driver.
INFO - 2025-08-05 10:02:27 --> Session: Class initialized using 'CodeIgniter\Session\Handlers\FileHandler' driver.
INFO - 2025-08-05 10:02:27 --> Usuario autenticado con role_id: 
INFO - 2025-08-05 10:02:33 --> El método authenticate fue llamado
INFO - 2025-08-05 10:02:33 --> Session: Class initialized using 'CodeIgniter\Session\Handlers\FileHandler' driver.
INFO - 2025-08-05 10:02:34 --> Session: Class initialized using 'CodeIgniter\Session\Handlers\FileHandler' driver.
INFO - 2025-08-05 10:02:34 --> Usuario autenticado con role_id: 
INFO - 2025-08-05 10:04:12 --> El método authenticate fue llamado
INFO - 2025-08-05 10:04:12 --> Session: Class initialized using 'CodeIgniter\Session\Handlers\FileHandler' driver.
INFO - 2025-08-05 10:04:12 --> Session: Class initialized using 'CodeIgniter\Session\Handlers\FileHandler' driver.
INFO - 2025-08-05 10:04:12 --> Usuario autenticado con role_id: 
INFO - 2025-08-05 10:04:15 --> Session: Class initialized using 'CodeIgniter\Session\Handlers\FileHandler' driver.
INFO - 2025-08-05 10:04:15 --> Usuario autenticado con role_id: 
INFO - 2025-08-05 10:04:17 --> Session: Class initialized using 'CodeIgniter\Session\Handlers\FileHandler' driver.
INFO - 2025-08-05 10:04:17 --> Usuario autenticado con role_id: 
INFO - 2025-08-05 10:04:20 --> El método authenticate fue llamado
INFO - 2025-08-05 10:04:20 --> Session: Class initialized using 'CodeIgniter\Session\Handlers\FileHandler' driver.
INFO - 2025-08-05 10:04:21 --> Session: Class initialized using 'CodeIgniter\Session\Handlers\FileHandler' driver.
INFO - 2025-08-05 10:04:21 --> Usuario autenticado con role_id: 
INFO - 2025-08-05 10:04:45 --> El método authenticate fue llamado
INFO - 2025-08-05 10:04:45 --> Session: Class initialized using 'CodeIgniter\Session\Handlers\FileHandler' driver.
INFO - 2025-08-05 10:04:45 --> Session: Class initialized using 'CodeIgniter\Session\Handlers\FileHandler' driver.
INFO - 2025-08-05 10:04:45 --> Usuario autenticado con role_id: 
INFO - 2025-08-05 10:04:59 --> El método authenticate fue llamado
INFO - 2025-08-05 10:04:59 --> Session: Class initialized using 'CodeIgniter\Session\Handlers\FileHandler' driver.
INFO - 2025-08-05 10:04:59 --> Usuario autenticado: Admin Principal
INFO - 2025-08-05 10:04:59 --> Session: Class initialized using 'CodeIgniter\Session\Handlers\FileHandler' driver.
INFO - 2025-08-05 10:05:36 --> Session: Class initialized using 'CodeIgniter\Session\Handlers\FileHandler' driver.
CRITICAL - 2025-08-05 10:05:36 --> ErrorException: Undefined variable $grados
[Method: GET, Route: admin/matricula]
in APPPATH\Views\system\matricula\matricula.php on line 44.
 1 APPPATH\Views\system\matricula\matricula.php(44): CodeIgniter\Debug\Exceptions->errorHandler(2, 'Undefined variable $grados', 'C:\\laragon\\www\\SIARES\\app\\Views\\system\\matricula\\matricula.php', 44)
 2 SYSTEMPATH\View\View.php(234): include('C:\\laragon\\www\\SIARES\\app\\Views\\system\\matricula\\matricula.php')
 3 SYSTEMPATH\View\View.php(237): CodeIgniter\View\View->CodeIgniter\View\{closure}()
 4 SYSTEMPATH\Common.php(1171): CodeIgniter\View\View->render('system/matricula/matricula', [], true)
 5 APPPATH\Controllers\MatriculaController.php(25): view('system/matricula/matricula', [...])
 6 SYSTEMPATH\CodeIgniter.php(933): App\Controllers\MatriculaController->index()
 7 SYSTEMPATH\CodeIgniter.php(509): CodeIgniter\CodeIgniter->runController(Object(App\Controllers\MatriculaController))
 8 SYSTEMPATH\CodeIgniter.php(355): CodeIgniter\CodeIgniter->handleRequest(null, Object(Config\Cache), false)
 9 SYSTEMPATH\Boot.php(325): CodeIgniter\CodeIgniter->run()
10 SYSTEMPATH\Boot.php(67): CodeIgniter\Boot::runCodeIgniter(Object(CodeIgniter\CodeIgniter))
11 FCPATH\index.php(56): CodeIgniter\Boot::bootWeb(Object(Config\Paths))
INFO - 2025-08-05 10:05:54 --> Session: Class initialized using 'CodeIgniter\Session\Handlers\FileHandler' driver.
INFO - 2025-08-05 10:07:46 --> Session: Class initialized using 'CodeIgniter\Session\Handlers\FileHandler' driver.
CRITICAL - 2025-08-05 10:07:46 --> ErrorException: Undefined variable $grados
[Method: GET, Route: admin/matricula]
in APPPATH\Views\system\matricula\matricula.php on line 44.
 1 APPPATH\Views\system\matricula\matricula.php(44): CodeIgniter\Debug\Exceptions->errorHandler(2, 'Undefined variable $grados', 'C:\\laragon\\www\\SIARES\\app\\Views\\system\\matricula\\matricula.php', 44)
 2 SYSTEMPATH\View\View.php(234): include('C:\\laragon\\www\\SIARES\\app\\Views\\system\\matricula\\matricula.php')
 3 SYSTEMPATH\View\View.php(237): CodeIgniter\View\View->CodeIgniter\View\{closure}()
 4 SYSTEMPATH\Common.php(1171): CodeIgniter\View\View->render('system/matricula/matricula', [], true)
 5 APPPATH\Controllers\MatriculaController.php(25): view('system/matricula/matricula', [...])
 6 SYSTEMPATH\CodeIgniter.php(933): App\Controllers\MatriculaController->index()
 7 SYSTEMPATH\CodeIgniter.php(509): CodeIgniter\CodeIgniter->runController(Object(App\Controllers\MatriculaController))
 8 SYSTEMPATH\CodeIgniter.php(355): CodeIgniter\CodeIgniter->handleRequest(null, Object(Config\Cache), false)
 9 SYSTEMPATH\Boot.php(325): CodeIgniter\CodeIgniter->run()
10 SYSTEMPATH\Boot.php(67): CodeIgniter\Boot::runCodeIgniter(Object(CodeIgniter\CodeIgniter))
11 FCPATH\index.php(56): CodeIgniter\Boot::bootWeb(Object(Config\Paths))
INFO - 2025-08-05 10:08:00 --> Session: Class initialized using 'CodeIgniter\Session\Handlers\FileHandler' driver.
